{"message":"Initializing Server...","level":"info"}
{"message":"Loading... App Controllers","level":"info"}
{"message":"Loading... App Middlewares","level":"info"}
{"message":"Loading... App Models","level":"info"}
{"message":"Loading... App Services","level":"info"}
{"message":"Loading... Game Server.","level":"info"}
{"message":"Loading... Router","level":"info"}
{"message":"Initializing Variables","level":"info"}
{"message":"Loading... DB Connection","level":"info"}
{"message":"Mongoose default connection disconnected","level":"info"}
{"message":"Mongoose default connection error: MongoNetworkError: failed to connect to server [127.0.0.1:27017] on first connect [Error: connect ECONNREFUSED 127.0.0.1:27017\n    at TCPConnectWrap.afterConnect [as oncomplete] (net.js:1146:16) {\n  name: 'MongoNetworkError',\n  errorLabels: [Array],\n  [Symbol(mongoErrorContextSymbol)]: {}\n}]","level":"info"}
{"message":"Mongoose default connection disconnected through app termination","level":"info"}
{"message":"Initializing Server...","level":"info"}
{"message":"Loading... App Controllers","level":"info"}
{"message":"Loading... App Middlewares","level":"info"}
{"message":"Loading... App Models","level":"info"}
{"message":"Loading... App Services","level":"info"}
{"message":"Loading... Game Server.","level":"info"}
{"message":"Loading... Router","level":"info"}
{"message":"Initializing Variables","level":"info"}
{"message":"Loading... DB Connection","level":"info"}
{"message":"Mongoose default connection open to mongodb://127.0.0.1:27017/ushanti","level":"info"}
{"message":"Loading... Setting","level":"info"}
{"message":"Loading... Socket","level":"info"}
