{"message":"Initializing Server...","level":"info"}
{"message":"Loading... App Controllers","level":"info"}
{"message":"Loading... App Middlewares","level":"info"}
{"message":"Loading... App Models","level":"info"}
{"message":"Loading... App Services","level":"info"}
{"message":"Loading... Game Server.","level":"info"}
{"message":"Loading... Router","level":"info"}
{"message":"Initializing Variables","level":"info"}
{"message":"Loading... DB Connection","level":"info"}
{"message":"Mongoose default connection open to mongodb://127.0.0.1:27017/maangPatta","level":"info"}
{"message":"Loading... Setting","level":"info"}
{"message":"Loading... Socket","level":"info"}
{"message":"Initializing Server...","level":"info"}
{"message":"Loading... App Controllers","level":"info"}
{"message":"Loading... App Middlewares","level":"info"}
{"message":"Loading... App Models","level":"info"}
{"message":"Loading... App Services","level":"info"}
{"message":"Loading... Game Server.","level":"info"}
{"message":"Loading... Router","level":"info"}
{"message":"Initializing Variables","level":"info"}
{"message":"Loading... DB Connection","level":"info"}
{"message":"Mongoose default connection open to mongodb://127.0.0.1:27017/maangPatta","level":"info"}
{"message":"Loading... Setting","level":"info"}
{"message":"Loading... Socket","level":"info"}
{"message":"Initializing Server...","level":"info"}
{"message":"Loading... App Controllers","level":"info"}
{"message":"Loading... App Middlewares","level":"info"}
{"message":"Loading... App Models","level":"info"}
{"message":"Loading... App Services","level":"info"}
{"message":"Loading... Game Server.","level":"info"}
{"message":"Loading... Router","level":"info"}
{"message":"Initializing Variables","level":"info"}
{"message":"Loading... DB Connection","level":"info"}
{"message":"Mongoose default connection open to mongodb://127.0.0.1:27017/maangPatta","level":"info"}
{"message":"Loading... Setting","level":"info"}
{"message":"Loading... Socket","level":"info"}
{"message":"Initializing Server...","level":"info"}
{"message":"Loading... App Controllers","level":"info"}
{"message":"Loading... App Middlewares","level":"info"}
{"message":"Loading... App Models","level":"info"}
{"message":"Loading... App Services","level":"info"}
{"message":"Loading... Game Server.","level":"info"}
{"message":"Loading... Router","level":"info"}
{"message":"Initializing Variables","level":"info"}
{"message":"Loading... DB Connection","level":"info"}
{"message":"Mongoose default connection open to mongodb://127.0.0.1:27017/maangPatta","level":"info"}
{"message":"Loading... Setting","level":"info"}
{"message":"Loading... Socket","level":"info"}
{"message":"Initializing Server...","level":"info"}
{"message":"Loading... App Controllers","level":"info"}
{"message":"Loading... App Middlewares","level":"info"}
{"message":"Loading... App Models","level":"info"}
{"message":"Loading... App Services","level":"info"}
{"message":"Loading... Game Server.","level":"info"}
{"message":"Loading... Router","level":"info"}
{"message":"Initializing Variables","level":"info"}
{"message":"Loading... DB Connection","level":"info"}
{"message":"Mongoose default connection open to mongodb://127.0.0.1:27017/maangPatta","level":"info"}
{"message":"Loading... Setting","level":"info"}
{"message":"Loading... Socket","level":"info"}
{"message":"Initializing Server...","level":"info"}
{"message":"Loading... App Controllers","level":"info"}
{"message":"Loading... App Middlewares","level":"info"}
{"message":"Loading... App Models","level":"info"}
{"message":"Loading... App Services","level":"info"}
{"message":"Loading... Game Server.","level":"info"}
{"message":"Loading... Router","level":"info"}
{"message":"Initializing Variables","level":"info"}
{"message":"Loading... DB Connection","level":"info"}
{"message":"Mongoose default connection open to mongodb://127.0.0.1:27017/maangPatta","level":"info"}
{"message":"Loading... Setting","level":"info"}
{"message":"Loading... Socket","level":"info"}
{"message":"Initializing Server...","level":"info"}
{"message":"Loading... App Controllers","level":"info"}
{"message":"Loading... App Middlewares","level":"info"}
{"message":"Loading... App Models","level":"info"}
{"message":"Loading... App Services","level":"info"}
{"message":"Loading... Game Server.","level":"info"}
{"message":"Loading... Router","level":"info"}
{"message":"Initializing Variables","level":"info"}
{"message":"Loading... DB Connection","level":"info"}
{"message":"Mongoose default connection open to mongodb://127.0.0.1:27017/maangPatta","level":"info"}
{"message":"Loading... Setting","level":"info"}
{"message":"Loading... Socket","level":"info"}
{"message":"Some One Connected :3NIOA2X1I5pfe-_EAAAA","level":"info"}
{"message":"Some One Connected :bHX0c_997hFKMTYiAAAB","level":"info"}
{"message":"Some One Connected :mwqQH86qI3QijJi0AAAC","level":"info"}
{"message":"Some One Connected :ERwSAqrt47bpC1FgAAAD","level":"info"}
{"message":"Some One Connected :Gz4h-gcHrGAT-nMVAAAE","level":"info"}
{"message":"Some One Connected :hJYsQz7h0mGXrPeXAAAF","level":"info"}
{"message":"Some One Connected :lGT0OSEtemRkpe4gAAAG","level":"info"}
{"message":"Some One Connected :qAE2uQEzzNbvm8wSAAAH","level":"info"}
{"message":"Some One Connected :tWcu-Vg8_Z07BIz-AAAI","level":"info"}
{"message":"Initializing Server...","level":"info"}
{"message":"Loading... App Controllers","level":"info"}
{"message":"Loading... App Middlewares","level":"info"}
{"message":"Loading... App Models","level":"info"}
{"message":"Loading... App Services","level":"info"}
{"message":"Loading... Game Server.","level":"info"}
{"message":"Loading... Router","level":"info"}
{"message":"Initializing Variables","level":"info"}
{"message":"Loading... DB Connection","level":"info"}
{"message":"Mongoose default connection open to mongodb://127.0.0.1:27017/maangPatta","level":"info"}
{"message":"Loading... Setting","level":"info"}
{"message":"Loading... Socket","level":"info"}
{"message":"Some One Connected :uO1osz_DrejoAkYBAAAA","level":"info"}
{"message":"Initializing Server...","level":"info"}
{"message":"Loading... App Controllers","level":"info"}
{"message":"Loading... App Middlewares","level":"info"}
{"message":"Loading... App Models","level":"info"}
{"message":"Loading... App Services","level":"info"}
{"message":"Loading... Game Server.","level":"info"}
{"message":"Loading... Router","level":"info"}
{"message":"Initializing Variables","level":"info"}
{"message":"Loading... DB Connection","level":"info"}
{"message":"Mongoose default connection open to mongodb://127.0.0.1:27017/maangPatta","level":"info"}
{"message":"Loading... Setting","level":"info"}
{"message":"Loading... Socket","level":"info"}
{"message":"Some One Connected :Tks6IDUFZQG8I1jcAAAA","level":"info"}
{"message":"Initializing Server...","level":"info"}
{"message":"Loading... App Controllers","level":"info"}
{"message":"Loading... App Middlewares","level":"info"}
{"message":"Loading... App Models","level":"info"}
{"message":"Loading... App Services","level":"info"}
{"message":"Loading... Game Server.","level":"info"}
{"message":"Loading... Router","level":"info"}
{"message":"Initializing Variables","level":"info"}
{"message":"Loading... DB Connection","level":"info"}
{"message":"Mongoose default connection open to mongodb://127.0.0.1:27017/maangPatta","level":"info"}
{"message":"Loading... Setting","level":"info"}
{"message":"Loading... Socket","level":"info"}
{"message":"Some One Connected :_4jdbTuZ11BgwRBmAAAA","level":"info"}
{"message":"Some One Connected :rM2UwCC2yAt6CKMcAAAB","level":"info"}
{"message":"Some One Connected :Q1DRIuoTRjx4wsbwAAAC","level":"info"}
{"message":"Some One Connected :MB7Cmyx2j_2mFbROAAAD","level":"info"}
{"message":"Some One Connected :CwVZ6Tq9ar-9a1jmAAAE","level":"info"}
{"message":"Some One Connected :Sjo22arSDeiQcEp5AAAF","level":"info"}
{"message":"Some One Connected :8zIHAwy2Uf09uByeAAAG","level":"info"}
{"message":"Some One Connected :MPtfbKftth8ox45CAAAH","level":"info"}
{"message":"Some One Connected :OcKIy75vVCijmEaMAAAI","level":"info"}
{"message":"Some One Connected :4fUr8I6mqDy4oFlDAAAJ","level":"info"}
{"message":"Some One Connected :HMu335a_sBeeU1mSAAAK","level":"info"}
{"message":"Some One Connected :0Y_V9Ujj4v7DsB25AAAL","level":"info"}
{"message":"Some One Connected :QDnKFK947jkeOvxzAAAM","level":"info"}
{"message":"Some One Connected :dsUwRbH-x4KBTYhbAAAN","level":"info"}
{"message":"Some One Connected :hNvcZaQ7WgnFFe0MAAAO","level":"info"}
{"message":"Some One Connected :Iy25mIXZAirjItb4AAAP","level":"info"}
{"message":"Some One Connected :6lzl5nZTugAlxqb9AAAQ","level":"info"}
{"message":"Some One Connected :YNJSITpxFo1vFg2fAAAR","level":"info"}
{"message":"Some One Connected :bo-9kKzmifRs3IYGAAAS","level":"info"}
{"message":"Some One Connected :lhy3mrS6t0R5R568AAAT","level":"info"}
{"message":"Some One Connected :1V9TWX4Zl_Sz4BDmAAAU","level":"info"}
{"message":"Some One Connected :dz05C8A_-rxPIkieAAAV","level":"info"}
{"message":"Some One Connected :NA_y7iciT7R9CQI_AAAW","level":"info"}
{"message":"Some One Connected :a_owEM1ANNmmcWbtAAAX","level":"info"}
{"message":"Some One Connected :vl74-UDZZ1QwclnNAAAY","level":"info"}
{"message":"Initializing Server...","level":"info"}
{"message":"Loading... App Controllers","level":"info"}
{"message":"Loading... App Middlewares","level":"info"}
{"message":"Loading... App Models","level":"info"}
{"message":"Loading... App Services","level":"info"}
{"message":"Loading... Game Server.","level":"info"}
{"message":"Loading... Router","level":"info"}
{"message":"Initializing Variables","level":"info"}
{"message":"Loading... DB Connection","level":"info"}
{"message":"Mongoose default connection open to mongodb://127.0.0.1:27017/maangPatta","level":"info"}
{"message":"Loading... Setting","level":"info"}
{"message":"Loading... Socket","level":"info"}
{"message":"Some One Connected :9WeMkTcNJ1AtcRFFAAAA","level":"info"}
{"message":"Some One Connected :M8vG1q9wb5nyqPFYAAAB","level":"info"}
{"message":"Initializing Server...","level":"info"}
{"message":"Loading... App Controllers","level":"info"}
{"message":"Loading... App Middlewares","level":"info"}
{"message":"Loading... App Models","level":"info"}
{"message":"Loading... App Services","level":"info"}
{"message":"Loading... Game Server.","level":"info"}
{"message":"Loading... Router","level":"info"}
{"message":"Initializing Variables","level":"info"}
{"message":"Loading... DB Connection","level":"info"}
{"message":"Mongoose default connection open to mongodb://127.0.0.1:27017/maangPatta","level":"info"}
{"message":"Loading... Setting","level":"info"}
{"message":"Loading... Socket","level":"info"}
{"message":"Some One Connected :cxFubmr6Ct2b6e1FAAAA","level":"info"}
{"message":"Some One Connected :khAtJGQmkvh4MiN6AAAB","level":"info"}
{"message":"Initializing Server...","level":"info"}
{"message":"Loading... App Controllers","level":"info"}
{"message":"Loading... App Middlewares","level":"info"}
{"message":"Loading... App Models","level":"info"}
{"message":"Loading... App Services","level":"info"}
{"message":"Loading... Game Server.","level":"info"}
{"message":"Loading... Router","level":"info"}
{"message":"Initializing Variables","level":"info"}
{"message":"Loading... DB Connection","level":"info"}
{"message":"Mongoose default connection open to mongodb://127.0.0.1:27017/maangPatta","level":"info"}
{"message":"Loading... Setting","level":"info"}
{"message":"Loading... Socket","level":"info"}
{"message":"Some One Connected :bq8_LrXlQ8WaUXXZAAAA","level":"info"}
{"message":"Some One Connected :_jFjJ-fc8iCbD3VXAAAB","level":"info"}
{"message":"Some One Connected :i3s4JzxqO1kIVX3XAAAC","level":"info"}
{"message":"Some One Connected :ffSyuqMw-zaIQWaLAAAD","level":"info"}
{"message":"Some One Connected :Gwf1h5l4GaWHP2zlAAAE","level":"info"}
{"message":"Some One Connected :7m9yDYWfXf9OW0LBAAAF","level":"info"}
{"message":"Initializing Server...","level":"info"}
{"message":"Loading... App Controllers","level":"info"}
{"message":"Loading... App Middlewares","level":"info"}
{"message":"Loading... App Models","level":"info"}
{"message":"Loading... App Services","level":"info"}
{"message":"Loading... Game Server.","level":"info"}
{"message":"Loading... Router","level":"info"}
{"message":"Initializing Variables","level":"info"}
{"message":"Loading... DB Connection","level":"info"}
{"message":"Mongoose default connection open to mongodb://127.0.0.1:27017/maangPatta","level":"info"}
{"message":"Loading... Setting","level":"info"}
{"message":"Loading... Socket","level":"info"}
{"message":"Some One Connected :rfz20xGk_FreBjVjAAAA","level":"info"}
{"message":"Some One Connected :inQb7H4wYKPaRnn4AAAB","level":"info"}
{"message":"Initializing Server...","level":"info"}
{"message":"Loading... App Controllers","level":"info"}
{"message":"Loading... App Middlewares","level":"info"}
{"message":"Loading... App Models","level":"info"}
{"message":"Loading... App Services","level":"info"}
{"message":"Loading... Game Server.","level":"info"}
{"message":"Loading... Router","level":"info"}
{"message":"Initializing Variables","level":"info"}
{"message":"Loading... DB Connection","level":"info"}
{"message":"Mongoose default connection open to mongodb://127.0.0.1:27017/maangPatta","level":"info"}
{"message":"Loading... Setting","level":"info"}
{"message":"Loading... Socket","level":"info"}
{"message":"Some One Connected :wbEJkQZX508tNZ0HAAAA","level":"info"}
{"message":"Some One Connected :c22Mpjf7cnnLpIu8AAAB","level":"info"}
{"message":"Some One Connected :2APKEfhZESAUpxTcAAAC","level":"info"}
{"message":"Some One Connected :UQ6lo2wiuEEtKenJAAAD","level":"info"}
{"message":"Some One Connected :4Y3Veeao-3iYxajcAAAE","level":"info"}
{"message":"Some One Connected :N2VBBGPniBVk_w9RAAAF","level":"info"}
{"message":"Initializing Server...","level":"info"}
{"message":"Loading... App Controllers","level":"info"}
{"message":"Loading... App Middlewares","level":"info"}
{"message":"Loading... App Models","level":"info"}
{"message":"Loading... App Services","level":"info"}
{"message":"Loading... Game Server.","level":"info"}
{"message":"Loading... Router","level":"info"}
{"message":"Initializing Variables","level":"info"}
{"message":"Loading... DB Connection","level":"info"}
{"message":"Mongoose default connection open to mongodb://127.0.0.1:27017/maangPatta","level":"info"}
{"message":"Loading... Setting","level":"info"}
{"message":"Loading... Socket","level":"info"}
{"message":"Some One Connected :qF_dNLgiY-u24AEyAAAA","level":"info"}
{"message":"Some One Connected :yWJCdkX6QjixBcfHAAAB","level":"info"}
{"message":"Some One Connected :GTKKhWuZn6HFeI5AAAAC","level":"info"}
{"message":"Initializing Server...","level":"info"}
{"message":"Loading... App Controllers","level":"info"}
{"message":"Loading... App Middlewares","level":"info"}
{"message":"Loading... App Models","level":"info"}
{"message":"Loading... App Services","level":"info"}
{"message":"Loading... Game Server.","level":"info"}
{"message":"Loading... Router","level":"info"}
{"message":"Initializing Variables","level":"info"}
{"message":"Loading... DB Connection","level":"info"}
{"message":"Mongoose default connection open to mongodb://127.0.0.1:27017/maangPatta","level":"info"}
{"message":"Loading... Setting","level":"info"}
{"message":"Loading... Socket","level":"info"}
{"message":"Some One Connected :abESA1KeodLRjjvuAAAA","level":"info"}
{"message":"Some One Connected :aaG3rh0hJNyb-2ilAAAB","level":"info"}
{"message":"Initializing Server...","level":"info"}
{"message":"Loading... App Controllers","level":"info"}
{"message":"Loading... App Middlewares","level":"info"}
{"message":"Loading... App Models","level":"info"}
{"message":"Loading... App Services","level":"info"}
{"message":"Loading... Game Server.","level":"info"}
{"message":"Loading... Router","level":"info"}
{"message":"Initializing Variables","level":"info"}
{"message":"Loading... DB Connection","level":"info"}
{"message":"Mongoose default connection open to mongodb://127.0.0.1:27017/maangPatta","level":"info"}
{"message":"Loading... Setting","level":"info"}
{"message":"Loading... Socket","level":"info"}
{"message":"Some One Connected :iCCIziyAKzCb1WYDAAAA","level":"info"}
{"message":"Some One Connected :diIBr5Ni_dFEQtGQAAAB","level":"info"}
{"message":"Initializing Server...","level":"info"}
{"message":"Loading... App Controllers","level":"info"}
{"message":"Loading... App Middlewares","level":"info"}
{"message":"Loading... App Models","level":"info"}
{"message":"Loading... App Services","level":"info"}
{"message":"Loading... Game Server.","level":"info"}
{"message":"Loading... Router","level":"info"}
{"message":"Initializing Variables","level":"info"}
{"message":"Loading... DB Connection","level":"info"}
{"message":"Mongoose default connection open to mongodb://127.0.0.1:27017/maangPatta","level":"info"}
{"message":"Loading... Setting","level":"info"}
{"message":"Loading... Socket","level":"info"}
{"message":"Some One Connected :Nugj88M-2JsGoxwaAAAA","level":"info"}
{"message":"Some One Connected :zONmDqJslfHarJQqAAAB","level":"info"}
{"message":"Some One Connected :AvxHC-mv7BFUkYl9AAAC","level":"info"}
{"message":"Some One Connected :H6hTMzbtlveO03XTAAAD","level":"info"}
{"message":"Some One Connected :ee3pUPYg50lKNtIeAAAE","level":"info"}
{"message":"Some One Connected :dFyP5bD-ZeFpudk8AAAF","level":"info"}
{"message":"Some One Connected :sqM8kamkq94psPNdAAAG","level":"info"}
{"message":"Some One Connected :vNKhqMUNJnXtLLIBAAAH","level":"info"}
{"message":"Initializing Server...","level":"info"}
{"message":"Loading... App Controllers","level":"info"}
{"message":"Loading... App Middlewares","level":"info"}
{"message":"Loading... App Models","level":"info"}
{"message":"Loading... App Services","level":"info"}
{"message":"Loading... Game Server.","level":"info"}
{"message":"Loading... Router","level":"info"}
{"message":"Initializing Variables","level":"info"}
{"message":"Loading... DB Connection","level":"info"}
{"message":"Mongoose default connection open to mongodb://127.0.0.1:27017/maangPatta","level":"info"}
{"message":"Loading... Setting","level":"info"}
{"message":"Loading... Socket","level":"info"}
{"message":"Some One Connected :H5oXHso0lQpg_Eo0AAAA","level":"info"}
{"message":"Some One Connected :nbunmEVflKhem6tTAAAB","level":"info"}
{"message":"Initializing Server...","level":"info"}
{"message":"Loading... App Controllers","level":"info"}
{"message":"Loading... App Middlewares","level":"info"}
{"message":"Loading... App Models","level":"info"}
{"message":"Loading... App Services","level":"info"}
{"message":"Loading... Game Server.","level":"info"}
{"message":"Loading... Router","level":"info"}
{"message":"Initializing Variables","level":"info"}
{"message":"Loading... DB Connection","level":"info"}
{"message":"Mongoose default connection open to mongodb://127.0.0.1:27017/maangPatta","level":"info"}
{"message":"Loading... Setting","level":"info"}
{"message":"Loading... Socket","level":"info"}
{"message":"Some One Connected :LuWNtO9sDxxGjQRtAAAA","level":"info"}
{"message":"Some One Connected :OxMlXit0rIKLWGA-AAAB","level":"info"}
{"message":"Some One Connected :78SuqmMAimmQEoEJAAAC","level":"info"}
{"message":"Some One Connected :KEtB0BdiBB2z47KpAAAD","level":"info"}
{"message":"Some One Connected :GsZqSe9eZQgwS__jAAAE","level":"info"}
{"message":"Some One Connected :cUknEkNK1cwoI_tWAAAF","level":"info"}
{"message":"Some One Connected :eT2iBkj_oz_nw05rAAAG","level":"info"}
{"message":"Some One Connected :3fNdhyYUU1gxJnfGAAAH","level":"info"}
{"message":"Some One Connected :7Bwi6AodYREUVFiOAAAI","level":"info"}
{"message":"Some One Connected :qbTjjylLgkuYU4QhAAAJ","level":"info"}
{"message":"Some One Connected :W5fbhvkqyvXHP05KAAAK","level":"info"}
{"message":"Some One Connected :QkIHivarPWjWAEamAAAL","level":"info"}
{"message":"Some One Connected :FBIi1yHTmU4ADg_KAAAM","level":"info"}
{"message":"Some One Connected :eIDh_d3r_-yJqET0AAAN","level":"info"}
{"message":"Some One Connected :2VCg1GALboCOM5qPAAAO","level":"info"}
{"message":"Some One Connected :oNMAs6se-ZvBntglAAAP","level":"info"}
{"message":"Some One Connected :BTbpOSI9kHSyoLpKAAAQ","level":"info"}
{"message":"Some One Connected :co3FFP93mTnidsp9AAAR","level":"info"}
{"message":"Initializing Server...","level":"info"}
{"message":"Loading... App Controllers","level":"info"}
{"message":"Loading... App Middlewares","level":"info"}
{"message":"Loading... App Models","level":"info"}
{"message":"Loading... App Services","level":"info"}
{"message":"Loading... Game Server.","level":"info"}
{"message":"Loading... Router","level":"info"}
{"message":"Initializing Variables","level":"info"}
{"message":"Loading... DB Connection","level":"info"}
{"message":"Mongoose default connection open to mongodb://127.0.0.1:27017/maangPatta","level":"info"}
{"message":"Loading... Setting","level":"info"}
{"message":"Loading... Socket","level":"info"}
{"message":"Some One Connected :xzzbE5uMq8qgHdlOAAAA","level":"info"}
{"message":"Some One Connected :pXOZAznSnDWCcMKcAAAB","level":"info"}
{"message":"Initializing Server...","level":"info"}
{"message":"Loading... App Controllers","level":"info"}
{"message":"Loading... App Middlewares","level":"info"}
{"message":"Loading... App Models","level":"info"}
{"message":"Loading... App Services","level":"info"}
{"message":"Loading... Game Server.","level":"info"}
{"message":"Loading... Router","level":"info"}
{"message":"Initializing Variables","level":"info"}
{"message":"Loading... DB Connection","level":"info"}
{"message":"Mongoose default connection open to mongodb://127.0.0.1:27017/maangPatta","level":"info"}
{"message":"Loading... Setting","level":"info"}
{"message":"Loading... Socket","level":"info"}
{"message":"Some One Connected :DejvtP-KUQwOhxM7AAAA","level":"info"}
{"message":"Some One Connected :dkA2bIShXKbeZ6_nAAAB","level":"info"}
{"message":"Initializing Server...","level":"info"}
{"message":"Loading... App Controllers","level":"info"}
{"message":"Loading... App Middlewares","level":"info"}
{"message":"Loading... App Models","level":"info"}
{"message":"Loading... App Services","level":"info"}
{"message":"Loading... Game Server.","level":"info"}
{"message":"Loading... Router","level":"info"}
{"message":"Initializing Variables","level":"info"}
{"message":"Loading... DB Connection","level":"info"}
{"message":"Mongoose default connection open to mongodb://127.0.0.1:27017/maangPatta","level":"info"}
{"message":"Loading... Setting","level":"info"}
{"message":"Loading... Socket","level":"info"}
{"message":"Some One Connected :swUmt4COuJiTRacZAAAA","level":"info"}
{"message":"Some One Connected :l6c87Y2gQtlkCkw5AAAB","level":"info"}
{"message":"Initializing Server...","level":"info"}
{"message":"Loading... App Controllers","level":"info"}
{"message":"Loading... App Middlewares","level":"info"}
{"message":"Loading... App Models","level":"info"}
{"message":"Loading... App Services","level":"info"}
{"message":"Loading... Game Server.","level":"info"}
{"message":"Loading... Router","level":"info"}
{"message":"Initializing Variables","level":"info"}
{"message":"Loading... DB Connection","level":"info"}
{"message":"Mongoose default connection open to mongodb://127.0.0.1:27017/maangPatta","level":"info"}
{"message":"Loading... Setting","level":"info"}
{"message":"Loading... Socket","level":"info"}
{"message":"Initializing Server...","level":"info"}
{"message":"Loading... App Controllers","level":"info"}
{"message":"Loading... App Middlewares","level":"info"}
{"message":"Loading... App Models","level":"info"}
{"message":"Loading... App Services","level":"info"}
{"message":"Loading... Game Server.","level":"info"}
{"message":"Loading... Router","level":"info"}
{"message":"Initializing Variables","level":"info"}
{"message":"Loading... DB Connection","level":"info"}
{"message":"Mongoose default connection open to mongodb://127.0.0.1:27017/maangPatta","level":"info"}
{"message":"Loading... Setting","level":"info"}
{"message":"Loading... Socket","level":"info"}
{"message":"Some One Connected :JqztXhPcssUHBu6dAAAA","level":"info"}
{"message":"Some One Connected :AfjEyFH-LeLNdMDMAAAB","level":"info"}
{"message":"Some One Connected :jTRk5t2zHCY-zZigAAAC","level":"info"}
{"message":"Some One Connected :xsOx3XipKaufvfHaAAAD","level":"info"}
{"message":"Some One Connected :HDYMzzMxscCqzXTXAAAE","level":"info"}
{"message":"Some One Connected :vi1lSrEvjQQQ3AiXAAAF","level":"info"}
{"message":"Some One Connected :gMgU21HBhy82JDdiAAAG","level":"info"}
{"message":"Some One Connected :9YycHRWyOp1-f1ZzAAAH","level":"info"}
{"message":"Some One Connected :RbA4rpp8aaVUbVakAAAI","level":"info"}
{"message":"Some One Connected :5wcW_e5cv3h_S3cnAAAJ","level":"info"}
{"message":"Some One Connected :QYMyBbkZmhQnNuLHAAAK","level":"info"}
{"message":"Some One Connected :UihBXvtAQaAWH7-mAAAL","level":"info"}
{"message":"Some One Connected :VM7w7iSanARDHT-EAAAM","level":"info"}
{"message":"Some One Connected :RCyCNXlofwbAyQauAAAN","level":"info"}
{"message":"Some One Connected :7XXQQrA9fjthC4zBAAAO","level":"info"}
{"message":"Some One Connected :cUUJ4qN4awi_N03kAAAP","level":"info"}
{"message":"Some One Connected :Uf_NZ1tQFOviUsxmAAAQ","level":"info"}
{"message":"Some One Connected :bPr6dT47HLtSjYMPAAAR","level":"info"}
{"message":"Some One Connected :52vfTEwnXHOP403AAAAS","level":"info"}
{"message":"Some One Connected :g8yrIon8fSTde4ZtAAAT","level":"info"}
