{"message":"Initializing Server...","level":"info"}
{"message":"Loading... App Controllers","level":"info"}
{"message":"Loading... App Middlewares","level":"info"}
{"message":"Loading... App Models","level":"info"}
{"message":"Loading... App Services","level":"info"}
{"message":"Loading... Game Server.","level":"info"}
{"message":"Loading... Router","level":"info"}
{"message":"Initializing Variables","level":"info"}
{"message":"Loading... DB Connection","level":"info"}
{"message":"Mongoose default connection open to mongodb://127.0.0.1:27017/maangPatta","level":"info"}
{"message":"Loading... Setting","level":"info"}
{"message":"Loading... Socket","level":"info"}
{"message":"Initializing Server...","level":"info"}
{"message":"Loading... App Controllers","level":"info"}
{"message":"Loading... App Middlewares","level":"info"}
{"message":"Loading... App Models","level":"info"}
{"message":"Loading... App Services","level":"info"}
{"message":"Loading... Game Server.","level":"info"}
{"message":"Loading... Router","level":"info"}
{"message":"Initializing Variables","level":"info"}
{"message":"Loading... DB Connection","level":"info"}
{"message":"Mongoose default connection open to mongodb://127.0.0.1:27017/maangPatta","level":"info"}
{"message":"Loading... Setting","level":"info"}
{"message":"Loading... Socket","level":"info"}
{"message":"Initializing Server...","level":"info"}
{"message":"Loading... App Controllers","level":"info"}
{"message":"Loading... App Middlewares","level":"info"}
{"message":"Loading... App Models","level":"info"}
{"message":"Loading... App Services","level":"info"}
{"message":"Loading... Game Server.","level":"info"}
{"message":"Loading... Router","level":"info"}
{"message":"Initializing Variables","level":"info"}
{"message":"Loading... DB Connection","level":"info"}
{"message":"Mongoose default connection open to mongodb://127.0.0.1:27017/maangPatta","level":"info"}
{"message":"Loading... Setting","level":"info"}
{"message":"Loading... Socket","level":"info"}
{"message":"Initializing Server...","level":"info"}
{"message":"Loading... App Controllers","level":"info"}
{"message":"Loading... App Middlewares","level":"info"}
{"message":"Loading... App Models","level":"info"}
{"message":"Loading... App Services","level":"info"}
{"message":"Loading... Game Server.","level":"info"}
{"message":"Loading... Router","level":"info"}
{"message":"Initializing Variables","level":"info"}
{"message":"Loading... DB Connection","level":"info"}
{"message":"Mongoose default connection open to mongodb://127.0.0.1:27017/maangPatta","level":"info"}
{"message":"Loading... Setting","level":"info"}
{"message":"Loading... Socket","level":"info"}
{"message":"Initializing Server...","level":"info"}
{"message":"Loading... App Controllers","level":"info"}
{"message":"Loading... App Middlewares","level":"info"}
{"message":"Loading... App Models","level":"info"}
{"message":"Loading... App Services","level":"info"}
{"message":"Loading... Game Server.","level":"info"}
{"message":"Loading... Router","level":"info"}
{"message":"Initializing Variables","level":"info"}
{"message":"Loading... DB Connection","level":"info"}
{"message":"Mongoose default connection open to mongodb://127.0.0.1:27017/maangPatta","level":"info"}
{"message":"Loading... Setting","level":"info"}
{"message":"Loading... Socket","level":"info"}
{"message":"Initializing Server...","level":"info"}
{"message":"Loading... App Controllers","level":"info"}
{"message":"Loading... App Middlewares","level":"info"}
{"message":"Loading... App Models","level":"info"}
{"message":"Loading... App Services","level":"info"}
{"message":"Loading... Game Server.","level":"info"}
{"message":"Loading... Router","level":"info"}
{"message":"Initializing Variables","level":"info"}
{"message":"Loading... DB Connection","level":"info"}
{"message":"Mongoose default connection open to mongodb://127.0.0.1:27017/maangPatta","level":"info"}
{"message":"Loading... Setting","level":"info"}
{"message":"Loading... Socket","level":"info"}
{"message":"Initializing Server...","level":"info"}
{"message":"Loading... App Controllers","level":"info"}
{"message":"Loading... App Middlewares","level":"info"}
{"message":"Loading... App Models","level":"info"}
{"message":"Loading... App Services","level":"info"}
{"message":"Loading... Game Server.","level":"info"}
{"message":"Loading... Router","level":"info"}
{"message":"Initializing Variables","level":"info"}
{"message":"Loading... DB Connection","level":"info"}
{"message":"Mongoose default connection open to mongodb://127.0.0.1:27017/maangPatta","level":"info"}
{"message":"Loading... Setting","level":"info"}
{"message":"Loading... Socket","level":"info"}
{"message":"Initializing Server...","level":"info"}
{"message":"Loading... App Controllers","level":"info"}
{"message":"Loading... App Middlewares","level":"info"}
{"message":"Loading... App Models","level":"info"}
{"message":"Loading... App Services","level":"info"}
{"message":"Loading... Game Server.","level":"info"}
{"message":"Loading... Router","level":"info"}
{"message":"Initializing Variables","level":"info"}
{"message":"Loading... DB Connection","level":"info"}
{"message":"Mongoose default connection open to mongodb://127.0.0.1:27017/maangPatta","level":"info"}
{"message":"Loading... Setting","level":"info"}
{"message":"Loading... Socket","level":"info"}
{"message":"Initializing Server...","level":"info"}
{"message":"Loading... App Controllers","level":"info"}
{"message":"Loading... App Middlewares","level":"info"}
{"message":"Loading... App Models","level":"info"}
{"message":"Loading... App Services","level":"info"}
{"message":"Loading... Game Server.","level":"info"}
{"message":"Loading... Router","level":"info"}
{"message":"Initializing Variables","level":"info"}
{"message":"Loading... DB Connection","level":"info"}
{"message":"Mongoose default connection open to mongodb://127.0.0.1:27017/maangPatta","level":"info"}
{"message":"Loading... Setting","level":"info"}
{"message":"Loading... Socket","level":"info"}
{"message":"Initializing Server...","level":"info"}
{"message":"Loading... App Controllers","level":"info"}
{"message":"Loading... App Middlewares","level":"info"}
{"message":"Loading... App Models","level":"info"}
{"message":"Loading... App Services","level":"info"}
{"message":"Loading... Game Server.","level":"info"}
{"message":"Loading... Router","level":"info"}
{"message":"Initializing Variables","level":"info"}
{"message":"Loading... DB Connection","level":"info"}
{"message":"Mongoose default connection open to mongodb://127.0.0.1:27017/maangPatta","level":"info"}
{"message":"Loading... Setting","level":"info"}
{"message":"Loading... Socket","level":"info"}
{"message":"Initializing Server...","level":"info"}
{"message":"Loading... App Controllers","level":"info"}
{"message":"Loading... App Middlewares","level":"info"}
{"message":"Loading... App Models","level":"info"}
{"message":"Loading... App Services","level":"info"}
{"message":"Loading... Game Server.","level":"info"}
{"message":"Loading... Router","level":"info"}
{"message":"Initializing Variables","level":"info"}
{"message":"Loading... DB Connection","level":"info"}
{"message":"Mongoose default connection open to mongodb://127.0.0.1:27017/maangPatta","level":"info"}
{"message":"Loading... Setting","level":"info"}
{"message":"Loading... Socket","level":"info"}
{"message":"Initializing Server...","level":"info"}
{"message":"Loading... App Controllers","level":"info"}
{"message":"Loading... App Middlewares","level":"info"}
{"message":"Loading... App Models","level":"info"}
{"message":"Loading... App Services","level":"info"}
{"message":"Loading... Game Server.","level":"info"}
{"message":"Loading... Router","level":"info"}
{"message":"Initializing Variables","level":"info"}
{"message":"Loading... DB Connection","level":"info"}
{"message":"Mongoose default connection open to mongodb://127.0.0.1:27017/maangPatta","level":"info"}
{"message":"Loading... Setting","level":"info"}
{"message":"Loading... Socket","level":"info"}
{"message":"Initializing Server...","level":"info"}
{"message":"Loading... App Controllers","level":"info"}
{"message":"Loading... App Middlewares","level":"info"}
{"message":"Loading... App Models","level":"info"}
{"message":"Loading... App Services","level":"info"}
{"message":"Loading... Game Server.","level":"info"}
{"message":"Loading... Router","level":"info"}
{"message":"Initializing Variables","level":"info"}
{"message":"Loading... DB Connection","level":"info"}
{"message":"Mongoose default connection open to mongodb://127.0.0.1:27017/maangPatta","level":"info"}
{"message":"Loading... Setting","level":"info"}
{"message":"Loading... Socket","level":"info"}
{"message":"Initializing Server...","level":"info"}
{"message":"Loading... App Controllers","level":"info"}
{"message":"Loading... App Middlewares","level":"info"}
{"message":"Loading... App Models","level":"info"}
{"message":"Loading... App Services","level":"info"}
{"message":"Loading... Game Server.","level":"info"}
{"message":"Loading... Router","level":"info"}
{"message":"Initializing Variables","level":"info"}
{"message":"Loading... DB Connection","level":"info"}
{"message":"Mongoose default connection open to mongodb://127.0.0.1:27017/maangPatta","level":"info"}
{"message":"Loading... Setting","level":"info"}
{"message":"Loading... Socket","level":"info"}
{"message":"Initializing Server...","level":"info"}
{"message":"Loading... App Controllers","level":"info"}
{"message":"Loading... App Middlewares","level":"info"}
{"message":"Loading... App Models","level":"info"}
{"message":"Loading... App Services","level":"info"}
{"message":"Loading... Game Server.","level":"info"}
{"message":"Loading... Router","level":"info"}
{"message":"Initializing Variables","level":"info"}
{"message":"Loading... DB Connection","level":"info"}
{"message":"Mongoose default connection open to mongodb://127.0.0.1:27017/maangPatta","level":"info"}
{"message":"Loading... Setting","level":"info"}
{"message":"Loading... Socket","level":"info"}
{"message":"Initializing Server...","level":"info"}
{"message":"Loading... App Controllers","level":"info"}
{"message":"Loading... App Middlewares","level":"info"}
{"message":"Loading... App Models","level":"info"}
{"message":"Loading... App Services","level":"info"}
{"message":"Loading... Game Server.","level":"info"}
{"message":"Loading... Router","level":"info"}
{"message":"Initializing Variables","level":"info"}
{"message":"Loading... DB Connection","level":"info"}
{"message":"Mongoose default connection open to mongodb://127.0.0.1:27017/maangPatta","level":"info"}
{"message":"Loading... Setting","level":"info"}
{"message":"Loading... Socket","level":"info"}
{"message":"Initializing Server...","level":"info"}
{"message":"Loading... App Controllers","level":"info"}
{"message":"Loading... App Middlewares","level":"info"}
{"message":"Loading... App Models","level":"info"}
{"message":"Loading... App Services","level":"info"}
{"message":"Loading... Game Server.","level":"info"}
{"message":"Loading... Router","level":"info"}
{"message":"Initializing Variables","level":"info"}
{"message":"Loading... DB Connection","level":"info"}
{"message":"Mongoose default connection open to mongodb://127.0.0.1:27017/maangPatta","level":"info"}
{"message":"Loading... Setting","level":"info"}
{"message":"Loading... Socket","level":"info"}
{"message":"Initializing Server...","level":"info"}
{"message":"Loading... App Controllers","level":"info"}
{"message":"Loading... App Middlewares","level":"info"}
{"message":"Loading... App Models","level":"info"}
{"message":"Loading... App Services","level":"info"}
{"message":"Loading... Game Server.","level":"info"}
{"message":"Loading... Router","level":"info"}
{"message":"Initializing Variables","level":"info"}
{"message":"Loading... DB Connection","level":"info"}
{"message":"Mongoose default connection open to mongodb://127.0.0.1:27017/maangPatta","level":"info"}
{"message":"Loading... Setting","level":"info"}
{"message":"Loading... Socket","level":"info"}
{"message":"Initializing Server...","level":"info"}
{"message":"Loading... App Controllers","level":"info"}
{"message":"Loading... App Middlewares","level":"info"}
{"message":"Loading... App Models","level":"info"}
{"message":"Loading... App Services","level":"info"}
{"message":"Loading... Game Server.","level":"info"}
{"message":"Loading... Router","level":"info"}
{"message":"Initializing Variables","level":"info"}
{"message":"Loading... DB Connection","level":"info"}
{"message":"Mongoose default connection open to mongodb://127.0.0.1:27017/maangPatta","level":"info"}
{"message":"Loading... Setting","level":"info"}
{"message":"Loading... Socket","level":"info"}
{"message":"Some One Connected :SZ_qPlTi6UA_RWvBAAAA","level":"info"}
{"message":"Some One Connected :osya3P9MIn7yCxfmAAAB","level":"info"}
{"message":"Some One Connected :lbHNKcNoQCeJPhrMAAAC","level":"info"}
{"message":"Some One Connected :jwqiZQ9zpviEQBXoAAAD","level":"info"}
{"message":"<=> gameCount|| 28","level":"info"}
{"message":"Some One Connected :ICgULV1d-hyzH-e5AAAE","level":"info"}
{"message":"Initializing Server...","level":"info"}
{"message":"Loading... App Controllers","level":"info"}
{"message":"Loading... App Middlewares","level":"info"}
{"message":"Loading... App Models","level":"info"}
{"message":"Loading... App Services","level":"info"}
{"message":"Loading... Game Server.","level":"info"}
{"message":"Loading... Router","level":"info"}
{"message":"Initializing Variables","level":"info"}
{"message":"Loading... DB Connection","level":"info"}
{"message":"Mongoose default connection open to mongodb://127.0.0.1:27017/maangPatta","level":"info"}
{"message":"Loading... Setting","level":"info"}
{"message":"Loading... Socket","level":"info"}
{"message":"Initializing Server...","level":"info"}
{"message":"Loading... App Controllers","level":"info"}
{"message":"Loading... App Middlewares","level":"info"}
{"message":"Loading... App Models","level":"info"}
{"message":"Loading... App Services","level":"info"}
{"message":"Loading... Game Server.","level":"info"}
{"message":"Loading... Router","level":"info"}
{"message":"Initializing Variables","level":"info"}
{"message":"Loading... DB Connection","level":"info"}
{"message":"Mongoose default connection open to mongodb://127.0.0.1:27017/maangPatta","level":"info"}
{"message":"Loading... Setting","level":"info"}
{"message":"Loading... Socket","level":"info"}
{"message":"Initializing Server...","level":"info"}
{"message":"Loading... App Controllers","level":"info"}
{"message":"Loading... App Middlewares","level":"info"}
{"message":"Loading... App Models","level":"info"}
{"message":"Loading... App Services","level":"info"}
{"message":"Loading... Game Server.","level":"info"}
{"message":"Loading... Router","level":"info"}
{"message":"Initializing Variables","level":"info"}
{"message":"Loading... DB Connection","level":"info"}
{"message":"Mongoose default connection open to mongodb://127.0.0.1:27017/maangPatta","level":"info"}
{"message":"Loading... Setting","level":"info"}
{"message":"Loading... Socket","level":"info"}
{"message":"Initializing Server...","level":"info"}
{"message":"Loading... App Controllers","level":"info"}
{"message":"Loading... App Middlewares","level":"info"}
{"message":"Loading... App Models","level":"info"}
{"message":"Loading... App Services","level":"info"}
{"message":"Loading... Game Server.","level":"info"}
{"message":"Loading... Router","level":"info"}
{"message":"Initializing Variables","level":"info"}
{"message":"Loading... DB Connection","level":"info"}
{"message":"Mongoose default connection open to mongodb://127.0.0.1:27017/maangPatta","level":"info"}
{"message":"Loading... Setting","level":"info"}
{"message":"Loading... Socket","level":"info"}
{"message":"Initializing Server...","level":"info"}
{"message":"Loading... App Controllers","level":"info"}
{"message":"Loading... App Middlewares","level":"info"}
{"message":"Loading... App Models","level":"info"}
{"message":"Loading... App Services","level":"info"}
{"message":"Loading... Game Server.","level":"info"}
{"message":"Loading... Router","level":"info"}
{"message":"Initializing Variables","level":"info"}
{"message":"Loading... DB Connection","level":"info"}
{"message":"Mongoose default connection open to mongodb://127.0.0.1:27017/maangPatta","level":"info"}
{"message":"Loading... Setting","level":"info"}
{"message":"Loading... Socket","level":"info"}
{"message":"Initializing Server...","level":"info"}
{"message":"Loading... App Controllers","level":"info"}
{"message":"Loading... App Middlewares","level":"info"}
{"message":"Loading... App Models","level":"info"}
{"message":"Loading... App Services","level":"info"}
{"message":"Loading... Game Server.","level":"info"}
{"message":"Loading... Router","level":"info"}
{"message":"Initializing Variables","level":"info"}
{"message":"Loading... DB Connection","level":"info"}
{"message":"Mongoose default connection open to mongodb://127.0.0.1:27017/maangPatta","level":"info"}
{"message":"Loading... Setting","level":"info"}
{"message":"Loading... Socket","level":"info"}
{"message":"Initializing Server...","level":"info"}
{"message":"Loading... App Controllers","level":"info"}
{"message":"Loading... App Middlewares","level":"info"}
{"message":"Loading... App Models","level":"info"}
{"message":"Loading... App Services","level":"info"}
{"message":"Loading... Game Server.","level":"info"}
{"message":"Loading... Router","level":"info"}
{"message":"Initializing Variables","level":"info"}
{"message":"Loading... DB Connection","level":"info"}
{"message":"Mongoose default connection open to mongodb://127.0.0.1:27017/maangPatta","level":"info"}
{"message":"Loading... Setting","level":"info"}
{"message":"Loading... Socket","level":"info"}
{"message":"Initializing Server...","level":"info"}
{"message":"Loading... App Controllers","level":"info"}
{"message":"Loading... App Middlewares","level":"info"}
{"message":"Loading... App Models","level":"info"}
{"message":"Loading... App Services","level":"info"}
{"message":"Loading... Game Server.","level":"info"}
{"message":"Loading... Router","level":"info"}
{"message":"Initializing Variables","level":"info"}
{"message":"Loading... DB Connection","level":"info"}
{"message":"Mongoose default connection open to mongodb://127.0.0.1:27017/maangPatta","level":"info"}
{"message":"Loading... Setting","level":"info"}
{"message":"Loading... Socket","level":"info"}
{"message":"Some One Connected :h7TfFJ6xkL249UPQAAAA","level":"info"}
{"message":"Some One Connected :W7tpqrem1EAj9V-JAAAB","level":"info"}
{"message":"Some One Connected :oy3lFXKqnjXYYVO5AAAC","level":"info"}
{"message":"Initializing Server...","level":"info"}
{"message":"Loading... App Controllers","level":"info"}
{"message":"Loading... App Middlewares","level":"info"}
{"message":"Loading... App Models","level":"info"}
{"message":"Loading... App Services","level":"info"}
{"message":"Loading... Game Server.","level":"info"}
{"message":"Loading... Router","level":"info"}
{"message":"Initializing Variables","level":"info"}
{"message":"Loading... DB Connection","level":"info"}
{"message":"Mongoose default connection open to mongodb://127.0.0.1:27017/maangPatta","level":"info"}
{"message":"Loading... Setting","level":"info"}
{"message":"Loading... Socket","level":"info"}
{"message":"Some One Connected :NvR8kt_T4VGXjtCRAAAA","level":"info"}
{"message":"Some One Connected :GzWsn4f8VV4wa9seAAAB","level":"info"}
{"message":"Initializing Server...","level":"info"}
{"message":"Loading... App Controllers","level":"info"}
{"message":"Loading... App Middlewares","level":"info"}
{"message":"Loading... App Models","level":"info"}
{"message":"Loading... App Services","level":"info"}
{"message":"Loading... Game Server.","level":"info"}
{"message":"Loading... Router","level":"info"}
{"message":"Initializing Variables","level":"info"}
{"message":"Loading... DB Connection","level":"info"}
{"message":"Mongoose default connection open to mongodb://127.0.0.1:27017/maangPatta","level":"info"}
{"message":"Loading... Setting","level":"info"}
{"message":"Loading... Socket","level":"info"}
{"message":"Some One Connected :aIyWEnhDTY2jgZqDAAAA","level":"info"}
{"message":"Some One Connected :0m_lyn1_ZImIMkyfAAAB","level":"info"}
{"message":"<=> gameCount|| 29","level":"info"}
{"message":"Some One Connected :6bA1Z8MFr5G2qu85AAAC","level":"info"}
{"message":"Initializing Server...","level":"info"}
{"message":"Loading... App Controllers","level":"info"}
{"message":"Loading... App Middlewares","level":"info"}
{"message":"Loading... App Models","level":"info"}
{"message":"Loading... App Services","level":"info"}
{"message":"Loading... Game Server.","level":"info"}
{"message":"Loading... Router","level":"info"}
{"message":"Initializing Variables","level":"info"}
{"message":"Loading... DB Connection","level":"info"}
{"message":"Mongoose default connection open to mongodb://127.0.0.1:27017/maangPatta","level":"info"}
{"message":"Loading... Setting","level":"info"}
{"message":"Loading... Socket","level":"info"}
{"message":"Some One Connected :lAxR-yjTz0i_4DJGAAAA","level":"info"}
{"message":"Initializing Server...","level":"info"}
{"message":"Loading... App Controllers","level":"info"}
{"message":"Loading... App Middlewares","level":"info"}
{"message":"Loading... App Models","level":"info"}
{"message":"Loading... App Services","level":"info"}
{"message":"Loading... Game Server.","level":"info"}
{"message":"Loading... Router","level":"info"}
{"message":"Initializing Variables","level":"info"}
{"message":"Loading... DB Connection","level":"info"}
{"message":"Mongoose default connection open to mongodb://127.0.0.1:27017/maangPatta","level":"info"}
{"message":"Loading... Setting","level":"info"}
{"message":"Loading... Socket","level":"info"}
{"message":"Some One Connected :KDbvIFG0jIBaYo27AAAA","level":"info"}
{"message":"Initializing Server...","level":"info"}
{"message":"Loading... App Controllers","level":"info"}
{"message":"Loading... App Middlewares","level":"info"}
{"message":"Loading... App Models","level":"info"}
{"message":"Loading... App Services","level":"info"}
{"message":"Loading... Game Server.","level":"info"}
{"message":"Loading... Router","level":"info"}
{"message":"Initializing Variables","level":"info"}
{"message":"Loading... DB Connection","level":"info"}
{"message":"Mongoose default connection open to mongodb://127.0.0.1:27017/maangPatta","level":"info"}
{"message":"Loading... Setting","level":"info"}
{"message":"Loading... Socket","level":"info"}
{"message":"Some One Connected :JrK2LgemB3-JRdRlAAAA","level":"info"}
{"message":"Initializing Server...","level":"info"}
{"message":"Loading... App Controllers","level":"info"}
{"message":"Loading... App Middlewares","level":"info"}
{"message":"Loading... App Models","level":"info"}
{"message":"Loading... App Services","level":"info"}
{"message":"Loading... Game Server.","level":"info"}
{"message":"Loading... Router","level":"info"}
{"message":"Initializing Variables","level":"info"}
{"message":"Loading... DB Connection","level":"info"}
{"message":"Mongoose default connection open to mongodb://127.0.0.1:27017/maangPatta","level":"info"}
{"message":"Loading... Setting","level":"info"}
{"message":"Loading... Socket","level":"info"}
{"message":"Some One Connected :iBAaZcBW2AUQ9_bsAAAA","level":"info"}
{"message":"Initializing Server...","level":"info"}
{"message":"Loading... App Controllers","level":"info"}
{"message":"Loading... App Middlewares","level":"info"}
{"message":"Loading... App Models","level":"info"}
{"message":"Loading... App Services","level":"info"}
{"message":"Loading... Game Server.","level":"info"}
{"message":"Loading... Router","level":"info"}
{"message":"Initializing Variables","level":"info"}
{"message":"Loading... DB Connection","level":"info"}
{"message":"Mongoose default connection open to mongodb://127.0.0.1:27017/maangPatta","level":"info"}
{"message":"Loading... Setting","level":"info"}
{"message":"Loading... Socket","level":"info"}
{"message":"Some One Connected :_XjTeb84zEKEk77lAAAA","level":"info"}
{"message":"Initializing Server...","level":"info"}
{"message":"Loading... App Controllers","level":"info"}
{"message":"Loading... App Middlewares","level":"info"}
{"message":"Loading... App Models","level":"info"}
{"message":"Loading... App Services","level":"info"}
{"message":"Loading... Game Server.","level":"info"}
{"message":"Loading... Router","level":"info"}
{"message":"Initializing Variables","level":"info"}
{"message":"Loading... DB Connection","level":"info"}
{"message":"Mongoose default connection open to mongodb://127.0.0.1:27017/maangPatta","level":"info"}
{"message":"Loading... Setting","level":"info"}
{"message":"Loading... Socket","level":"info"}
{"message":"Initializing Server...","level":"info"}
{"message":"Loading... App Controllers","level":"info"}
{"message":"Loading... App Middlewares","level":"info"}
{"message":"Loading... App Models","level":"info"}
{"message":"Loading... App Services","level":"info"}
{"message":"Loading... Game Server.","level":"info"}
{"message":"Loading... Router","level":"info"}
{"message":"Initializing Variables","level":"info"}
{"message":"Loading... DB Connection","level":"info"}
{"message":"Mongoose default connection open to mongodb://127.0.0.1:27017/maangPatta","level":"info"}
{"message":"Loading... Setting","level":"info"}
{"message":"Loading... Socket","level":"info"}
{"message":"Some One Connected :ARQSr0AeWtMB86ejAAAA","level":"info"}
{"message":"Initializing Server...","level":"info"}
{"message":"Loading... App Controllers","level":"info"}
{"message":"Loading... App Middlewares","level":"info"}
{"message":"Loading... App Models","level":"info"}
{"message":"Loading... App Services","level":"info"}
{"message":"Loading... Game Server.","level":"info"}
{"message":"Loading... Router","level":"info"}
{"message":"Initializing Variables","level":"info"}
{"message":"Loading... DB Connection","level":"info"}
{"message":"Mongoose default connection open to mongodb://127.0.0.1:27017/maangPatta","level":"info"}
{"message":"Loading... Setting","level":"info"}
{"message":"Loading... Socket","level":"info"}
{"message":"Initializing Server...","level":"info"}
{"message":"Loading... App Controllers","level":"info"}
{"message":"Loading... App Middlewares","level":"info"}
{"message":"Loading... App Models","level":"info"}
{"message":"Loading... App Services","level":"info"}
{"message":"Loading... Game Server.","level":"info"}
{"message":"Loading... Router","level":"info"}
{"message":"Initializing Variables","level":"info"}
{"message":"Loading... DB Connection","level":"info"}
{"message":"Mongoose default connection open to mongodb://127.0.0.1:27017/maangPatta","level":"info"}
{"message":"Loading... Setting","level":"info"}
{"message":"Loading... Socket","level":"info"}
{"message":"Some One Connected :EVN6C848B1UcJBY-AAAA","level":"info"}
{"message":"Initializing Server...","level":"info"}
{"message":"Loading... App Controllers","level":"info"}
{"message":"Loading... App Middlewares","level":"info"}
{"message":"Loading... App Models","level":"info"}
{"message":"Loading... App Services","level":"info"}
{"message":"Loading... Game Server.","level":"info"}
{"message":"Loading... Router","level":"info"}
{"message":"Initializing Variables","level":"info"}
{"message":"Loading... DB Connection","level":"info"}
{"message":"Mongoose default connection open to mongodb://127.0.0.1:27017/maangPatta","level":"info"}
{"message":"Loading... Setting","level":"info"}
{"message":"Loading... Socket","level":"info"}
{"message":"Some One Connected :oOWSBwS00uJ312yeAAAA","level":"info"}
{"message":"Initializing Server...","level":"info"}
{"message":"Loading... App Controllers","level":"info"}
{"message":"Loading... App Middlewares","level":"info"}
{"message":"Loading... App Models","level":"info"}
{"message":"Loading... App Services","level":"info"}
{"message":"Loading... Game Server.","level":"info"}
{"message":"Loading... Router","level":"info"}
{"message":"Initializing Variables","level":"info"}
{"message":"Loading... DB Connection","level":"info"}
{"message":"Mongoose default connection open to mongodb://127.0.0.1:27017/maangPatta","level":"info"}
{"message":"Loading... Setting","level":"info"}
{"message":"Loading... Socket","level":"info"}
{"message":"Some One Connected :lvTJa-ipst-6fdB4AAAA","level":"info"}
{"message":"Initializing Server...","level":"info"}
{"message":"Loading... App Controllers","level":"info"}
{"message":"Loading... App Middlewares","level":"info"}
{"message":"Loading... App Models","level":"info"}
{"message":"Loading... App Services","level":"info"}
{"message":"Loading... Game Server.","level":"info"}
{"message":"Loading... Router","level":"info"}
{"message":"Initializing Variables","level":"info"}
{"message":"Loading... DB Connection","level":"info"}
{"message":"Mongoose default connection open to mongodb://127.0.0.1:27017/maangPatta","level":"info"}
{"message":"Loading... Setting","level":"info"}
{"message":"Loading... Socket","level":"info"}
{"message":"Initializing Server...","level":"info"}
{"message":"Loading... App Controllers","level":"info"}
{"message":"Loading... App Middlewares","level":"info"}
{"message":"Loading... App Models","level":"info"}
{"message":"Loading... App Services","level":"info"}
{"message":"Loading... Game Server.","level":"info"}
{"message":"Loading... Router","level":"info"}
{"message":"Initializing Variables","level":"info"}
{"message":"Loading... DB Connection","level":"info"}
{"message":"Mongoose default connection open to mongodb://127.0.0.1:27017/maangPatta","level":"info"}
{"message":"Loading... Setting","level":"info"}
{"message":"Loading... Socket","level":"info"}
{"message":"Some One Connected :aVU9k8zWrLSVJcp9AAAA","level":"info"}
{"message":"Initializing Server...","level":"info"}
{"message":"Loading... App Controllers","level":"info"}
{"message":"Loading... App Middlewares","level":"info"}
{"message":"Loading... App Models","level":"info"}
{"message":"Loading... App Services","level":"info"}
{"message":"Loading... Game Server.","level":"info"}
{"message":"Loading... Router","level":"info"}
{"message":"Initializing Variables","level":"info"}
{"message":"Loading... DB Connection","level":"info"}
{"message":"Mongoose default connection open to mongodb://127.0.0.1:27017/maangPatta","level":"info"}
{"message":"Loading... Setting","level":"info"}
{"message":"Loading... Socket","level":"info"}
{"message":"Some One Connected :YXvhmy1WO63L4l2mAAAA","level":"info"}
{"message":"Initializing Server...","level":"info"}
{"message":"Loading... App Controllers","level":"info"}
{"message":"Loading... App Middlewares","level":"info"}
{"message":"Loading... App Models","level":"info"}
{"message":"Loading... App Services","level":"info"}
{"message":"Loading... Game Server.","level":"info"}
{"message":"Loading... Router","level":"info"}
{"message":"Initializing Variables","level":"info"}
{"message":"Loading... DB Connection","level":"info"}
{"message":"Mongoose default connection open to mongodb://127.0.0.1:27017/maangPatta","level":"info"}
{"message":"Loading... Setting","level":"info"}
{"message":"Loading... Socket","level":"info"}
{"message":"Some One Connected :68vIhWpBXQeE3SEvAAAA","level":"info"}
{"message":"Initializing Server...","level":"info"}
{"message":"Loading... App Controllers","level":"info"}
{"message":"Loading... App Middlewares","level":"info"}
{"message":"Loading... App Models","level":"info"}
{"message":"Loading... App Services","level":"info"}
{"message":"Loading... Game Server.","level":"info"}
{"message":"Loading... Router","level":"info"}
{"message":"Initializing Variables","level":"info"}
{"message":"Loading... DB Connection","level":"info"}
{"message":"Mongoose default connection open to mongodb://127.0.0.1:27017/maangPatta","level":"info"}
{"message":"Loading... Setting","level":"info"}
{"message":"Loading... Socket","level":"info"}
{"message":"Initializing Server...","level":"info"}
{"message":"Loading... App Controllers","level":"info"}
{"message":"Loading... App Middlewares","level":"info"}
{"message":"Loading... App Models","level":"info"}
{"message":"Loading... App Services","level":"info"}
{"message":"Loading... Game Server.","level":"info"}
{"message":"Loading... Router","level":"info"}
{"message":"Initializing Variables","level":"info"}
{"message":"Loading... DB Connection","level":"info"}
{"message":"Mongoose default connection open to mongodb://127.0.0.1:27017/maangPatta","level":"info"}
{"message":"Loading... Setting","level":"info"}
{"message":"Loading... Socket","level":"info"}
{"message":"Some One Connected :CTwiL2RB4CCo5u2wAAAA","level":"info"}
{"message":"Some One Connected :WV4jBaYYPXvWn4BSAAAB","level":"info"}
{"message":"Initializing Server...","level":"info"}
{"message":"Loading... App Controllers","level":"info"}
{"message":"Loading... App Middlewares","level":"info"}
{"message":"Loading... App Models","level":"info"}
{"message":"Loading... App Services","level":"info"}
{"message":"Loading... Game Server.","level":"info"}
{"message":"Loading... Router","level":"info"}
{"message":"Initializing Variables","level":"info"}
{"message":"Loading... DB Connection","level":"info"}
{"message":"Mongoose default connection open to mongodb://127.0.0.1:27017/maangPatta","level":"info"}
{"message":"Loading... Setting","level":"info"}
{"message":"Loading... Socket","level":"info"}
{"message":"Initializing Server...","level":"info"}
{"message":"Loading... App Controllers","level":"info"}
{"message":"Loading... App Middlewares","level":"info"}
{"message":"Loading... App Models","level":"info"}
{"message":"Loading... App Services","level":"info"}
{"message":"Loading... Game Server.","level":"info"}
{"message":"Loading... Router","level":"info"}
{"message":"Initializing Variables","level":"info"}
{"message":"Loading... DB Connection","level":"info"}
{"message":"Mongoose default connection open to mongodb://127.0.0.1:27017/maangPatta","level":"info"}
{"message":"Loading... Setting","level":"info"}
{"message":"Loading... Socket","level":"info"}
{"message":"Initializing Server...","level":"info"}
{"message":"Loading... App Controllers","level":"info"}
{"message":"Loading... App Middlewares","level":"info"}
{"message":"Loading... App Models","level":"info"}
{"message":"Loading... App Services","level":"info"}
{"message":"Loading... Game Server.","level":"info"}
{"message":"Loading... Router","level":"info"}
{"message":"Initializing Variables","level":"info"}
{"message":"Loading... DB Connection","level":"info"}
{"message":"Mongoose default connection open to mongodb://127.0.0.1:27017/maangPatta","level":"info"}
{"message":"Loading... Setting","level":"info"}
{"message":"Loading... Socket","level":"info"}
{"message":"Initializing Server...","level":"info"}
{"message":"Loading... App Controllers","level":"info"}
{"message":"Loading... App Middlewares","level":"info"}
{"message":"Loading... App Models","level":"info"}
{"message":"Loading... App Services","level":"info"}
{"message":"Loading... Game Server.","level":"info"}
{"message":"Loading... Router","level":"info"}
{"message":"Initializing Variables","level":"info"}
{"message":"Loading... DB Connection","level":"info"}
{"message":"Mongoose default connection open to mongodb://127.0.0.1:27017/maangPatta","level":"info"}
{"message":"Loading... Setting","level":"info"}
{"message":"Loading... Socket","level":"info"}
{"message":"Initializing Server...","level":"info"}
{"message":"Loading... App Controllers","level":"info"}
{"message":"Loading... App Middlewares","level":"info"}
{"message":"Loading... App Models","level":"info"}
{"message":"Loading... App Services","level":"info"}
{"message":"Loading... Game Server.","level":"info"}
{"message":"Loading... Router","level":"info"}
{"message":"Initializing Variables","level":"info"}
{"message":"Loading... DB Connection","level":"info"}
{"message":"Mongoose default connection open to mongodb://127.0.0.1:27017/maangPatta","level":"info"}
{"message":"Loading... Setting","level":"info"}
{"message":"Loading... Socket","level":"info"}
{"message":"Initializing Server...","level":"info"}
{"message":"Loading... App Controllers","level":"info"}
{"message":"Loading... App Middlewares","level":"info"}
{"message":"Loading... App Models","level":"info"}
{"message":"Loading... App Services","level":"info"}
{"message":"Loading... Game Server.","level":"info"}
{"message":"Loading... Router","level":"info"}
{"message":"Initializing Variables","level":"info"}
{"message":"Loading... DB Connection","level":"info"}
{"message":"Mongoose default connection open to mongodb://127.0.0.1:27017/maangPatta","level":"info"}
{"message":"Loading... Setting","level":"info"}
{"message":"Loading... Socket","level":"info"}
{"message":"Initializing Server...","level":"info"}
{"message":"Loading... App Controllers","level":"info"}
{"message":"Loading... App Middlewares","level":"info"}
{"message":"Loading... App Models","level":"info"}
{"message":"Loading... App Services","level":"info"}
{"message":"Loading... Game Server.","level":"info"}
{"message":"Loading... Router","level":"info"}
{"message":"Initializing Variables","level":"info"}
{"message":"Loading... DB Connection","level":"info"}
{"message":"Mongoose default connection open to mongodb://127.0.0.1:27017/maangPatta","level":"info"}
{"message":"Loading... Setting","level":"info"}
{"message":"Loading... Socket","level":"info"}
{"message":"Initializing Server...","level":"info"}
{"message":"Loading... App Controllers","level":"info"}
{"message":"Loading... App Middlewares","level":"info"}
{"message":"Loading... App Models","level":"info"}
{"message":"Loading... App Services","level":"info"}
{"message":"Loading... Game Server.","level":"info"}
{"message":"Loading... Router","level":"info"}
{"message":"Initializing Variables","level":"info"}
{"message":"Loading... DB Connection","level":"info"}
{"message":"Mongoose default connection open to mongodb://127.0.0.1:27017/maangPatta","level":"info"}
{"message":"Loading... Setting","level":"info"}
{"message":"Loading... Socket","level":"info"}
{"message":"Initializing Server...","level":"info"}
{"message":"Loading... App Controllers","level":"info"}
{"message":"Loading... App Middlewares","level":"info"}
{"message":"Loading... App Models","level":"info"}
{"message":"Loading... App Services","level":"info"}
{"message":"Loading... Game Server.","level":"info"}
{"message":"Loading... Router","level":"info"}
{"message":"Initializing Variables","level":"info"}
{"message":"Loading... DB Connection","level":"info"}
{"message":"Mongoose default connection open to mongodb://127.0.0.1:27017/maangPatta","level":"info"}
{"message":"Loading... Setting","level":"info"}
{"message":"Loading... Socket","level":"info"}
{"message":"Initializing Server...","level":"info"}
{"message":"Loading... App Controllers","level":"info"}
{"message":"Loading... App Middlewares","level":"info"}
{"message":"Loading... App Models","level":"info"}
{"message":"Loading... App Services","level":"info"}
{"message":"Loading... Game Server.","level":"info"}
{"message":"Loading... Router","level":"info"}
{"message":"Initializing Variables","level":"info"}
{"message":"Loading... DB Connection","level":"info"}
{"message":"Mongoose default connection open to mongodb://127.0.0.1:27017/maangPatta","level":"info"}
{"message":"Loading... Setting","level":"info"}
{"message":"Loading... Socket","level":"info"}
{"message":"Initializing Server...","level":"info"}
{"message":"Loading... App Controllers","level":"info"}
{"message":"Loading... App Middlewares","level":"info"}
{"message":"Loading... App Models","level":"info"}
{"message":"Loading... App Services","level":"info"}
{"message":"Loading... Game Server.","level":"info"}
{"message":"Loading... Router","level":"info"}
{"message":"Initializing Variables","level":"info"}
{"message":"Loading... DB Connection","level":"info"}
{"message":"Mongoose default connection open to mongodb://127.0.0.1:27017/maangPatta","level":"info"}
{"message":"Loading... Setting","level":"info"}
{"message":"Loading... Socket","level":"info"}
{"message":"Mongoose default connection disconnected","level":"info"}
{"message":"Initializing Server...","level":"info"}
{"message":"Loading... App Controllers","level":"info"}
{"message":"Loading... App Middlewares","level":"info"}
{"message":"Loading... App Models","level":"info"}
{"message":"Loading... App Services","level":"info"}
{"message":"Loading... Game Server.","level":"info"}
{"message":"Loading... Router","level":"info"}
{"message":"Initializing Variables","level":"info"}
{"message":"Loading... DB Connection","level":"info"}
{"message":"Mongoose default connection open to mongodb://127.0.0.1:27017/maangPatta","level":"info"}
{"message":"Loading... Setting","level":"info"}
{"message":"Loading... Socket","level":"info"}
{"message":"Initializing Server...","level":"info"}
{"message":"Loading... App Controllers","level":"info"}
{"message":"Loading... App Middlewares","level":"info"}
{"message":"Loading... App Models","level":"info"}
{"message":"Loading... App Services","level":"info"}
{"message":"Loading... Game Server.","level":"info"}
{"message":"Loading... Router","level":"info"}
{"message":"Initializing Variables","level":"info"}
{"message":"Loading... DB Connection","level":"info"}
{"message":"Mongoose default connection open to mongodb://127.0.0.1:27017/maangPatta","level":"info"}
{"message":"Loading... Setting","level":"info"}
{"message":"Loading... Socket","level":"info"}
{"message":"Some One Connected :v3jycXi-HAHopyf-AAAA","level":"info"}
{"message":"Some One Connected :yW6e1m2KW9N217djAAAB","level":"info"}
{"message":"Initializing Server...","level":"info"}
{"message":"Loading... App Controllers","level":"info"}
{"message":"Loading... App Middlewares","level":"info"}
{"message":"Loading... App Models","level":"info"}
{"message":"Loading... App Services","level":"info"}
{"message":"Loading... Game Server.","level":"info"}
{"message":"Loading... Router","level":"info"}
{"message":"Initializing Variables","level":"info"}
{"message":"Loading... DB Connection","level":"info"}
{"message":"Mongoose default connection open to mongodb://127.0.0.1:27017/maangPatta","level":"info"}
{"message":"Loading... Setting","level":"info"}
{"message":"Loading... Socket","level":"info"}
{"message":"Initializing Server...","level":"info"}
{"message":"Loading... App Controllers","level":"info"}
{"message":"Loading... App Middlewares","level":"info"}
{"message":"Loading... App Models","level":"info"}
{"message":"Loading... App Services","level":"info"}
{"message":"Loading... Game Server.","level":"info"}
{"message":"Loading... Router","level":"info"}
{"message":"Initializing Variables","level":"info"}
{"message":"Loading... DB Connection","level":"info"}
{"message":"Mongoose default connection open to mongodb://127.0.0.1:27017/maangPatta","level":"info"}
{"message":"Loading... Setting","level":"info"}
{"message":"Loading... Socket","level":"info"}
{"message":"Initializing Server...","level":"info"}
{"message":"Loading... App Controllers","level":"info"}
{"message":"Loading... App Middlewares","level":"info"}
{"message":"Loading... App Models","level":"info"}
{"message":"Loading... App Services","level":"info"}
{"message":"Loading... Game Server.","level":"info"}
{"message":"Loading... Router","level":"info"}
{"message":"Initializing Variables","level":"info"}
{"message":"Loading... DB Connection","level":"info"}
{"message":"Mongoose default connection open to mongodb://127.0.0.1:27017/maangPatta","level":"info"}
{"message":"Loading... Setting","level":"info"}
{"message":"Loading... Socket","level":"info"}
{"message":"Initializing Server...","level":"info"}
{"message":"Loading... App Controllers","level":"info"}
{"message":"Loading... App Middlewares","level":"info"}
{"message":"Loading... App Models","level":"info"}
{"message":"Loading... App Services","level":"info"}
{"message":"Loading... Game Server.","level":"info"}
{"message":"Loading... Router","level":"info"}
{"message":"Initializing Variables","level":"info"}
{"message":"Loading... DB Connection","level":"info"}
{"message":"Mongoose default connection open to mongodb://127.0.0.1:27017/maangPatta","level":"info"}
{"message":"Loading... Setting","level":"info"}
{"message":"Loading... Socket","level":"info"}
{"message":"Initializing Server...","level":"info"}
{"message":"Loading... App Controllers","level":"info"}
{"message":"Loading... App Middlewares","level":"info"}
{"message":"Loading... App Models","level":"info"}
{"message":"Loading... App Services","level":"info"}
{"message":"Loading... Game Server.","level":"info"}
{"message":"Loading... Router","level":"info"}
{"message":"Initializing Variables","level":"info"}
{"message":"Loading... DB Connection","level":"info"}
{"message":"Mongoose default connection open to mongodb://127.0.0.1:27017/maangPatta","level":"info"}
{"message":"Loading... Setting","level":"info"}
{"message":"Loading... Socket","level":"info"}
{"message":"Some One Connected :LO9xJQOWGnVeZ9Q2AAAA","level":"info"}
{"message":"Some One Connected :mfuv8IiQ9CvaDGxkAAAB","level":"info"}
{"message":"Initializing Server...","level":"info"}
{"message":"Loading... App Controllers","level":"info"}
{"message":"Loading... App Middlewares","level":"info"}
{"message":"Loading... App Models","level":"info"}
{"message":"Loading... App Services","level":"info"}
{"message":"Loading... Game Server.","level":"info"}
{"message":"Loading... Router","level":"info"}
{"message":"Initializing Variables","level":"info"}
{"message":"Loading... DB Connection","level":"info"}
{"message":"Mongoose default connection open to mongodb://127.0.0.1:27017/maangPatta","level":"info"}
{"message":"Loading... Setting","level":"info"}
{"message":"Loading... Socket","level":"info"}
{"message":"Initializing Server...","level":"info"}
{"message":"Loading... App Controllers","level":"info"}
{"message":"Loading... App Middlewares","level":"info"}
{"message":"Loading... App Models","level":"info"}
{"message":"Loading... App Services","level":"info"}
{"message":"Loading... Game Server.","level":"info"}
{"message":"Loading... Router","level":"info"}
{"message":"Initializing Variables","level":"info"}
{"message":"Loading... DB Connection","level":"info"}
{"message":"Mongoose default connection open to mongodb://127.0.0.1:27017/maangPatta","level":"info"}
{"message":"Loading... Setting","level":"info"}
{"message":"Loading... Socket","level":"info"}
{"message":"Initializing Server...","level":"info"}
{"message":"Loading... App Controllers","level":"info"}
{"message":"Loading... App Middlewares","level":"info"}
{"message":"Loading... App Models","level":"info"}
{"message":"Loading... App Services","level":"info"}
{"message":"Loading... Game Server.","level":"info"}
{"message":"Loading... Router","level":"info"}
{"message":"Initializing Variables","level":"info"}
{"message":"Loading... DB Connection","level":"info"}
{"message":"Mongoose default connection open to mongodb://127.0.0.1:27017/maangPatta","level":"info"}
{"message":"Loading... Setting","level":"info"}
{"message":"Loading... Socket","level":"info"}
{"message":"Initializing Server...","level":"info"}
{"message":"Loading... App Controllers","level":"info"}
{"message":"Loading... App Middlewares","level":"info"}
{"message":"Loading... App Models","level":"info"}
{"message":"Loading... App Services","level":"info"}
{"message":"Loading... Game Server.","level":"info"}
{"message":"Loading... Router","level":"info"}
{"message":"Initializing Variables","level":"info"}
{"message":"Loading... DB Connection","level":"info"}
{"message":"Mongoose default connection open to mongodb://127.0.0.1:27017/maangPatta","level":"info"}
{"message":"Loading... Setting","level":"info"}
{"message":"Loading... Socket","level":"info"}
{"message":"Initializing Server...","level":"info"}
{"message":"Loading... App Controllers","level":"info"}
{"message":"Loading... App Middlewares","level":"info"}
{"message":"Loading... App Models","level":"info"}
{"message":"Loading... App Services","level":"info"}
{"message":"Loading... Game Server.","level":"info"}
{"message":"Loading... Router","level":"info"}
{"message":"Initializing Variables","level":"info"}
{"message":"Loading... DB Connection","level":"info"}
{"message":"Mongoose default connection open to mongodb://127.0.0.1:27017/maangPatta","level":"info"}
{"message":"Loading... Setting","level":"info"}
{"message":"Loading... Socket","level":"info"}
{"message":"Initializing Server...","level":"info"}
{"message":"Loading... App Controllers","level":"info"}
{"message":"Loading... App Middlewares","level":"info"}
{"message":"Loading... App Models","level":"info"}
{"message":"Loading... App Services","level":"info"}
{"message":"Loading... Game Server.","level":"info"}
{"message":"Loading... Router","level":"info"}
{"message":"Initializing Variables","level":"info"}
{"message":"Loading... DB Connection","level":"info"}
{"message":"Mongoose default connection open to mongodb://127.0.0.1:27017/maangPatta","level":"info"}
{"message":"Loading... Setting","level":"info"}
{"message":"Loading... Socket","level":"info"}
{"message":"Initializing Server...","level":"info"}
{"message":"Loading... App Controllers","level":"info"}
{"message":"Loading... App Middlewares","level":"info"}
{"message":"Loading... App Models","level":"info"}
{"message":"Loading... App Services","level":"info"}
{"message":"Loading... Game Server.","level":"info"}
{"message":"Loading... Router","level":"info"}
{"message":"Initializing Variables","level":"info"}
{"message":"Loading... DB Connection","level":"info"}
{"message":"Mongoose default connection open to mongodb://127.0.0.1:27017/maangPatta","level":"info"}
{"message":"Loading... Setting","level":"info"}
{"message":"Loading... Socket","level":"info"}
{"message":"Initializing Server...","level":"info"}
{"message":"Loading... App Controllers","level":"info"}
{"message":"Loading... App Middlewares","level":"info"}
{"message":"Loading... App Models","level":"info"}
{"message":"Loading... App Services","level":"info"}
{"message":"Loading... Game Server.","level":"info"}
{"message":"Loading... Router","level":"info"}
{"message":"Initializing Variables","level":"info"}
{"message":"Loading... DB Connection","level":"info"}
{"message":"Mongoose default connection open to mongodb://127.0.0.1:27017/maangPatta","level":"info"}
{"message":"Loading... Setting","level":"info"}
{"message":"Loading... Socket","level":"info"}
{"message":"Initializing Server...","level":"info"}
{"message":"Loading... App Controllers","level":"info"}
{"message":"Loading... App Middlewares","level":"info"}
{"message":"Loading... App Models","level":"info"}
{"message":"Loading... App Services","level":"info"}
{"message":"Loading... Game Server.","level":"info"}
{"message":"Loading... Router","level":"info"}
{"message":"Initializing Variables","level":"info"}
{"message":"Loading... DB Connection","level":"info"}
{"message":"Mongoose default connection open to mongodb://127.0.0.1:27017/maangPatta","level":"info"}
{"message":"Loading... Setting","level":"info"}
{"message":"Loading... Socket","level":"info"}
{"message":"Initializing Server...","level":"info"}
{"message":"Loading... App Controllers","level":"info"}
{"message":"Loading... App Middlewares","level":"info"}
{"message":"Loading... App Models","level":"info"}
{"message":"Loading... App Services","level":"info"}
{"message":"Loading... Game Server.","level":"info"}
{"message":"Loading... Router","level":"info"}
{"message":"Initializing Variables","level":"info"}
{"message":"Loading... DB Connection","level":"info"}
{"message":"Mongoose default connection open to mongodb://127.0.0.1:27017/maangPatta","level":"info"}
{"message":"Loading... Setting","level":"info"}
{"message":"Loading... Socket","level":"info"}
{"message":"Some One Connected :W9_xbnrsIOy82y7_AAAA","level":"info"}
{"message":"Initializing Server...","level":"info"}
{"message":"Loading... App Controllers","level":"info"}
{"message":"Loading... App Middlewares","level":"info"}
{"message":"Loading... App Models","level":"info"}
{"message":"Loading... App Services","level":"info"}
{"message":"Loading... Game Server.","level":"info"}
{"message":"Loading... Router","level":"info"}
{"message":"Initializing Variables","level":"info"}
{"message":"Loading... DB Connection","level":"info"}
{"message":"Mongoose default connection open to mongodb://127.0.0.1:27017/maangPatta","level":"info"}
{"message":"Loading... Setting","level":"info"}
{"message":"Loading... Socket","level":"info"}
{"message":"Some One Connected :rvSI8Xb7yqicPKXOAAAA","level":"info"}
{"message":"Some One Connected :AtZXeqzQzRvYakn8AAAB","level":"info"}
{"message":"Initializing Server...","level":"info"}
{"message":"Loading... App Controllers","level":"info"}
{"message":"Loading... App Middlewares","level":"info"}
{"message":"Loading... App Models","level":"info"}
{"message":"Loading... App Services","level":"info"}
{"message":"Loading... Game Server.","level":"info"}
{"message":"Loading... Router","level":"info"}
{"message":"Initializing Variables","level":"info"}
{"message":"Loading... DB Connection","level":"info"}
{"message":"Mongoose default connection open to mongodb://127.0.0.1:27017/maangPatta","level":"info"}
{"message":"Loading... Setting","level":"info"}
{"message":"Loading... Socket","level":"info"}
{"message":"Initializing Server...","level":"info"}
{"message":"Loading... App Controllers","level":"info"}
{"message":"Loading... App Middlewares","level":"info"}
{"message":"Loading... App Models","level":"info"}
{"message":"Loading... App Services","level":"info"}
{"message":"Loading... Game Server.","level":"info"}
{"message":"Loading... Router","level":"info"}
{"message":"Initializing Variables","level":"info"}
{"message":"Loading... DB Connection","level":"info"}
{"message":"Mongoose default connection open to mongodb://127.0.0.1:27017/maangPatta","level":"info"}
{"message":"Loading... Setting","level":"info"}
{"message":"Loading... Socket","level":"info"}
{"message":"Some One Connected :ZwejtO0jXte49PaJAAAA","level":"info"}
{"message":"Some One Connected :BWn6WV9BjdOT78mJAAAB","level":"info"}
{"message":"Initializing Server...","level":"info"}
{"message":"Loading... App Controllers","level":"info"}
{"message":"Loading... App Middlewares","level":"info"}
{"message":"Loading... App Models","level":"info"}
{"message":"Loading... App Services","level":"info"}
{"message":"Loading... Game Server.","level":"info"}
{"message":"Loading... Router","level":"info"}
{"message":"Initializing Variables","level":"info"}
{"message":"Loading... DB Connection","level":"info"}
{"message":"Mongoose default connection open to mongodb://127.0.0.1:27017/maangPatta","level":"info"}
{"message":"Loading... Setting","level":"info"}
{"message":"Loading... Socket","level":"info"}
{"message":"Initializing Server...","level":"info"}
{"message":"Loading... App Controllers","level":"info"}
{"message":"Loading... App Middlewares","level":"info"}
{"message":"Loading... App Models","level":"info"}
{"message":"Loading... App Services","level":"info"}
{"message":"Loading... Game Server.","level":"info"}
{"message":"Loading... Router","level":"info"}
{"message":"Initializing Variables","level":"info"}
{"message":"Loading... DB Connection","level":"info"}
{"message":"Mongoose default connection open to mongodb://127.0.0.1:27017/maangPatta","level":"info"}
{"message":"Loading... Setting","level":"info"}
{"message":"Loading... Socket","level":"info"}
{"message":"Some One Connected :hvKSFoqsMdPLLj2aAAAA","level":"info"}
