{"message":"Initializing Server...","level":"info"}
{"message":"Loading... App Controllers","level":"info"}
{"message":"Loading... App Middlewares","level":"info"}
{"message":"Loading... App Models","level":"info"}
{"message":"Loading... App Services","level":"info"}
{"message":"Loading... Game Server.","level":"info"}
{"message":"Loading... Router","level":"info"}
{"message":"Initializing Variables","level":"info"}
{"message":"Loading... DB Connection","level":"info"}
{"message":"Mongoose default connection open to mongodb://127.0.0.1:27017/maangPatta","level":"info"}
{"message":"Loading... Setting","level":"info"}
{"message":"Loading... Socket","level":"info"}
{"message":"Initializing Server...","level":"info"}
{"message":"Loading... App Controllers","level":"info"}
{"message":"Loading... App Middlewares","level":"info"}
{"message":"Loading... App Models","level":"info"}
{"message":"Loading... App Services","level":"info"}
{"message":"Loading... Game Server.","level":"info"}
{"message":"Loading... Router","level":"info"}
{"message":"Initializing Variables","level":"info"}
{"message":"Loading... DB Connection","level":"info"}
{"message":"Mongoose default connection open to mongodb://127.0.0.1:27017/maangPatta","level":"info"}
{"message":"Loading... Setting","level":"info"}
{"message":"Loading... Socket","level":"info"}
{"message":"Initializing Server...","level":"info"}
{"message":"Loading... App Controllers","level":"info"}
{"message":"Loading... App Middlewares","level":"info"}
{"message":"Loading... App Models","level":"info"}
{"message":"Loading... App Services","level":"info"}
{"message":"Loading... Game Server.","level":"info"}
{"message":"Loading... Router","level":"info"}
{"message":"Initializing Variables","level":"info"}
{"message":"Loading... DB Connection","level":"info"}
{"message":"Mongoose default connection open to mongodb://127.0.0.1:27017/maangPatta","level":"info"}
{"message":"Loading... Setting","level":"info"}
{"message":"Loading... Socket","level":"info"}
{"message":"Initializing Server...","level":"info"}
{"message":"Loading... App Controllers","level":"info"}
{"message":"Loading... App Middlewares","level":"info"}
{"message":"Loading... App Models","level":"info"}
{"message":"Loading... App Services","level":"info"}
{"message":"Loading... Game Server.","level":"info"}
{"message":"Loading... Router","level":"info"}
{"message":"Initializing Variables","level":"info"}
{"message":"Loading... DB Connection","level":"info"}
{"message":"Mongoose default connection open to mongodb://127.0.0.1:27017/maangPatta","level":"info"}
{"message":"Loading... Setting","level":"info"}
{"message":"Loading... Socket","level":"info"}
{"message":"Initializing Server...","level":"info"}
{"message":"Loading... App Controllers","level":"info"}
{"message":"Loading... App Middlewares","level":"info"}
{"message":"Loading... App Models","level":"info"}
{"message":"Loading... App Services","level":"info"}
{"message":"Loading... Game Server.","level":"info"}
{"message":"Loading... Router","level":"info"}
{"message":"Initializing Variables","level":"info"}
{"message":"Loading... DB Connection","level":"info"}
{"message":"Mongoose default connection open to mongodb://127.0.0.1:27017/maangPatta","level":"info"}
{"message":"Loading... Setting","level":"info"}
{"message":"Loading... Socket","level":"info"}
{"message":"Initializing Server...","level":"info"}
{"message":"Loading... App Controllers","level":"info"}
{"message":"Loading... App Middlewares","level":"info"}
{"message":"Loading... App Models","level":"info"}
{"message":"Loading... App Services","level":"info"}
{"message":"Loading... Game Server.","level":"info"}
{"message":"Loading... Router","level":"info"}
{"message":"Initializing Variables","level":"info"}
{"message":"Loading... DB Connection","level":"info"}
{"message":"Mongoose default connection open to mongodb://127.0.0.1:27017/maangPatta","level":"info"}
{"message":"Loading... Setting","level":"info"}
{"message":"Loading... Socket","level":"info"}
{"message":"Some One Connected :eiOu4XcFg7qjjJvQAAAA","level":"info"}
{"message":"Some One Connected :5Kh4_PU5JdJBGJOwAAAB","level":"info"}
{"message":"Some One Connected :SIIAgPGdLNirKVIjAAAC","level":"info"}
{"message":"Some One Connected :CH9nB1uTRRKQH-T3AAAD","level":"info"}
{"message":"Some One Connected :d12RBhpm4Khth7QYAAAE","level":"info"}
{"message":"Some One Connected :EWhXXjR5hA-6pe1QAAAF","level":"info"}
{"message":"Initializing Server...","level":"info"}
{"message":"Loading... App Controllers","level":"info"}
{"message":"Loading... App Middlewares","level":"info"}
{"message":"Loading... App Models","level":"info"}
{"message":"Loading... App Services","level":"info"}
{"message":"Loading... Game Server.","level":"info"}
{"message":"Loading... Router","level":"info"}
{"message":"Initializing Variables","level":"info"}
{"message":"Loading... DB Connection","level":"info"}
{"message":"Mongoose default connection open to mongodb://127.0.0.1:27017/maangPatta","level":"info"}
{"message":"Loading... Setting","level":"info"}
{"message":"Loading... Socket","level":"info"}
{"message":"Some One Connected :jGviHx5Ffu5iZAPbAAAA","level":"info"}
{"message":"Some One Connected :Aw1K92GgVRAxgB56AAAB","level":"info"}
{"message":"Some One Connected :4m6akp5MhFJ6xIX-AAAC","level":"info"}
{"message":"Some One Connected :28lJsRbKXxbp1AClAAAD","level":"info"}
{"message":"Some One Connected :_5jpBKar9Pd5pwM4AAAE","level":"info"}
{"message":"Initializing Server...","level":"info"}
{"message":"Loading... App Controllers","level":"info"}
{"message":"Loading... App Middlewares","level":"info"}
{"message":"Loading... App Models","level":"info"}
{"message":"Loading... App Services","level":"info"}
{"message":"Loading... Game Server.","level":"info"}
{"message":"Loading... Router","level":"info"}
{"message":"Initializing Variables","level":"info"}
{"message":"Loading... DB Connection","level":"info"}
{"message":"Mongoose default connection open to mongodb://127.0.0.1:27017/maangPatta","level":"info"}
{"message":"Loading... Setting","level":"info"}
{"message":"Loading... Socket","level":"info"}
{"message":"Some One Connected :GDGUJBOITCKBpQNSAAAA","level":"info"}
{"message":"Some One Connected :JdhZgi6WmcPXEAeLAAAB","level":"info"}
{"message":"Some One Connected :ktJDRqRP-AJjqrleAAAC","level":"info"}
{"message":"Some One Connected :Te4ux6RGdKVapuDlAAAD","level":"info"}
{"message":"Initializing Server...","level":"info"}
{"message":"Loading... App Controllers","level":"info"}
{"message":"Loading... App Middlewares","level":"info"}
{"message":"Loading... App Models","level":"info"}
{"message":"Loading... App Services","level":"info"}
{"message":"Loading... Game Server.","level":"info"}
{"message":"Loading... Router","level":"info"}
{"message":"Initializing Variables","level":"info"}
{"message":"Loading... DB Connection","level":"info"}
{"message":"Mongoose default connection open to mongodb://127.0.0.1:27017/maangPatta","level":"info"}
{"message":"Loading... Setting","level":"info"}
{"message":"Loading... Socket","level":"info"}
{"message":"Some One Connected :I70ktMlfzFhTyK7mAAAA","level":"info"}
{"message":"Some One Connected :BXdbawnsTzwRRUJrAAAB","level":"info"}
{"message":"Some One Connected :ND3rb--pe05wL9hkAAAC","level":"info"}
{"message":"Some One Connected :CXZiOfOXupoWvpiEAAAD","level":"info"}
{"message":"Some One Connected :3P-rT608NaoVVz6tAAAE","level":"info"}
{"message":"Some One Connected :NzoBugLTtH3U8ulFAAAF","level":"info"}
{"message":"Some One Connected :siFh7SdaSeso1RRMAAAG","level":"info"}
{"message":"Some One Connected :r8BX1VvyOakg-7oQAAAH","level":"info"}
{"message":"Some One Connected :ig1DUAR4ou2Bmn1SAAAI","level":"info"}
{"message":"Some One Connected :wJaonf7hUqIqJGe4AAAJ","level":"info"}
{"message":"Some One Connected :GqEUFP0dKSYh47kaAAAK","level":"info"}
{"message":"Some One Connected :fStVQ5aJNdo9kMK0AAAL","level":"info"}
{"message":"Initializing Server...","level":"info"}
{"message":"Loading... App Controllers","level":"info"}
{"message":"Loading... App Middlewares","level":"info"}
{"message":"Loading... App Models","level":"info"}
{"message":"Loading... App Services","level":"info"}
{"message":"Loading... Game Server.","level":"info"}
{"message":"Loading... Router","level":"info"}
{"message":"Initializing Variables","level":"info"}
{"message":"Loading... DB Connection","level":"info"}
{"message":"Mongoose default connection open to mongodb://127.0.0.1:27017/maangPatta","level":"info"}
{"message":"Loading... Setting","level":"info"}
{"message":"Loading... Socket","level":"info"}
{"message":"Some One Connected :htMk9br4BOVt96g2AAAA","level":"info"}
{"message":"Initializing Server...","level":"info"}
{"message":"Loading... App Controllers","level":"info"}
{"message":"Loading... App Middlewares","level":"info"}
{"message":"Loading... App Models","level":"info"}
{"message":"Loading... App Services","level":"info"}
{"message":"Loading... Game Server.","level":"info"}
{"message":"Loading... Router","level":"info"}
{"message":"Initializing Variables","level":"info"}
{"message":"Loading... DB Connection","level":"info"}
{"message":"Mongoose default connection open to mongodb://127.0.0.1:27017/maangPatta","level":"info"}
{"message":"Loading... Setting","level":"info"}
{"message":"Loading... Socket","level":"info"}
{"message":"Initializing Server...","level":"info"}
{"message":"Loading... App Controllers","level":"info"}
{"message":"Loading... App Middlewares","level":"info"}
{"message":"Loading... App Models","level":"info"}
{"message":"Loading... App Services","level":"info"}
{"message":"Loading... Game Server.","level":"info"}
{"message":"Loading... Router","level":"info"}
{"message":"Initializing Variables","level":"info"}
{"message":"Loading... DB Connection","level":"info"}
{"message":"Mongoose default connection open to mongodb://127.0.0.1:27017/maangPatta","level":"info"}
{"message":"Loading... Setting","level":"info"}
{"message":"Loading... Socket","level":"info"}
{"message":"Some One Connected :-ICevWktTgM-asDaAAAA","level":"info"}
{"message":"Initializing Server...","level":"info"}
{"message":"Loading... App Controllers","level":"info"}
{"message":"Loading... App Middlewares","level":"info"}
{"message":"Loading... App Models","level":"info"}
{"message":"Loading... App Services","level":"info"}
{"message":"Loading... Game Server.","level":"info"}
{"message":"Loading... Router","level":"info"}
{"message":"Initializing Variables","level":"info"}
{"message":"Loading... DB Connection","level":"info"}
{"message":"Mongoose default connection open to mongodb://127.0.0.1:27017/maangPatta","level":"info"}
{"message":"Loading... Setting","level":"info"}
{"message":"Loading... Socket","level":"info"}
{"message":"Some One Connected :tMz0oWIK16H5YVZrAAAA","level":"info"}
{"message":"Some One Connected :LTz8aULwtaPV9d4oAAAB","level":"info"}
{"message":"Initializing Server...","level":"info"}
{"message":"Loading... App Controllers","level":"info"}
{"message":"Loading... App Middlewares","level":"info"}
{"message":"Loading... App Models","level":"info"}
{"message":"Loading... App Services","level":"info"}
{"message":"Loading... Game Server.","level":"info"}
{"message":"Loading... Router","level":"info"}
{"message":"Initializing Variables","level":"info"}
{"message":"Loading... DB Connection","level":"info"}
{"message":"Mongoose default connection open to mongodb://127.0.0.1:27017/maangPatta","level":"info"}
{"message":"Loading... Setting","level":"info"}
{"message":"Loading... Socket","level":"info"}
{"message":"Some One Connected :m54ShxRseL1zH8T9AAAA","level":"info"}
{"message":"Some One Connected :bGG6BIcb55kmquQTAAAB","level":"info"}
{"message":"Some One Connected :Khwo-fIAyfCz1xU6AAAC","level":"info"}
{"message":"Some One Connected :HTgIOlQoZtmK_i4uAAAD","level":"info"}
{"message":"<=> gameCount|| 29","level":"info"}
{"message":"Some One Connected :RP4W10QXAUtpZ-28AAAE","level":"info"}
{"message":"Some One Connected :F-Wrzu149eKTaTm8AAAF","level":"info"}
{"message":"<=> gameCount|| 30","level":"info"}
{"message":"<=> gameCount|| 31","level":"info"}
{"message":"<=> gameCount|| 32","level":"info"}
{"message":"Some One Connected :E_b4E94jhsyP8LYvAAAG","level":"info"}
{"message":"<=> gameCount|| 33","level":"info"}
{"message":"Some One Connected :6JitQfxvLR9yiNPnAAAH","level":"info"}
{"message":"Some One Connected :PSYMlmxNJ84uLHZaAAAI","level":"info"}
{"message":"Some One Connected :enUnEbie_5ME2kE4AAAJ","level":"info"}
{"message":"Some One Connected :ZM1BZTAacgwhQ3utAAAK","level":"info"}
{"message":"Initializing Server...","level":"info"}
{"message":"Loading... App Controllers","level":"info"}
{"message":"Loading... App Middlewares","level":"info"}
{"message":"Loading... App Models","level":"info"}
{"message":"Loading... App Services","level":"info"}
{"message":"Loading... Game Server.","level":"info"}
{"message":"Loading... Router","level":"info"}
{"message":"Initializing Variables","level":"info"}
{"message":"Loading... DB Connection","level":"info"}
{"message":"Mongoose default connection open to mongodb://127.0.0.1:27017/maangPatta","level":"info"}
{"message":"Loading... Setting","level":"info"}
{"message":"Loading... Socket","level":"info"}
{"message":"Some One Connected :sKjxmDc19QcZWjBgAAAA","level":"info"}
{"message":"Some One Connected :C93Umq3iVyKeDw75AAAB","level":"info"}
{"message":"<=> gameCount|| 34","level":"info"}
{"message":"Some One Connected :tfH8Ra19GFsoVb5EAAAC","level":"info"}
{"message":"Some One Connected :R0sr0LvpLqqLivsOAAAD","level":"info"}
{"message":"Some One Connected :wEt8QqcS0CWnmnrxAAAE","level":"info"}
{"message":"Some One Connected :9Wt8omtzEEMGAONEAAAF","level":"info"}
{"message":"Some One Connected :Yqww7RxY1YdPrbrcAAAG","level":"info"}
{"message":"Some One Connected :7lfCFc9J8J2XOFxwAAAH","level":"info"}
{"message":"Some One Connected :4NCMxSWGSyxwFKVYAAAI","level":"info"}
{"message":"Some One Connected :fgRbcm8HyhsaGa1bAAAJ","level":"info"}
{"message":"Some One Connected :qBaizAW24G_2t7J-AAAK","level":"info"}
{"message":"Some One Connected :DIBEcZyytPJ7Ku9mAAAL","level":"info"}
{"message":"Some One Connected :QzNAuotNW_j7yI3FAAAM","level":"info"}
{"message":"Some One Connected :iIzBrWU-zuQsd09sAAAN","level":"info"}
{"message":"<=> gameCount|| 35","level":"info"}
{"message":"Some One Connected :j39lIjdpJEnYgYj1AAAO","level":"info"}
{"message":"Some One Connected :ky1tmqBd_lC6MjqQAAAP","level":"info"}
{"message":"Some One Connected :BEO9LZXgkTX4xMXoAAAQ","level":"info"}
{"message":"<=> gameCount|| 36","level":"info"}
{"message":"Some One Connected :rNBC6QXO4D8aDHjMAAAR","level":"info"}
{"message":"Mongoose default connection disconnected","level":"info"}
{"message":"Initializing Server...","level":"info"}
{"message":"Loading... App Controllers","level":"info"}
{"message":"Loading... App Middlewares","level":"info"}
{"message":"Loading... App Models","level":"info"}
{"message":"Loading... App Services","level":"info"}
{"message":"Loading... Game Server.","level":"info"}
{"message":"Loading... Router","level":"info"}
{"message":"Initializing Variables","level":"info"}
{"message":"Loading... DB Connection","level":"info"}
{"message":"Mongoose default connection open to mongodb://127.0.0.1:27017/maangPatta","level":"info"}
{"message":"Loading... Setting","level":"info"}
{"message":"Loading... Socket","level":"info"}
{"message":"Some One Connected :ZW0bo1NIKoRGB973AAAA","level":"info"}
{"message":"Initializing Server...","level":"info"}
{"message":"Loading... App Controllers","level":"info"}
{"message":"Loading... App Middlewares","level":"info"}
{"message":"Loading... App Models","level":"info"}
{"message":"Loading... App Services","level":"info"}
{"message":"Loading... Game Server.","level":"info"}
{"message":"Loading... Router","level":"info"}
{"message":"Initializing Variables","level":"info"}
{"message":"Loading... DB Connection","level":"info"}
{"message":"Mongoose default connection open to mongodb://127.0.0.1:27017/maangPatta","level":"info"}
{"message":"Loading... Setting","level":"info"}
{"message":"Loading... Socket","level":"info"}
{"message":"Some One Connected :Itxc8-XpF_83igVlAAAA","level":"info"}
{"message":"Some One Connected :7JyuEr5QIMc-BdLZAAAB","level":"info"}
{"message":"Some One Connected :2ekc3EsBMRS1_gQbAAAC","level":"info"}
{"message":"Some One Connected :SzO77oUE6E8ZceXCAAAD","level":"info"}
{"message":"Some One Connected :mb-Qv6lyVON-vR7hAAAE","level":"info"}
{"message":"Some One Connected :4hx06NmvknB-UVCHAAAF","level":"info"}
{"message":"Some One Connected :Ovt0ZKYA24egVubAAAAG","level":"info"}
{"message":"Some One Connected :_rrcIDQFlVt8HmsuAAAH","level":"info"}
{"message":"Some One Connected :-SZ7fWDBtsGBYU4aAAAI","level":"info"}
{"message":"Some One Connected :lFHhm25nYtT2-TETAAAJ","level":"info"}
{"message":"Some One Connected :ft7gbum2ATjPZmGgAAAK","level":"info"}
{"message":"Some One Connected :Ch20X5HkfniCCCY1AAAL","level":"info"}
{"message":"Some One Connected :Q_707mAVM_cl6eCfAAAM","level":"info"}
{"message":"Some One Connected :89Skxaz64fIAYsY3AAAN","level":"info"}
{"message":"Some One Connected :NILJiST3OLnlgQUlAAAO","level":"info"}
{"message":"Some One Connected :JfCqb9YV-_GD22UKAAAP","level":"info"}
{"message":"Some One Connected :qdZguTyk9J2ujIrqAAAQ","level":"info"}
{"message":"Some One Connected :aBe7g1aM4VfzbYYYAAAR","level":"info"}
{"message":"Some One Connected :yNlLW8RyKmh5SL98AAAS","level":"info"}
{"message":"<=> gameCount|| 37","level":"info"}
{"message":"Some One Connected :mM8TyS3CIGe6j_HXAAAT","level":"info"}
{"message":"Some One Connected :jQfbhQQsJGtroXy2AAAU","level":"info"}
{"message":"<=> gameCount|| 38","level":"info"}
{"message":"Some One Connected :AQ29YiitcCpTYcN9AAAV","level":"info"}
{"message":"Initializing Server...","level":"info"}
{"message":"Loading... App Controllers","level":"info"}
{"message":"Loading... App Middlewares","level":"info"}
{"message":"Loading... App Models","level":"info"}
{"message":"Loading... App Services","level":"info"}
{"message":"Loading... Game Server.","level":"info"}
{"message":"Loading... Router","level":"info"}
{"message":"Initializing Variables","level":"info"}
{"message":"Loading... DB Connection","level":"info"}
{"message":"Mongoose default connection open to mongodb://127.0.0.1:27017/maangPatta","level":"info"}
{"message":"Loading... Setting","level":"info"}
{"message":"Loading... Socket","level":"info"}
{"message":"Initializing Server...","level":"info"}
{"message":"Loading... App Controllers","level":"info"}
{"message":"Loading... App Middlewares","level":"info"}
{"message":"Loading... App Models","level":"info"}
{"message":"Loading... App Services","level":"info"}
{"message":"Loading... Game Server.","level":"info"}
{"message":"Loading... Router","level":"info"}
{"message":"Initializing Variables","level":"info"}
{"message":"Loading... DB Connection","level":"info"}
{"message":"Mongoose default connection open to mongodb://127.0.0.1:27017/maangPatta","level":"info"}
{"message":"Loading... Setting","level":"info"}
{"message":"Loading... Socket","level":"info"}
{"message":"Initializing Server...","level":"info"}
{"message":"Loading... App Controllers","level":"info"}
{"message":"Loading... App Middlewares","level":"info"}
{"message":"Loading... App Models","level":"info"}
{"message":"Loading... App Services","level":"info"}
{"message":"Loading... Game Server.","level":"info"}
{"message":"Loading... Router","level":"info"}
{"message":"Initializing Variables","level":"info"}
{"message":"Loading... DB Connection","level":"info"}
{"message":"Mongoose default connection open to mongodb://127.0.0.1:27017/maangPatta","level":"info"}
{"message":"Loading... Setting","level":"info"}
{"message":"Loading... Socket","level":"info"}
{"message":"Initializing Server...","level":"info"}
{"message":"Loading... App Controllers","level":"info"}
{"message":"Loading... App Middlewares","level":"info"}
{"message":"Loading... App Models","level":"info"}
{"message":"Loading... App Services","level":"info"}
{"message":"Loading... Game Server.","level":"info"}
{"message":"Loading... Router","level":"info"}
{"message":"Initializing Variables","level":"info"}
{"message":"Loading... DB Connection","level":"info"}
{"message":"Mongoose default connection open to mongodb://127.0.0.1:27017/maangPatta","level":"info"}
{"message":"Loading... Setting","level":"info"}
{"message":"Loading... Socket","level":"info"}
{"message":"Some One Connected :VnspSgPNbjTGZc9GAAAA","level":"info"}
{"message":"Some One Connected :aAtHGztlGTpxtBnaAAAB","level":"info"}
{"message":"<=> gameCount|| 39","level":"info"}
{"message":"Initializing Server...","level":"info"}
{"message":"Loading... App Controllers","level":"info"}
{"message":"Loading... App Middlewares","level":"info"}
{"message":"Loading... App Models","level":"info"}
{"message":"Loading... App Services","level":"info"}
{"message":"Loading... Game Server.","level":"info"}
{"message":"Loading... Router","level":"info"}
{"message":"Initializing Variables","level":"info"}
{"message":"Loading... DB Connection","level":"info"}
{"message":"Mongoose default connection open to mongodb://127.0.0.1:27017/maangPatta","level":"info"}
{"message":"Loading... Setting","level":"info"}
{"message":"Loading... Socket","level":"info"}
{"message":"Some One Connected :5-nPXTWQAvxFV_eRAAAA","level":"info"}
{"message":"Some One Connected :ilS04E5-7O0OgSLSAAAB","level":"info"}
{"message":"Initializing Server...","level":"info"}
{"message":"Loading... App Controllers","level":"info"}
{"message":"Loading... App Middlewares","level":"info"}
{"message":"Loading... App Models","level":"info"}
{"message":"Loading... App Services","level":"info"}
{"message":"Loading... Game Server.","level":"info"}
{"message":"Loading... Router","level":"info"}
{"message":"Initializing Variables","level":"info"}
{"message":"Loading... DB Connection","level":"info"}
{"message":"Mongoose default connection open to mongodb://127.0.0.1:27017/maangPatta","level":"info"}
{"message":"Loading... Setting","level":"info"}
{"message":"Loading... Socket","level":"info"}
{"message":"Some One Connected :jAeedKujXMWCSsxLAAAA","level":"info"}
{"message":"Some One Connected :m99efMFgFi5PdUDCAAAB","level":"info"}
{"message":"Some One Connected :XFG4JS2vZAnv73UAAAAC","level":"info"}
{"message":"Some One Connected :ddLM6jQLBCETOsjAAAAD","level":"info"}
{"message":"Initializing Server...","level":"info"}
{"message":"Loading... App Controllers","level":"info"}
{"message":"Loading... App Middlewares","level":"info"}
{"message":"Loading... App Models","level":"info"}
{"message":"Loading... App Services","level":"info"}
{"message":"Loading... Game Server.","level":"info"}
{"message":"Loading... Router","level":"info"}
{"message":"Initializing Variables","level":"info"}
{"message":"Loading... DB Connection","level":"info"}
{"message":"Mongoose default connection open to mongodb://127.0.0.1:27017/maangPatta","level":"info"}
{"message":"Loading... Setting","level":"info"}
{"message":"Loading... Socket","level":"info"}
{"message":"Initializing Server...","level":"info"}
{"message":"Loading... App Controllers","level":"info"}
{"message":"Loading... App Middlewares","level":"info"}
{"message":"Loading... App Models","level":"info"}
{"message":"Loading... App Services","level":"info"}
{"message":"Loading... Game Server.","level":"info"}
{"message":"Loading... Router","level":"info"}
{"message":"Initializing Variables","level":"info"}
{"message":"Loading... DB Connection","level":"info"}
{"message":"Mongoose default connection open to mongodb://127.0.0.1:27017/maangPatta","level":"info"}
{"message":"Loading... Setting","level":"info"}
{"message":"Loading... Socket","level":"info"}
