{"message":"Initializing Server...","level":"info"}
{"message":"Loading... App Controllers","level":"info"}
{"message":"Loading... App Middlewares","level":"info"}
{"message":"Loading... App Models","level":"info"}
{"message":"Loading... App Services","level":"info"}
{"message":"Loading... Game Server.","level":"info"}
{"message":"Loading... Router","level":"info"}
{"message":"Initializing Variables","level":"info"}
{"message":"Loading... DB Connection","level":"info"}
{"message":"Mongoose default connection open to mongodb://127.0.0.1:27017/maangPatta","level":"info"}
{"message":"Loading... Setting","level":"info"}
{"message":"Loading... Socket","level":"info"}
{"message":"Initializing Server...","level":"info"}
{"message":"Loading... App Controllers","level":"info"}
{"message":"Loading... App Middlewares","level":"info"}
{"message":"Loading... App Models","level":"info"}
{"message":"Loading... App Services","level":"info"}
{"message":"Loading... Game Server.","level":"info"}
{"message":"Loading... Router","level":"info"}
{"message":"Initializing Variables","level":"info"}
{"message":"Loading... DB Connection","level":"info"}
{"message":"Mongoose default connection open to mongodb://127.0.0.1:27017/maangPatta","level":"info"}
{"message":"Loading... Setting","level":"info"}
{"message":"Loading... Socket","level":"info"}
{"message":"Some One Connected :dziZ15urzn_6TgfbAAAA","level":"info"}
{"message":"Initializing Server...","level":"info"}
{"message":"Loading... App Controllers","level":"info"}
{"message":"Loading... App Middlewares","level":"info"}
{"message":"Loading... App Models","level":"info"}
{"message":"Loading... App Services","level":"info"}
{"message":"Loading... Game Server.","level":"info"}
{"message":"Loading... Router","level":"info"}
{"message":"Initializing Variables","level":"info"}
{"message":"Loading... DB Connection","level":"info"}
{"message":"Mongoose default connection open to mongodb://127.0.0.1:27017/maangPatta","level":"info"}
{"message":"Loading... Setting","level":"info"}
{"message":"Loading... Socket","level":"info"}
{"message":"Some One Connected :EXtkysHwWFYF8mfFAAAA","level":"info"}
{"message":"Initializing Server...","level":"info"}
{"message":"Loading... App Controllers","level":"info"}
{"message":"Loading... App Middlewares","level":"info"}
{"message":"Loading... App Models","level":"info"}
{"message":"Loading... App Services","level":"info"}
{"message":"Loading... Game Server.","level":"info"}
{"message":"Loading... Router","level":"info"}
{"message":"Initializing Variables","level":"info"}
{"message":"Loading... DB Connection","level":"info"}
{"message":"Mongoose default connection open to mongodb://127.0.0.1:27017/maangPatta","level":"info"}
{"message":"Loading... Setting","level":"info"}
{"message":"Loading... Socket","level":"info"}
{"message":"Some One Connected :x4YaL6IONYowtXA9AAAA","level":"info"}
{"message":"Initializing Server...","level":"info"}
{"message":"Loading... App Controllers","level":"info"}
{"message":"Loading... App Middlewares","level":"info"}
{"message":"Loading... App Models","level":"info"}
{"message":"Loading... App Services","level":"info"}
{"message":"Loading... Game Server.","level":"info"}
{"message":"Loading... Router","level":"info"}
{"message":"Initializing Variables","level":"info"}
{"message":"Loading... DB Connection","level":"info"}
{"message":"Mongoose default connection open to mongodb://127.0.0.1:27017/maangPatta","level":"info"}
{"message":"Loading... Setting","level":"info"}
{"message":"Loading... Socket","level":"info"}
{"message":"Some One Connected :BVjXOWF4RSobaL2OAAAA","level":"info"}
{"message":"Initializing Server...","level":"info"}
{"message":"Loading... App Controllers","level":"info"}
{"message":"Loading... App Middlewares","level":"info"}
{"message":"Loading... App Models","level":"info"}
{"message":"Loading... App Services","level":"info"}
{"message":"Loading... Game Server.","level":"info"}
{"message":"Loading... Router","level":"info"}
{"message":"Initializing Variables","level":"info"}
{"message":"Loading... DB Connection","level":"info"}
{"message":"Mongoose default connection open to mongodb://127.0.0.1:27017/maangPatta","level":"info"}
{"message":"Loading... Setting","level":"info"}
{"message":"Loading... Socket","level":"info"}
{"message":"Some One Connected :ELkd5XIezQMReGJnAAAA","level":"info"}
{"message":"Initializing Server...","level":"info"}
{"message":"Loading... App Controllers","level":"info"}
{"message":"Loading... App Middlewares","level":"info"}
{"message":"Loading... App Models","level":"info"}
{"message":"Loading... App Services","level":"info"}
{"message":"Loading... Game Server.","level":"info"}
{"message":"Loading... Router","level":"info"}
{"message":"Initializing Variables","level":"info"}
{"message":"Loading... DB Connection","level":"info"}
{"message":"Mongoose default connection open to mongodb://127.0.0.1:27017/maangPatta","level":"info"}
{"message":"Loading... Setting","level":"info"}
{"message":"Loading... Socket","level":"info"}
{"message":"Some One Connected :u3qMsAsXPaMstuk8AAAA","level":"info"}
{"message":"Some One Connected :f6ahCuZhMb66GhHFAAAB","level":"info"}
{"message":"Some One Connected :ztXJVrI1ThfThRMgAAAC","level":"info"}
{"message":"Some One Connected :UE0f22y9Lg-DRlHyAAAD","level":"info"}
{"message":"Some One Connected :OjBVyRhKUbvM5GamAAAE","level":"info"}
{"message":"<=> gameCount|| 28","level":"info"}
{"message":"Some One Connected :7vDmA9kUZKR2yzz6AAAF","level":"info"}
{"message":"Initializing Server...","level":"info"}
{"message":"Loading... App Controllers","level":"info"}
{"message":"Loading... App Middlewares","level":"info"}
{"message":"Loading... App Models","level":"info"}
{"message":"Loading... App Services","level":"info"}
{"message":"Loading... Game Server.","level":"info"}
{"message":"Loading... Router","level":"info"}
{"message":"Initializing Variables","level":"info"}
{"message":"Loading... DB Connection","level":"info"}
{"message":"Mongoose default connection open to mongodb://127.0.0.1:27017/maangPatta","level":"info"}
{"message":"Loading... Setting","level":"info"}
{"message":"Loading... Socket","level":"info"}
{"message":"Some One Connected :c32dYuASH3LvlnY9AAAA","level":"info"}
{"message":"Some One Connected :X33Oo-0XZw-WHBplAAAB","level":"info"}
{"message":"Some One Connected :p59dkh3d0nit4KocAAAC","level":"info"}
{"message":"Some One Connected :KxP5mnr3Z8ZdLnMoAAAD","level":"info"}
{"message":"Some One Connected :6DfnC6IpN5yuoX7lAAAE","level":"info"}
{"message":"Some One Connected :XY-ZLZEObQssIbdDAAAF","level":"info"}
{"message":"Initializing Server...","level":"info"}
{"message":"Loading... App Controllers","level":"info"}
{"message":"Loading... App Middlewares","level":"info"}
{"message":"Loading... App Models","level":"info"}
{"message":"Loading... App Services","level":"info"}
{"message":"Loading... Game Server.","level":"info"}
{"message":"Loading... Router","level":"info"}
{"message":"Initializing Variables","level":"info"}
{"message":"Loading... DB Connection","level":"info"}
{"message":"Mongoose default connection open to mongodb://127.0.0.1:27017/maangPatta","level":"info"}
{"message":"Loading... Setting","level":"info"}
{"message":"Loading... Socket","level":"info"}
{"message":"Initializing Server...","level":"info"}
{"message":"Loading... App Controllers","level":"info"}
{"message":"Loading... App Middlewares","level":"info"}
{"message":"Loading... App Models","level":"info"}
{"message":"Loading... App Services","level":"info"}
{"message":"Loading... Game Server.","level":"info"}
{"message":"Loading... Router","level":"info"}
{"message":"Initializing Variables","level":"info"}
{"message":"Loading... DB Connection","level":"info"}
{"message":"Mongoose default connection open to mongodb://127.0.0.1:27017/maangPatta","level":"info"}
{"message":"Loading... Setting","level":"info"}
{"message":"Loading... Socket","level":"info"}
{"message":"Initializing Server...","level":"info"}
{"message":"Loading... App Controllers","level":"info"}
{"message":"Loading... App Middlewares","level":"info"}
{"message":"Loading... App Models","level":"info"}
{"message":"Loading... App Services","level":"info"}
{"message":"Loading... Game Server.","level":"info"}
{"message":"Loading... Router","level":"info"}
{"message":"Initializing Variables","level":"info"}
{"message":"Loading... DB Connection","level":"info"}
{"message":"Mongoose default connection open to mongodb://127.0.0.1:27017/maangPatta","level":"info"}
{"message":"Loading... Setting","level":"info"}
{"message":"Loading... Socket","level":"info"}
{"message":"Initializing Server...","level":"info"}
{"message":"Loading... App Controllers","level":"info"}
{"message":"Loading... App Middlewares","level":"info"}
{"message":"Loading... App Models","level":"info"}
{"message":"Loading... App Services","level":"info"}
{"message":"Loading... Game Server.","level":"info"}
{"message":"Loading... Router","level":"info"}
{"message":"Initializing Variables","level":"info"}
{"message":"Loading... DB Connection","level":"info"}
{"message":"Mongoose default connection open to mongodb://127.0.0.1:27017/maangPatta","level":"info"}
{"message":"Loading... Setting","level":"info"}
{"message":"Loading... Socket","level":"info"}
{"message":"Initializing Server...","level":"info"}
{"message":"Loading... App Controllers","level":"info"}
{"message":"Loading... App Middlewares","level":"info"}
{"message":"Loading... App Models","level":"info"}
{"message":"Loading... App Services","level":"info"}
{"message":"Loading... Game Server.","level":"info"}
{"message":"Loading... Router","level":"info"}
{"message":"Initializing Variables","level":"info"}
{"message":"Loading... DB Connection","level":"info"}
{"message":"Mongoose default connection open to mongodb://127.0.0.1:27017/maangPatta","level":"info"}
{"message":"Loading... Setting","level":"info"}
{"message":"Loading... Socket","level":"info"}
{"message":"Initializing Server...","level":"info"}
{"message":"Loading... App Controllers","level":"info"}
{"message":"Loading... App Middlewares","level":"info"}
{"message":"Loading... App Models","level":"info"}
{"message":"Loading... App Services","level":"info"}
{"message":"Loading... Game Server.","level":"info"}
{"message":"Loading... Router","level":"info"}
{"message":"Initializing Variables","level":"info"}
{"message":"Loading... DB Connection","level":"info"}
{"message":"Mongoose default connection open to mongodb://127.0.0.1:27017/maangPatta","level":"info"}
{"message":"Loading... Setting","level":"info"}
{"message":"Loading... Socket","level":"info"}
{"message":"Initializing Server...","level":"info"}
{"message":"Loading... App Controllers","level":"info"}
{"message":"Loading... App Middlewares","level":"info"}
{"message":"Loading... App Models","level":"info"}
{"message":"Loading... App Services","level":"info"}
{"message":"Loading... Game Server.","level":"info"}
{"message":"Loading... Router","level":"info"}
{"message":"Initializing Variables","level":"info"}
{"message":"Loading... DB Connection","level":"info"}
{"message":"Mongoose default connection open to mongodb://127.0.0.1:27017/maangPatta","level":"info"}
{"message":"Loading... Setting","level":"info"}
{"message":"Loading... Socket","level":"info"}
{"message":"Initializing Server...","level":"info"}
{"message":"Loading... App Controllers","level":"info"}
{"message":"Loading... App Middlewares","level":"info"}
{"message":"Loading... App Models","level":"info"}
{"message":"Loading... App Services","level":"info"}
{"message":"Loading... Game Server.","level":"info"}
{"message":"Loading... Router","level":"info"}
{"message":"Initializing Variables","level":"info"}
{"message":"Loading... DB Connection","level":"info"}
{"message":"Mongoose default connection open to mongodb://127.0.0.1:27017/maangPatta","level":"info"}
{"message":"Loading... Setting","level":"info"}
{"message":"Loading... Socket","level":"info"}
{"message":"Initializing Server...","level":"info"}
{"message":"Loading... App Controllers","level":"info"}
{"message":"Loading... App Middlewares","level":"info"}
{"message":"Loading... App Models","level":"info"}
{"message":"Loading... App Services","level":"info"}
{"message":"Loading... Game Server.","level":"info"}
{"message":"Loading... Router","level":"info"}
{"message":"Initializing Variables","level":"info"}
{"message":"Loading... DB Connection","level":"info"}
{"message":"Mongoose default connection open to mongodb://127.0.0.1:27017/maangPatta","level":"info"}
{"message":"Loading... Setting","level":"info"}
{"message":"Loading... Socket","level":"info"}
{"message":"Some One Connected :QQprnrnKjdal2bMbAAAA","level":"info"}
{"message":"Initializing Server...","level":"info"}
{"message":"Loading... App Controllers","level":"info"}
{"message":"Loading... App Middlewares","level":"info"}
{"message":"Loading... App Models","level":"info"}
{"message":"Loading... App Services","level":"info"}
{"message":"Loading... Game Server.","level":"info"}
{"message":"Loading... Router","level":"info"}
{"message":"Initializing Variables","level":"info"}
{"message":"Loading... DB Connection","level":"info"}
{"message":"Mongoose default connection open to mongodb://127.0.0.1:27017/maangPatta","level":"info"}
{"message":"Loading... Setting","level":"info"}
{"message":"Loading... Socket","level":"info"}
{"message":"Some One Connected :u5qtaBCMH1W0rT9AAAAA","level":"info"}
{"message":"Initializing Server...","level":"info"}
{"message":"Loading... App Controllers","level":"info"}
{"message":"Loading... App Middlewares","level":"info"}
{"message":"Loading... App Models","level":"info"}
{"message":"Loading... App Services","level":"info"}
{"message":"Loading... Game Server.","level":"info"}
{"message":"Loading... Router","level":"info"}
{"message":"Initializing Variables","level":"info"}
{"message":"Loading... DB Connection","level":"info"}
{"message":"Mongoose default connection open to mongodb://127.0.0.1:27017/maangPatta","level":"info"}
{"message":"Loading... Setting","level":"info"}
{"message":"Loading... Socket","level":"info"}
{"message":"Some One Connected :YASnzDtkb0NiPg5CAAAA","level":"info"}
{"message":"Initializing Server...","level":"info"}
{"message":"Loading... App Controllers","level":"info"}
{"message":"Loading... App Middlewares","level":"info"}
{"message":"Loading... App Models","level":"info"}
{"message":"Loading... App Services","level":"info"}
{"message":"Loading... Game Server.","level":"info"}
{"message":"Loading... Router","level":"info"}
{"message":"Initializing Variables","level":"info"}
{"message":"Loading... DB Connection","level":"info"}
{"message":"Initializing Server...","level":"info"}
{"message":"Loading... App Controllers","level":"info"}
{"message":"Loading... App Middlewares","level":"info"}
{"message":"Loading... App Models","level":"info"}
{"message":"Loading... App Services","level":"info"}
{"message":"Loading... Game Server.","level":"info"}
{"message":"Loading... Router","level":"info"}
{"message":"Initializing Variables","level":"info"}
{"message":"Loading... DB Connection","level":"info"}
{"message":"Mongoose default connection open to mongodb://127.0.0.1:27017/maangPatta","level":"info"}
{"message":"Loading... Setting","level":"info"}
{"message":"Loading... Socket","level":"info"}
{"message":"Some One Connected :mJdHNB9pSlDG-hZpAAAA","level":"info"}
{"message":"Some One Connected :zRKWDehcCLvbJTxIAAAB","level":"info"}
{"message":"Initializing Server...","level":"info"}
{"message":"Loading... App Controllers","level":"info"}
{"message":"Loading... App Middlewares","level":"info"}
{"message":"Loading... App Models","level":"info"}
{"message":"Loading... App Services","level":"info"}
{"message":"Loading... Game Server.","level":"info"}
{"message":"Loading... Router","level":"info"}
{"message":"Initializing Variables","level":"info"}
{"message":"Loading... DB Connection","level":"info"}
{"message":"Mongoose default connection open to mongodb://127.0.0.1:27017/maangPatta","level":"info"}
{"message":"Loading... Setting","level":"info"}
{"message":"Loading... Socket","level":"info"}
{"message":"Some One Connected :UcH_SnGdeUKGjvohAAAA","level":"info"}
{"message":"Initializing Server...","level":"info"}
{"message":"Loading... App Controllers","level":"info"}
{"message":"Loading... App Middlewares","level":"info"}
{"message":"Loading... App Models","level":"info"}
{"message":"Loading... App Services","level":"info"}
{"message":"Loading... Game Server.","level":"info"}
{"message":"Loading... Router","level":"info"}
{"message":"Initializing Variables","level":"info"}
{"message":"Loading... DB Connection","level":"info"}
{"message":"Mongoose default connection open to mongodb://127.0.0.1:27017/maangPatta","level":"info"}
{"message":"Loading... Setting","level":"info"}
{"message":"Loading... Socket","level":"info"}
{"message":"Some One Connected :_lr9EUAQEoPXFMonAAAA","level":"info"}
{"message":"Initializing Server...","level":"info"}
{"message":"Loading... App Controllers","level":"info"}
{"message":"Loading... App Middlewares","level":"info"}
{"message":"Loading... App Models","level":"info"}
{"message":"Loading... App Services","level":"info"}
{"message":"Loading... Game Server.","level":"info"}
{"message":"Loading... Router","level":"info"}
{"message":"Initializing Variables","level":"info"}
{"message":"Loading... DB Connection","level":"info"}
{"message":"Mongoose default connection open to mongodb://127.0.0.1:27017/maangPatta","level":"info"}
{"message":"Loading... Setting","level":"info"}
{"message":"Loading... Socket","level":"info"}
{"message":"Some One Connected :KIfkRHnBBE9lM9n_AAAA","level":"info"}
{"message":"Initializing Server...","level":"info"}
{"message":"Loading... App Controllers","level":"info"}
{"message":"Loading... App Middlewares","level":"info"}
{"message":"Loading... App Models","level":"info"}
{"message":"Loading... App Services","level":"info"}
{"message":"Loading... Game Server.","level":"info"}
{"message":"Loading... Router","level":"info"}
{"message":"Initializing Variables","level":"info"}
{"message":"Loading... DB Connection","level":"info"}
{"message":"Mongoose default connection open to mongodb://127.0.0.1:27017/maangPatta","level":"info"}
{"message":"Loading... Setting","level":"info"}
{"message":"Loading... Socket","level":"info"}
{"message":"Some One Connected :JjoSVpv88qRcrhtdAAAA","level":"info"}
{"message":"Initializing Server...","level":"info"}
{"message":"Loading... App Controllers","level":"info"}
{"message":"Loading... App Middlewares","level":"info"}
{"message":"Loading... App Models","level":"info"}
{"message":"Loading... App Services","level":"info"}
{"message":"Loading... Game Server.","level":"info"}
{"message":"Loading... Router","level":"info"}
{"message":"Initializing Variables","level":"info"}
{"message":"Loading... DB Connection","level":"info"}
{"message":"Mongoose default connection open to mongodb://127.0.0.1:27017/maangPatta","level":"info"}
{"message":"Loading... Setting","level":"info"}
{"message":"Initializing Server...","level":"info"}
{"message":"Loading... App Controllers","level":"info"}
{"message":"Loading... App Middlewares","level":"info"}
{"message":"Loading... App Models","level":"info"}
{"message":"Loading... App Services","level":"info"}
{"message":"Loading... Game Server.","level":"info"}
{"message":"Loading... Router","level":"info"}
{"message":"Initializing Variables","level":"info"}
{"message":"Loading... DB Connection","level":"info"}
{"message":"Mongoose default connection open to mongodb://127.0.0.1:27017/maangPatta","level":"info"}
{"message":"Loading... Setting","level":"info"}
{"message":"Loading... Socket","level":"info"}
{"message":"Some One Connected :iYSWk1k_ZAUkR8NgAAAA","level":"info"}
{"message":"Initializing Server...","level":"info"}
{"message":"Loading... App Controllers","level":"info"}
{"message":"Loading... App Middlewares","level":"info"}
{"message":"Loading... App Models","level":"info"}
{"message":"Loading... App Services","level":"info"}
{"message":"Loading... Game Server.","level":"info"}
{"message":"Loading... Router","level":"info"}
{"message":"Initializing Variables","level":"info"}
{"message":"Loading... DB Connection","level":"info"}
{"message":"Mongoose default connection open to mongodb://127.0.0.1:27017/maangPatta","level":"info"}
{"message":"Loading... Setting","level":"info"}
{"message":"Loading... Socket","level":"info"}
{"message":"Some One Connected :cEcvLD6F0whP4qVwAAAA","level":"info"}
{"message":"Initializing Server...","level":"info"}
{"message":"Loading... App Controllers","level":"info"}
{"message":"Loading... App Middlewares","level":"info"}
{"message":"Loading... App Models","level":"info"}
{"message":"Loading... App Services","level":"info"}
{"message":"Loading... Game Server.","level":"info"}
{"message":"Loading... Router","level":"info"}
{"message":"Initializing Variables","level":"info"}
{"message":"Loading... DB Connection","level":"info"}
{"message":"Mongoose default connection open to mongodb://127.0.0.1:27017/maangPatta","level":"info"}
{"message":"Loading... Setting","level":"info"}
{"message":"Loading... Socket","level":"info"}
{"message":"Some One Connected :4pb58UWy5uZDfBC9AAAA","level":"info"}
{"message":"Initializing Server...","level":"info"}
{"message":"Loading... App Controllers","level":"info"}
{"message":"Loading... App Middlewares","level":"info"}
{"message":"Loading... App Models","level":"info"}
{"message":"Loading... App Services","level":"info"}
{"message":"Loading... Game Server.","level":"info"}
{"message":"Loading... Router","level":"info"}
{"message":"Initializing Variables","level":"info"}
{"message":"Loading... DB Connection","level":"info"}
{"message":"Mongoose default connection open to mongodb://127.0.0.1:27017/maangPatta","level":"info"}
{"message":"Loading... Setting","level":"info"}
{"message":"Loading... Socket","level":"info"}
{"message":"Some One Connected :HkfgXHDBzEsVcmltAAAA","level":"info"}
{"message":"Initializing Server...","level":"info"}
{"message":"Loading... App Controllers","level":"info"}
{"message":"Loading... App Middlewares","level":"info"}
{"message":"Loading... App Models","level":"info"}
{"message":"Loading... App Services","level":"info"}
{"message":"Loading... Game Server.","level":"info"}
{"message":"Loading... Router","level":"info"}
{"message":"Initializing Variables","level":"info"}
{"message":"Loading... DB Connection","level":"info"}
{"message":"Mongoose default connection open to mongodb://127.0.0.1:27017/maangPatta","level":"info"}
{"message":"Loading... Setting","level":"info"}
{"message":"Loading... Socket","level":"info"}
{"message":"Some One Connected :gKeAz9rtrvUGeQz4AAAA","level":"info"}
{"message":"Initializing Server...","level":"info"}
{"message":"Loading... App Controllers","level":"info"}
{"message":"Loading... App Middlewares","level":"info"}
{"message":"Loading... App Models","level":"info"}
{"message":"Loading... App Services","level":"info"}
{"message":"Loading... Game Server.","level":"info"}
{"message":"Loading... Router","level":"info"}
{"message":"Initializing Variables","level":"info"}
{"message":"Loading... DB Connection","level":"info"}
{"message":"Mongoose default connection open to mongodb://127.0.0.1:27017/maangPatta","level":"info"}
{"message":"Loading... Setting","level":"info"}
{"message":"Loading... Socket","level":"info"}
{"message":"Some One Connected :UndEiwKRKSvVNIBHAAAA","level":"info"}
{"message":"Initializing Server...","level":"info"}
{"message":"Loading... App Controllers","level":"info"}
{"message":"Loading... App Middlewares","level":"info"}
{"message":"Loading... App Models","level":"info"}
{"message":"Loading... App Services","level":"info"}
{"message":"Loading... Game Server.","level":"info"}
{"message":"Loading... Router","level":"info"}
{"message":"Initializing Variables","level":"info"}
{"message":"Loading... DB Connection","level":"info"}
{"message":"Mongoose default connection open to mongodb://127.0.0.1:27017/maangPatta","level":"info"}
{"message":"Loading... Setting","level":"info"}
{"message":"Loading... Socket","level":"info"}
{"message":"Some One Connected :ix1gqfLpYqgw4RLoAAAA","level":"info"}
{"message":"Initializing Server...","level":"info"}
{"message":"Loading... App Controllers","level":"info"}
{"message":"Loading... App Middlewares","level":"info"}
{"message":"Loading... App Models","level":"info"}
{"message":"Loading... App Services","level":"info"}
{"message":"Loading... Game Server.","level":"info"}
{"message":"Loading... Router","level":"info"}
{"message":"Initializing Variables","level":"info"}
{"message":"Loading... DB Connection","level":"info"}
{"message":"Mongoose default connection open to mongodb://127.0.0.1:27017/maangPatta","level":"info"}
{"message":"Loading... Setting","level":"info"}
{"message":"Loading... Socket","level":"info"}
{"message":"Some One Connected :c72R73WfAVfWzE1RAAAA","level":"info"}
{"message":"Initializing Server...","level":"info"}
{"message":"Loading... App Controllers","level":"info"}
{"message":"Loading... App Middlewares","level":"info"}
{"message":"Loading... App Models","level":"info"}
{"message":"Loading... App Services","level":"info"}
{"message":"Loading... Game Server.","level":"info"}
{"message":"Loading... Router","level":"info"}
{"message":"Initializing Variables","level":"info"}
{"message":"Loading... DB Connection","level":"info"}
{"message":"Mongoose default connection open to mongodb://127.0.0.1:27017/maangPatta","level":"info"}
{"message":"Loading... Setting","level":"info"}
{"message":"Loading... Socket","level":"info"}
{"message":"Some One Connected :W-zgSEOHVQDb4BLtAAAA","level":"info"}
{"message":"Initializing Server...","level":"info"}
{"message":"Loading... App Controllers","level":"info"}
{"message":"Loading... App Middlewares","level":"info"}
{"message":"Loading... App Models","level":"info"}
{"message":"Loading... App Services","level":"info"}
{"message":"Loading... Game Server.","level":"info"}
{"message":"Loading... Router","level":"info"}
{"message":"Initializing Variables","level":"info"}
{"message":"Loading... DB Connection","level":"info"}
{"message":"Mongoose default connection open to mongodb://127.0.0.1:27017/maangPatta","level":"info"}
{"message":"Loading... Setting","level":"info"}
{"message":"Loading... Socket","level":"info"}
{"message":"Some One Connected :01RYvNDsOCfssXOAAAAA","level":"info"}
{"message":"Some One Connected :Mx1cBYy-7HrWJnt2AAAB","level":"info"}
{"message":"Some One Connected :ZkRmqGu3-cRKAUx8AAAC","level":"info"}
{"message":"Some One Connected :52uV7X_TnctLm5c1AAAD","level":"info"}
{"message":"Initializing Server...","level":"info"}
{"message":"Loading... App Controllers","level":"info"}
{"message":"Loading... App Middlewares","level":"info"}
{"message":"Loading... App Models","level":"info"}
{"message":"Loading... App Services","level":"info"}
{"message":"Loading... Game Server.","level":"info"}
{"message":"Loading... Router","level":"info"}
{"message":"Initializing Variables","level":"info"}
{"message":"Loading... DB Connection","level":"info"}
{"message":"Mongoose default connection open to mongodb://127.0.0.1:27017/maangPatta","level":"info"}
{"message":"Loading... Setting","level":"info"}
{"message":"Loading... Socket","level":"info"}
{"message":"Some One Connected :MY8HurWXvTUWxfmRAAAA","level":"info"}
{"message":"Some One Connected :UNkZKIwYoFS9tJ0JAAAB","level":"info"}
{"message":"Some One Connected :87kf7h2kTn1YbEBDAAAC","level":"info"}
{"message":"Some One Connected :YqTV19RXg6aR4oRkAAAD","level":"info"}
{"message":"Some One Connected :cEUIATeGFnKsTFvRAAAE","level":"info"}
{"message":"Some One Connected :LNKIyycrJeG65hUuAAAF","level":"info"}
{"message":"Some One Connected :NIgNGWM7ufbymnAxAAAG","level":"info"}
{"message":"Some One Connected :LwRO-inOhJVBE5nfAAAH","level":"info"}
{"message":"Some One Connected :oar99BB1FpCRIzLTAAAI","level":"info"}
{"message":"Some One Connected :k-KtieNkWjosTIdXAAAJ","level":"info"}
{"message":"Some One Connected :MzVUstb50Gq8RqI-AAAK","level":"info"}
{"message":"Some One Connected :f0ulcqEU_2nwU1R-AAAL","level":"info"}
{"message":"Some One Connected :4Kd1P18yIqGAy2i0AAAM","level":"info"}
{"message":"Some One Connected :rE2E50V0ihmfwU0mAAAN","level":"info"}
{"message":"Some One Connected :_Ep-ZOyT8LU_Qsr-AAAO","level":"info"}
{"message":"Some One Connected :7zd0CpDLKy4VbEEdAAAP","level":"info"}
{"message":"Initializing Server...","level":"info"}
{"message":"Loading... App Controllers","level":"info"}
{"message":"Loading... App Middlewares","level":"info"}
{"message":"Loading... App Models","level":"info"}
{"message":"Loading... App Services","level":"info"}
{"message":"Loading... Game Server.","level":"info"}
{"message":"Loading... Router","level":"info"}
{"message":"Initializing Variables","level":"info"}
{"message":"Loading... DB Connection","level":"info"}
{"message":"Mongoose default connection open to mongodb://127.0.0.1:27017/maangPatta","level":"info"}
{"message":"Loading... Setting","level":"info"}
{"message":"Loading... Socket","level":"info"}
{"message":"Some One Connected :tle8GSx--L88A3atAAAA","level":"info"}
{"message":"Initializing Server...","level":"info"}
{"message":"Loading... App Controllers","level":"info"}
{"message":"Loading... App Middlewares","level":"info"}
{"message":"Loading... App Models","level":"info"}
{"message":"Loading... App Services","level":"info"}
{"message":"Loading... Game Server.","level":"info"}
{"message":"Loading... Router","level":"info"}
{"message":"Initializing Variables","level":"info"}
{"message":"Loading... DB Connection","level":"info"}
{"message":"Mongoose default connection open to mongodb://127.0.0.1:27017/maangPatta","level":"info"}
{"message":"Loading... Setting","level":"info"}
{"message":"Initializing Server...","level":"info"}
{"message":"Loading... App Controllers","level":"info"}
{"message":"Loading... App Middlewares","level":"info"}
{"message":"Loading... App Models","level":"info"}
{"message":"Loading... App Services","level":"info"}
{"message":"Loading... Game Server.","level":"info"}
{"message":"Loading... Router","level":"info"}
{"message":"Initializing Variables","level":"info"}
{"message":"Loading... DB Connection","level":"info"}
{"message":"Mongoose default connection open to mongodb://127.0.0.1:27017/maangPatta","level":"info"}
{"message":"Loading... Setting","level":"info"}
{"message":"Loading... Socket","level":"info"}
{"message":"Some One Connected :LEN-D-QYHqYdbxZyAAAA","level":"info"}
{"message":"Some One Connected :7TLoxIowBvE09WTxAAAB","level":"info"}
{"message":"Initializing Server...","level":"info"}
{"message":"Loading... App Controllers","level":"info"}
{"message":"Loading... App Middlewares","level":"info"}
{"message":"Loading... App Models","level":"info"}
{"message":"Loading... App Services","level":"info"}
{"message":"Loading... Game Server.","level":"info"}
{"message":"Loading... Router","level":"info"}
{"message":"Initializing Variables","level":"info"}
{"message":"Loading... DB Connection","level":"info"}
{"message":"Mongoose default connection open to mongodb://127.0.0.1:27017/maangPatta","level":"info"}
{"message":"Loading... Setting","level":"info"}
{"message":"Loading... Socket","level":"info"}
{"message":"Some One Connected :HoRFH9T-PVKL8sGBAAAA","level":"info"}
{"message":"Some One Connected :MVs0P5crPyElBXI5AAAB","level":"info"}
{"message":"Initializing Server...","level":"info"}
{"message":"Loading... App Controllers","level":"info"}
{"message":"Loading... App Middlewares","level":"info"}
{"message":"Loading... App Models","level":"info"}
{"message":"Loading... App Services","level":"info"}
{"message":"Loading... Game Server.","level":"info"}
{"message":"Loading... Router","level":"info"}
{"message":"Initializing Variables","level":"info"}
{"message":"Loading... DB Connection","level":"info"}
{"message":"Mongoose default connection open to mongodb://127.0.0.1:27017/maangPatta","level":"info"}
{"message":"Loading... Setting","level":"info"}
{"message":"Loading... Socket","level":"info"}
{"message":"Some One Connected :3aQE_Crl2Fo-WNwEAAAA","level":"info"}
{"message":"Initializing Server...","level":"info"}
{"message":"Loading... App Controllers","level":"info"}
{"message":"Loading... App Middlewares","level":"info"}
{"message":"Loading... App Models","level":"info"}
{"message":"Loading... App Services","level":"info"}
{"message":"Loading... Game Server.","level":"info"}
{"message":"Loading... Router","level":"info"}
{"message":"Initializing Variables","level":"info"}
{"message":"Loading... DB Connection","level":"info"}
{"message":"Mongoose default connection open to mongodb://127.0.0.1:27017/maangPatta","level":"info"}
{"message":"Loading... Setting","level":"info"}
{"message":"Loading... Socket","level":"info"}
{"message":"Some One Connected :24CdYHYBqU14-m7nAAAA","level":"info"}
{"message":"Initializing Server...","level":"info"}
{"message":"Loading... App Controllers","level":"info"}
{"message":"Loading... App Middlewares","level":"info"}
{"message":"Loading... App Models","level":"info"}
{"message":"Loading... App Services","level":"info"}
{"message":"Loading... Game Server.","level":"info"}
{"message":"Loading... Router","level":"info"}
{"message":"Initializing Variables","level":"info"}
{"message":"Loading... DB Connection","level":"info"}
{"message":"Mongoose default connection open to mongodb://127.0.0.1:27017/maangPatta","level":"info"}
{"message":"Loading... Setting","level":"info"}
{"message":"Loading... Socket","level":"info"}
{"message":"Some One Connected :01aTUb21_SW5-Wk1AAAA","level":"info"}
{"message":"Initializing Server...","level":"info"}
{"message":"Loading... App Controllers","level":"info"}
{"message":"Loading... App Middlewares","level":"info"}
{"message":"Loading... App Models","level":"info"}
{"message":"Loading... App Services","level":"info"}
{"message":"Loading... Game Server.","level":"info"}
{"message":"Loading... Router","level":"info"}
{"message":"Initializing Variables","level":"info"}
{"message":"Loading... DB Connection","level":"info"}
{"message":"Mongoose default connection open to mongodb://127.0.0.1:27017/maangPatta","level":"info"}
{"message":"Loading... Setting","level":"info"}
{"message":"Loading... Socket","level":"info"}
{"message":"Some One Connected :G7QO71Y-Csq3CSRnAAAA","level":"info"}
{"message":"Some One Connected :sHdunjNV2x_JCu4eAAAB","level":"info"}
{"message":"Initializing Server...","level":"info"}
{"message":"Loading... App Controllers","level":"info"}
{"message":"Loading... App Middlewares","level":"info"}
{"message":"Loading... App Models","level":"info"}
{"message":"Loading... App Services","level":"info"}
{"message":"Loading... Game Server.","level":"info"}
{"message":"Loading... Router","level":"info"}
{"message":"Initializing Variables","level":"info"}
{"message":"Loading... DB Connection","level":"info"}
{"message":"Mongoose default connection open to mongodb://127.0.0.1:27017/maangPatta","level":"info"}
{"message":"Loading... Setting","level":"info"}
{"message":"Loading... Socket","level":"info"}
{"message":"Some One Connected :gLK9f622LCuS0eO5AAAA","level":"info"}
{"message":"Initializing Server...","level":"info"}
{"message":"Loading... App Controllers","level":"info"}
{"message":"Loading... App Middlewares","level":"info"}
{"message":"Loading... App Models","level":"info"}
{"message":"Loading... App Services","level":"info"}
{"message":"Loading... Game Server.","level":"info"}
{"message":"Loading... Router","level":"info"}
{"message":"Initializing Variables","level":"info"}
{"message":"Loading... DB Connection","level":"info"}
{"message":"Mongoose default connection open to mongodb://127.0.0.1:27017/maangPatta","level":"info"}
{"message":"Loading... Setting","level":"info"}
{"message":"Loading... Socket","level":"info"}
{"message":"Some One Connected :-C90UwvRSFApHrk7AAAA","level":"info"}
{"message":"Initializing Server...","level":"info"}
{"message":"Loading... App Controllers","level":"info"}
{"message":"Loading... App Middlewares","level":"info"}
{"message":"Loading... App Models","level":"info"}
{"message":"Loading... App Services","level":"info"}
{"message":"Loading... Game Server.","level":"info"}
{"message":"Loading... Router","level":"info"}
{"message":"Initializing Variables","level":"info"}
{"message":"Loading... DB Connection","level":"info"}
{"message":"Mongoose default connection open to mongodb://127.0.0.1:27017/maangPatta","level":"info"}
{"message":"Loading... Setting","level":"info"}
{"message":"Loading... Socket","level":"info"}
{"message":"Some One Connected :bqbkmW9a9rBrrgEFAAAA","level":"info"}
{"message":"Initializing Server...","level":"info"}
{"message":"Loading... App Controllers","level":"info"}
{"message":"Loading... App Middlewares","level":"info"}
{"message":"Loading... App Models","level":"info"}
{"message":"Loading... App Services","level":"info"}
{"message":"Loading... Game Server.","level":"info"}
{"message":"Loading... Router","level":"info"}
{"message":"Initializing Variables","level":"info"}
{"message":"Loading... DB Connection","level":"info"}
{"message":"Mongoose default connection open to mongodb://127.0.0.1:27017/maangPatta","level":"info"}
{"message":"Loading... Setting","level":"info"}
{"message":"Loading... Socket","level":"info"}
{"message":"Some One Connected :uuzYCSwZ36gqWM2vAAAA","level":"info"}
{"message":"Some One Connected :6kP4iG5ntzhFeIicAAAB","level":"info"}
{"message":"Initializing Server...","level":"info"}
{"message":"Loading... App Controllers","level":"info"}
{"message":"Loading... App Middlewares","level":"info"}
{"message":"Loading... App Models","level":"info"}
{"message":"Loading... App Services","level":"info"}
{"message":"Loading... Game Server.","level":"info"}
{"message":"Loading... Router","level":"info"}
{"message":"Initializing Variables","level":"info"}
{"message":"Loading... DB Connection","level":"info"}
{"message":"Mongoose default connection open to mongodb://127.0.0.1:27017/maangPatta","level":"info"}
{"message":"Loading... Setting","level":"info"}
{"message":"Loading... Socket","level":"info"}
{"message":"Some One Connected :oPWUrXCiT5Xms-dUAAAA","level":"info"}
{"message":"Some One Connected :FJgq-V5FRV_9JQP9AAAB","level":"info"}
{"message":"Some One Connected :SZk_FIuYoGMHsXT0AAAC","level":"info"}
{"message":"Some One Connected :pUZV9OH8e18mOtFnAAAD","level":"info"}
{"message":"Some One Connected :5mniM-OAGagL8OdYAAAE","level":"info"}
{"message":"Some One Connected :dSZjHNUFpLKzFTdaAAAF","level":"info"}
{"message":"Some One Connected :upM_tFNPiMBg4o2lAAAG","level":"info"}
{"message":"Initializing Server...","level":"info"}
{"message":"Loading... App Controllers","level":"info"}
{"message":"Loading... App Middlewares","level":"info"}
{"message":"Loading... App Models","level":"info"}
{"message":"Loading... App Services","level":"info"}
{"message":"Loading... Game Server.","level":"info"}
{"message":"Loading... Router","level":"info"}
{"message":"Initializing Variables","level":"info"}
{"message":"Loading... DB Connection","level":"info"}
{"message":"Mongoose default connection open to mongodb://127.0.0.1:27017/maangPatta","level":"info"}
{"message":"Loading... Setting","level":"info"}
{"message":"Loading... Socket","level":"info"}
{"message":"Some One Connected :rSNpXhkUMdEWe03fAAAA","level":"info"}
{"message":"Some One Connected :WtR7uzk0Jl2kbw-NAAAB","level":"info"}
{"message":"Initializing Server...","level":"info"}
{"message":"Loading... App Controllers","level":"info"}
{"message":"Loading... App Middlewares","level":"info"}
{"message":"Loading... App Models","level":"info"}
{"message":"Loading... App Services","level":"info"}
{"message":"Loading... Game Server.","level":"info"}
{"message":"Loading... Router","level":"info"}
{"message":"Initializing Variables","level":"info"}
{"message":"Loading... DB Connection","level":"info"}
{"message":"Mongoose default connection open to mongodb://127.0.0.1:27017/maangPatta","level":"info"}
{"message":"Loading... Setting","level":"info"}
{"message":"Loading... Socket","level":"info"}
{"message":"Some One Connected :z8-ZUUvravvykCkkAAAA","level":"info"}
{"message":"Some One Connected :hAdhM7ufHtMfJ8sXAAAB","level":"info"}
{"message":"Initializing Server...","level":"info"}
{"message":"Loading... App Controllers","level":"info"}
{"message":"Loading... App Middlewares","level":"info"}
{"message":"Loading... App Models","level":"info"}
{"message":"Loading... App Services","level":"info"}
{"message":"Loading... Game Server.","level":"info"}
{"message":"Loading... Router","level":"info"}
{"message":"Initializing Variables","level":"info"}
{"message":"Loading... DB Connection","level":"info"}
{"message":"Mongoose default connection open to mongodb://127.0.0.1:27017/maangPatta","level":"info"}
{"message":"Loading... Setting","level":"info"}
{"message":"Loading... Socket","level":"info"}
{"message":"Some One Connected :5H-PsAbfQdgHHRcQAAAA","level":"info"}
{"message":"Initializing Server...","level":"info"}
{"message":"Loading... App Controllers","level":"info"}
{"message":"Loading... App Middlewares","level":"info"}
{"message":"Loading... App Models","level":"info"}
{"message":"Loading... App Services","level":"info"}
{"message":"Loading... Game Server.","level":"info"}
{"message":"Loading... Router","level":"info"}
{"message":"Initializing Variables","level":"info"}
{"message":"Loading... DB Connection","level":"info"}
{"message":"Mongoose default connection open to mongodb://127.0.0.1:27017/maangPatta","level":"info"}
{"message":"Loading... Setting","level":"info"}
{"message":"Loading... Socket","level":"info"}
{"message":"Some One Connected :NkocxNLUCQah5xKqAAAA","level":"info"}
{"message":"Some One Connected :xP1Pqzg14ZuD462jAAAB","level":"info"}
{"message":"Some One Connected :f0y1HxvscjGmmh5DAAAC","level":"info"}
{"message":"Initializing Server...","level":"info"}
{"message":"Loading... App Controllers","level":"info"}
{"message":"Loading... App Middlewares","level":"info"}
{"message":"Loading... App Models","level":"info"}
{"message":"Loading... App Services","level":"info"}
{"message":"Loading... Game Server.","level":"info"}
{"message":"Loading... Router","level":"info"}
{"message":"Initializing Variables","level":"info"}
{"message":"Loading... DB Connection","level":"info"}
{"message":"Mongoose default connection open to mongodb://127.0.0.1:27017/maangPatta","level":"info"}
{"message":"Loading... Setting","level":"info"}
{"message":"Loading... Socket","level":"info"}
{"message":"Some One Connected :tAn4m4y46ijlR8dcAAAA","level":"info"}
{"message":"Initializing Server...","level":"info"}
{"message":"Loading... App Controllers","level":"info"}
{"message":"Loading... App Middlewares","level":"info"}
{"message":"Loading... App Models","level":"info"}
{"message":"Loading... App Services","level":"info"}
{"message":"Loading... Game Server.","level":"info"}
{"message":"Loading... Router","level":"info"}
{"message":"Initializing Variables","level":"info"}
{"message":"Loading... DB Connection","level":"info"}
{"message":"Mongoose default connection open to mongodb://127.0.0.1:27017/maangPatta","level":"info"}
{"message":"Loading... Setting","level":"info"}
{"message":"Loading... Socket","level":"info"}
{"message":"Some One Connected :jFSl72g6rSG5lX7WAAAA","level":"info"}
{"message":"Some One Connected :q4gWHtwjOhQIHjQnAAAB","level":"info"}
{"message":"Error in playerWithdrawAmount : Error: error in insertDataWithdrawAmount validation failed: withdrawAmount: Path `withdrawAmount` is required.","level":"info"}
{"message":"Initializing Server...","level":"info"}
{"message":"Loading... App Controllers","level":"info"}
{"message":"Loading... App Middlewares","level":"info"}
{"message":"Loading... App Models","level":"info"}
{"message":"Loading... App Services","level":"info"}
{"message":"Loading... Game Server.","level":"info"}
{"message":"Loading... Router","level":"info"}
{"message":"Initializing Variables","level":"info"}
{"message":"Loading... DB Connection","level":"info"}
{"message":"Mongoose default connection open to mongodb://127.0.0.1:27017/maangPatta","level":"info"}
{"message":"Loading... Setting","level":"info"}
{"message":"Loading... Socket","level":"info"}
{"message":"Some One Connected :5ZXbIgzFR8p8bnvUAAAA","level":"info"}
{"message":"Some One Connected :6j3k6xHv-xFRadOSAAAB","level":"info"}
{"message":"Some One Connected :bg3UYGYpF8VYt0j0AAAC","level":"info"}
{"message":"Some One Connected :eZziZYCdMmfakEOWAAAD","level":"info"}
{"message":"Some One Connected :_yOSfx9sVP6pgV9XAAAE","level":"info"}
{"message":"Initializing Server...","level":"info"}
{"message":"Loading... App Controllers","level":"info"}
{"message":"Loading... App Middlewares","level":"info"}
{"message":"Loading... App Models","level":"info"}
{"message":"Loading... App Services","level":"info"}
{"message":"Loading... Game Server.","level":"info"}
{"message":"Loading... Router","level":"info"}
{"message":"Initializing Variables","level":"info"}
{"message":"Loading... DB Connection","level":"info"}
{"message":"Mongoose default connection open to mongodb://127.0.0.1:27017/maangPatta","level":"info"}
{"message":"Loading... Setting","level":"info"}
{"message":"Loading... Socket","level":"info"}
{"message":"Some One Connected :2XNR7CahwYUAhxYKAAAA","level":"info"}
{"message":"Some One Connected :3xXc_B7MRe6EYCQjAAAB","level":"info"}
{"message":"Some One Connected :1dEis5R62iYl1OisAAAC","level":"info"}
{"message":"Initializing Server...","level":"info"}
{"message":"Loading... App Controllers","level":"info"}
{"message":"Loading... App Middlewares","level":"info"}
{"message":"Loading... App Models","level":"info"}
{"message":"Loading... App Services","level":"info"}
{"message":"Loading... Game Server.","level":"info"}
{"message":"Loading... Router","level":"info"}
{"message":"Initializing Variables","level":"info"}
{"message":"Loading... DB Connection","level":"info"}
{"message":"Mongoose default connection open to mongodb://127.0.0.1:27017/maangPatta","level":"info"}
{"message":"Loading... Setting","level":"info"}
{"message":"Loading... Socket","level":"info"}
{"message":"Some One Connected :hlnpOte4Y_oAcXwcAAAA","level":"info"}
{"message":"Some One Connected :VMhXMh3zA4k3pNlqAAAB","level":"info"}
{"message":"Initializing Server...","level":"info"}
{"message":"Loading... App Controllers","level":"info"}
{"message":"Loading... App Middlewares","level":"info"}
{"message":"Loading... App Models","level":"info"}
{"message":"Loading... App Services","level":"info"}
{"message":"Loading... Game Server.","level":"info"}
{"message":"Loading... Router","level":"info"}
{"message":"Initializing Variables","level":"info"}
{"message":"Loading... DB Connection","level":"info"}
{"message":"Mongoose default connection open to mongodb://127.0.0.1:27017/maangPatta","level":"info"}
{"message":"Loading... Setting","level":"info"}
{"message":"Loading... Socket","level":"info"}
{"message":"Some One Connected :0rMqgwTIZRcGdnBNAAAA","level":"info"}
{"message":"Some One Connected :bwZ02fVPzd9_C9mhAAAB","level":"info"}
{"message":"Some One Connected :nusPjjYOx5UbmVyXAAAC","level":"info"}
{"message":"Some One Connected :xHlPrVtJVsLKrPUOAAAD","level":"info"}
{"message":"Some One Connected :GD9WQvwXAkIiiEIQAAAE","level":"info"}
{"message":"Initializing Server...","level":"info"}
{"message":"Loading... App Controllers","level":"info"}
{"message":"Loading... App Middlewares","level":"info"}
{"message":"Loading... App Models","level":"info"}
{"message":"Loading... App Services","level":"info"}
{"message":"Loading... Game Server.","level":"info"}
{"message":"Loading... Router","level":"info"}
{"message":"Initializing Variables","level":"info"}
{"message":"Loading... DB Connection","level":"info"}
{"message":"Mongoose default connection open to mongodb://127.0.0.1:27017/maangPatta","level":"info"}
{"message":"Loading... Setting","level":"info"}
{"message":"Loading... Socket","level":"info"}
{"message":"Some One Connected :EQI_CbKDVBg6mRS9AAAA","level":"info"}
{"message":"Initializing Server...","level":"info"}
{"message":"Loading... App Controllers","level":"info"}
{"message":"Loading... App Middlewares","level":"info"}
{"message":"Loading... App Models","level":"info"}
{"message":"Loading... App Services","level":"info"}
{"message":"Loading... Game Server.","level":"info"}
{"message":"Loading... Router","level":"info"}
{"message":"Initializing Variables","level":"info"}
{"message":"Loading... DB Connection","level":"info"}
{"message":"Mongoose default connection open to mongodb://127.0.0.1:27017/maangPatta","level":"info"}
{"message":"Loading... Setting","level":"info"}
{"message":"Loading... Socket","level":"info"}
{"message":"Some One Connected :f39qkE0FddP6BuWKAAAA","level":"info"}
{"message":"Some One Connected :L6bMF7f7CDs0-8bBAAAB","level":"info"}
{"message":"Some One Connected :gfrKTwh_w_laTvltAAAC","level":"info"}
{"message":"Some One Connected :Te9ismLEm0Ba2IT_AAAD","level":"info"}
{"message":"Some One Connected :ZQJW3aEEft3Ab7POAAAE","level":"info"}
{"message":"Some One Connected :cO7BhbY4rZDQQqVTAAAF","level":"info"}
{"message":"Initializing Server...","level":"info"}
{"message":"Loading... App Controllers","level":"info"}
{"message":"Loading... App Middlewares","level":"info"}
{"message":"Loading... App Models","level":"info"}
{"message":"Loading... App Services","level":"info"}
{"message":"Loading... Game Server.","level":"info"}
{"message":"Loading... Router","level":"info"}
{"message":"Initializing Variables","level":"info"}
{"message":"Loading... DB Connection","level":"info"}
{"message":"Mongoose default connection open to mongodb://127.0.0.1:27017/maangPatta","level":"info"}
{"message":"Loading... Setting","level":"info"}
{"message":"Loading... Socket","level":"info"}
{"message":"Mongoose default connection disconnected","level":"info"}
