{"message":"Initializing Server...","level":"info"}
{"message":"Loading... App Controllers","level":"info"}
{"message":"Loading... App Middlewares","level":"info"}
{"message":"Loading... App Models","level":"info"}
{"message":"Loading... App Services","level":"info"}
{"message":"Loading... Game Server.","level":"info"}
{"message":"Loading... Router","level":"info"}
{"message":"Initializing Variables","level":"info"}
{"message":"Loading... DB Connection","level":"info"}
{"message":"Mongoose default connection open to mongodb://127.0.0.1:27017/maangPatta","level":"info"}
{"message":"Loading... Setting","level":"info"}
{"message":"Loading... Socket","level":"info"}
{"message":"Some One Connected :Xvhpcb2u2myzQtVPAAAA","level":"info"}
{"message":"Some One Connected :l6LHpsaazmmqO6CAAAAB","level":"info"}
{"message":"Some One Connected :PcZKqyOM62LjX94IAAAC","level":"info"}
{"message":"Some One Connected :STOJmfETNItmQwVIAAAD","level":"info"}
{"message":"Some One Connected :n7nunuUGz7drJ2huAAAE","level":"info"}
{"message":"Some One Connected :AiSDiLQjd21Au7McAAAF","level":"info"}
{"message":"Some One Connected :fH7l-f5DZt7VjlkOAAAG","level":"info"}
{"message":"Some One Connected :hsEhkQHNBsPWrg-wAAAH","level":"info"}
{"message":"Some One Connected :za5sDQ4apxIVk1gCAAAI","level":"info"}
{"message":"Some One Connected :nXyt8zObyAoFHEtgAAAJ","level":"info"}
{"message":"Some One Connected :NIDHkM-mXQG0swOnAAAK","level":"info"}
{"message":"Some One Connected :Tjf7VyGLBdWXzaLdAAAL","level":"info"}
{"message":"Some One Connected :yR1YREJeh5V9wVEdAAAM","level":"info"}
{"message":"Some One Connected :13ke_mPqy2RlM9xHAAAN","level":"info"}
{"message":"Some One Connected :nu1ElXXxeZSWr8seAAAO","level":"info"}
{"message":"Some One Connected :_Rh7s95pFnxr4hpfAAAP","level":"info"}
{"message":"Some One Connected :NggTGQDj2RuffrQEAAAQ","level":"info"}
{"message":"Some One Connected :OGUn-V3233ihY0zuAAAR","level":"info"}
