{"message":"Initializing Server...","level":"info"}
{"message":"Loading... App Controllers","level":"info"}
{"message":"Loading... App Middlewares","level":"info"}
{"message":"Loading... App Models","level":"info"}
{"message":"Loading... App Services","level":"info"}
{"message":"Loading... Game Server.","level":"info"}
{"message":"Loading... Router","level":"info"}
{"message":"Initializing Variables","level":"info"}
{"message":"Loading... DB Connection","level":"info"}
{"message":"Mongoose default connection open to mongodb://127.0.0.1:27017/maangPatta","level":"info"}
{"message":"Loading... Setting","level":"info"}
{"message":"Loading... Socket","level":"info"}
{"message":"Some One Connected :OYWoTmbuZ_KedBtlAAAA","level":"info"}
{"message":"Mongoose default connection disconnected","level":"info"}
{"message":"Initializing Server...","level":"info"}
{"message":"Loading... App Controllers","level":"info"}
{"message":"Loading... App Middlewares","level":"info"}
{"message":"Loading... App Models","level":"info"}
{"message":"Loading... App Services","level":"info"}
{"message":"Loading... Game Server.","level":"info"}
{"message":"Loading... Router","level":"info"}
{"message":"Initializing Variables","level":"info"}
{"message":"Loading... DB Connection","level":"info"}
{"message":"Mongoose default connection open to mongodb://127.0.0.1:27017/maangPatta","level":"info"}
{"message":"Loading... Setting","level":"info"}
{"message":"Loading... Socket","level":"info"}
{"message":"Some One Connected :BfVi-W_5RWb11A4iAAAA","level":"info"}
{"message":"Some One Connected :0Y-3eDN3Z5yX_-mkAAAB","level":"info"}
{"message":"Some One Connected :_fIiswGKF0fLMQjJAAAC","level":"info"}
{"message":"Initializing Server...","level":"info"}
{"message":"Loading... App Controllers","level":"info"}
{"message":"Loading... App Middlewares","level":"info"}
{"message":"Loading... App Models","level":"info"}
{"message":"Loading... App Services","level":"info"}
{"message":"Loading... Game Server.","level":"info"}
{"message":"Loading... Router","level":"info"}
{"message":"Initializing Variables","level":"info"}
{"message":"Loading... DB Connection","level":"info"}
{"message":"Mongoose default connection open to mongodb://127.0.0.1:27017/maangPatta","level":"info"}
{"message":"Loading... Setting","level":"info"}
{"message":"Loading... Socket","level":"info"}
{"message":"Some One Connected :nCtdL2scy-BL-o-ZAAAA","level":"info"}
{"message":"Some One Connected :dMGn7qb_JBkdMXdDAAAB","level":"info"}
{"message":"Some One Connected :lhMLiAUeA7cvCBxwAAAC","level":"info"}
{"message":"Initializing Server...","level":"info"}
{"message":"Loading... App Controllers","level":"info"}
{"message":"Loading... App Middlewares","level":"info"}
{"message":"Loading... App Models","level":"info"}
{"message":"Loading... App Services","level":"info"}
{"message":"Loading... Game Server.","level":"info"}
{"message":"Loading... Router","level":"info"}
{"message":"Initializing Variables","level":"info"}
{"message":"Loading... DB Connection","level":"info"}
{"message":"Mongoose default connection open to mongodb://127.0.0.1:27017/maangPatta","level":"info"}
{"message":"Loading... Setting","level":"info"}
{"message":"Loading... Socket","level":"info"}
{"message":"Initializing Server...","level":"info"}
{"message":"Loading... App Controllers","level":"info"}
{"message":"Loading... App Middlewares","level":"info"}
{"message":"Loading... App Models","level":"info"}
{"message":"Loading... App Services","level":"info"}
{"message":"Loading... Game Server.","level":"info"}
{"message":"Loading... Router","level":"info"}
{"message":"Initializing Variables","level":"info"}
{"message":"Loading... DB Connection","level":"info"}
{"message":"Mongoose default connection open to mongodb://127.0.0.1:27017/maangPatta","level":"info"}
{"message":"Loading... Setting","level":"info"}
{"message":"Loading... Socket","level":"info"}
{"message":"Initializing Server...","level":"info"}
{"message":"Loading... App Controllers","level":"info"}
{"message":"Loading... App Middlewares","level":"info"}
{"message":"Loading... App Models","level":"info"}
{"message":"Loading... App Services","level":"info"}
{"message":"Loading... Game Server.","level":"info"}
{"message":"Loading... Router","level":"info"}
{"message":"Initializing Variables","level":"info"}
{"message":"Loading... DB Connection","level":"info"}
{"message":"Mongoose default connection open to mongodb://127.0.0.1:27017/maangPatta","level":"info"}
{"message":"Loading... Setting","level":"info"}
{"message":"Loading... Socket","level":"info"}
{"message":"Initializing Server...","level":"info"}
{"message":"Loading... App Controllers","level":"info"}
{"message":"Loading... App Middlewares","level":"info"}
{"message":"Loading... App Models","level":"info"}
{"message":"Loading... App Services","level":"info"}
{"message":"Loading... Game Server.","level":"info"}
{"message":"Loading... Router","level":"info"}
{"message":"Initializing Variables","level":"info"}
{"message":"Loading... DB Connection","level":"info"}
{"message":"Mongoose default connection open to mongodb://127.0.0.1:27017/maangPatta","level":"info"}
{"message":"Loading... Setting","level":"info"}
{"message":"Loading... Socket","level":"info"}
{"message":"Initializing Server...","level":"info"}
{"message":"Loading... App Controllers","level":"info"}
{"message":"Loading... App Middlewares","level":"info"}
{"message":"Loading... App Models","level":"info"}
{"message":"Loading... App Services","level":"info"}
{"message":"Loading... Game Server.","level":"info"}
{"message":"Loading... Router","level":"info"}
{"message":"Initializing Variables","level":"info"}
{"message":"Loading... DB Connection","level":"info"}
{"message":"Mongoose default connection open to mongodb://127.0.0.1:27017/maangPatta","level":"info"}
{"message":"Loading... Setting","level":"info"}
{"message":"Loading... Socket","level":"info"}
{"message":"Initializing Server...","level":"info"}
{"message":"Loading... App Controllers","level":"info"}
{"message":"Loading... App Middlewares","level":"info"}
{"message":"Loading... App Models","level":"info"}
{"message":"Loading... App Services","level":"info"}
{"message":"Loading... Game Server.","level":"info"}
{"message":"Loading... Router","level":"info"}
{"message":"Initializing Variables","level":"info"}
{"message":"Loading... DB Connection","level":"info"}
{"message":"Mongoose default connection open to mongodb://127.0.0.1:27017/maangPatta","level":"info"}
{"message":"Loading... Setting","level":"info"}
{"message":"Loading... Socket","level":"info"}
{"message":"Initializing Server...","level":"info"}
{"message":"Loading... App Controllers","level":"info"}
{"message":"Loading... App Middlewares","level":"info"}
{"message":"Loading... App Models","level":"info"}
{"message":"Loading... App Services","level":"info"}
{"message":"Loading... Game Server.","level":"info"}
{"message":"Loading... Router","level":"info"}
{"message":"Initializing Variables","level":"info"}
{"message":"Loading... DB Connection","level":"info"}
{"message":"Mongoose default connection open to mongodb://127.0.0.1:27017/maangPatta","level":"info"}
{"message":"Loading... Setting","level":"info"}
{"message":"Loading... Socket","level":"info"}
{"message":"Initializing Server...","level":"info"}
{"message":"Loading... App Controllers","level":"info"}
{"message":"Loading... App Middlewares","level":"info"}
{"message":"Loading... App Models","level":"info"}
{"message":"Loading... App Services","level":"info"}
{"message":"Loading... Game Server.","level":"info"}
{"message":"Loading... Router","level":"info"}
{"message":"Initializing Variables","level":"info"}
{"message":"Loading... DB Connection","level":"info"}
{"message":"Mongoose default connection open to mongodb://127.0.0.1:27017/maangPatta","level":"info"}
{"message":"Loading... Setting","level":"info"}
{"message":"Loading... Socket","level":"info"}
{"message":"Initializing Server...","level":"info"}
{"message":"Loading... App Controllers","level":"info"}
{"message":"Loading... App Middlewares","level":"info"}
{"message":"Loading... App Models","level":"info"}
{"message":"Loading... App Services","level":"info"}
{"message":"Loading... Game Server.","level":"info"}
{"message":"Loading... Router","level":"info"}
{"message":"Initializing Variables","level":"info"}
{"message":"Loading... DB Connection","level":"info"}
{"message":"Mongoose default connection open to mongodb://127.0.0.1:27017/maangPatta","level":"info"}
{"message":"Loading... Setting","level":"info"}
{"message":"Loading... Socket","level":"info"}
{"message":"Some One Connected :V-YniXYs1Hew_9XnAAAA","level":"info"}
{"message":"Some One Connected :WxaLQGjbTEYUKp6oAAAB","level":"info"}
{"message":"<=> gameCount|| 0","level":"info"}
{"message":"Some One Connected :Lc_eaCX2k8TesWOXAAAC","level":"info"}
{"message":"Some One Connected :Mr5DJXlZrbzcE8xcAAAD","level":"info"}
{"message":"Some One Connected :eCWef_ST2zqj7RiEAAAE","level":"info"}
{"message":"Some One Connected :PNRKaOavyS0FN9TJAAAF","level":"info"}
{"message":"<=> gameCount|| 1","level":"info"}
{"message":"Some One Connected :3ac4D3axMsASWUq3AAAG","level":"info"}
{"message":"Some One Connected :qAJBNOjX9DSGe6vbAAAH","level":"info"}
{"message":"Some One Connected :EhLWFztqqqjsfXafAAAI","level":"info"}
{"message":"Some One Connected :H7MnWvzqw6QeN9UGAAAJ","level":"info"}
{"message":"<=> gameCount|| 2","level":"info"}
{"message":"<=> gameCount|| 3","level":"info"}
{"message":"Some One Connected :Vxn0c_qgmyuqyiACAAAK","level":"info"}
{"message":"Some One Connected :gq9V3Kex_M77D2rvAAAL","level":"info"}
{"message":"<=> gameCount|| 4","level":"info"}
{"message":"Some One Connected :OO5wxiBDnDOj66vfAAAM","level":"info"}
{"message":"Some One Connected :bePRQvXEiWnc_GpvAAAN","level":"info"}
{"message":"Some One Connected :PXBHfq1rlVAAu7wcAAAO","level":"info"}
{"message":"Some One Connected :vk2X8hFk-7em7t0nAAAP","level":"info"}
{"message":"Some One Connected :qsmZFJM3c523GOqHAAAQ","level":"info"}
{"message":"Initializing Server...","level":"info"}
{"message":"Loading... App Controllers","level":"info"}
{"message":"Loading... App Middlewares","level":"info"}
{"message":"Loading... App Models","level":"info"}
{"message":"Loading... App Services","level":"info"}
{"message":"Loading... Game Server.","level":"info"}
{"message":"Loading... Router","level":"info"}
{"message":"Initializing Variables","level":"info"}
{"message":"Loading... DB Connection","level":"info"}
{"message":"Mongoose default connection open to mongodb://127.0.0.1:27017/maangPatta","level":"info"}
{"message":"Loading... Setting","level":"info"}
{"message":"Loading... Socket","level":"info"}
{"message":"Some One Connected :0WsT3sXfBfgx3bznAAAA","level":"info"}
{"message":"Some One Connected :uAcA_FlKni-8qDlbAAAB","level":"info"}
{"message":"Some One Connected :OKvsahwoIMxUOWkOAAAC","level":"info"}
{"message":"Initializing Server...","level":"info"}
{"message":"Loading... App Controllers","level":"info"}
{"message":"Loading... App Middlewares","level":"info"}
{"message":"Loading... App Models","level":"info"}
{"message":"Loading... App Services","level":"info"}
{"message":"Loading... Game Server.","level":"info"}
{"message":"Loading... Router","level":"info"}
{"message":"Initializing Variables","level":"info"}
{"message":"Loading... DB Connection","level":"info"}
{"message":"Mongoose default connection open to mongodb://127.0.0.1:27017/maangPatta","level":"info"}
{"message":"Loading... Setting","level":"info"}
{"message":"Loading... Socket","level":"info"}
{"message":"Initializing Server...","level":"info"}
{"message":"Loading... App Controllers","level":"info"}
{"message":"Loading... App Middlewares","level":"info"}
{"message":"Loading... App Models","level":"info"}
{"message":"Loading... App Services","level":"info"}
{"message":"Loading... Game Server.","level":"info"}
{"message":"Loading... Router","level":"info"}
{"message":"Initializing Variables","level":"info"}
{"message":"Loading... DB Connection","level":"info"}
{"message":"Mongoose default connection open to mongodb://127.0.0.1:27017/maangPatta","level":"info"}
{"message":"Loading... Setting","level":"info"}
{"message":"Loading... Socket","level":"info"}
{"message":"Some One Connected :ujFtRk6yFqvDVer-AAAA","level":"info"}
{"message":"Some One Connected :nXkowq8pJz-XLpTcAAAB","level":"info"}
{"message":"Some One Connected :SmPhMEiorBKvdLluAAAC","level":"info"}
{"message":"Some One Connected :MKE0Gu12vSG8rQPXAAAD","level":"info"}
{"message":"Some One Connected :b8UVNm0XnZ-9ldz4AAAE","level":"info"}
{"message":"Some One Connected :GgK0fD93zCuAL5QbAAAF","level":"info"}
{"message":"<=> gameCount|| 5","level":"info"}
{"message":"Some One Connected :19zWdbyL7NBlm5BcAAAG","level":"info"}
{"message":"Some One Connected :Zm22NOID0Q7EaUH5AAAH","level":"info"}
{"message":"Some One Connected :EycpTZnMayel7G2XAAAI","level":"info"}
{"message":"Some One Connected :TumVd8XxrZIde-7zAAAJ","level":"info"}
{"message":"Some One Connected :unpRrY9WeiXdPHvtAAAK","level":"info"}
{"message":"Some One Connected :EOkXAw2-r-7i5kIyAAAL","level":"info"}
{"message":"Initializing Server...","level":"info"}
{"message":"Loading... App Controllers","level":"info"}
{"message":"Loading... App Middlewares","level":"info"}
{"message":"Loading... App Models","level":"info"}
{"message":"Loading... App Services","level":"info"}
{"message":"Loading... Game Server.","level":"info"}
{"message":"Loading... Router","level":"info"}
{"message":"Initializing Variables","level":"info"}
{"message":"Loading... DB Connection","level":"info"}
{"message":"Mongoose default connection open to mongodb://127.0.0.1:27017/maangPatta","level":"info"}
{"message":"Loading... Setting","level":"info"}
{"message":"Loading... Socket","level":"info"}
{"message":"Some One Connected :FKq-N5_TMZOISXETAAAA","level":"info"}
{"message":"Some One Connected :h1f9m-oFoCHu6YPzAAAB","level":"info"}
{"message":"Some One Connected :HZyrEW41eKMZiqohAAAC","level":"info"}
{"message":"Initializing Server...","level":"info"}
{"message":"Loading... App Controllers","level":"info"}
{"message":"Loading... App Middlewares","level":"info"}
{"message":"Loading... App Models","level":"info"}
{"message":"Loading... App Services","level":"info"}
{"message":"Loading... Game Server.","level":"info"}
{"message":"Loading... Router","level":"info"}
{"message":"Initializing Variables","level":"info"}
{"message":"Loading... DB Connection","level":"info"}
{"message":"Mongoose default connection open to mongodb://127.0.0.1:27017/maangPatta","level":"info"}
{"message":"Loading... Setting","level":"info"}
{"message":"Loading... Socket","level":"info"}
{"message":"Some One Connected :njoeTD8RJLiATBMAAAAA","level":"info"}
{"message":"Some One Connected :bjvXjAfABS-wguzfAAAB","level":"info"}
{"message":"Some One Connected :dTWnCncT8hUOaMVXAAAC","level":"info"}
{"message":"Some One Connected :g-LIX-Bvmcwd2RsPAAAD","level":"info"}
{"message":"Some One Connected :7RKO2eM5Sb9-bVhVAAAE","level":"info"}
{"message":"Some One Connected :x85_Vs9LCW5uCLS4AAAF","level":"info"}
{"message":"Some One Connected :YVQvIFIQpiTAmKunAAAG","level":"info"}
{"message":"Some One Connected :Z_MGsOOrOJNnmfetAAAH","level":"info"}
{"message":"Some One Connected :IbYysin9t3ZP8ndtAAAI","level":"info"}
{"message":"Some One Connected :NeRwlFlFtzvcC-HfAAAJ","level":"info"}
{"message":"Some One Connected :xYDlEHmIV9-Fsw_dAAAK","level":"info"}
{"message":"Some One Connected :Yt7VnbImHs9-SKbSAAAL","level":"info"}
{"message":"Some One Connected :ShV7qJSGleCiI14aAAAM","level":"info"}
{"message":"Some One Connected :spfnjbn4M7QWH5FmAAAN","level":"info"}
{"message":"Some One Connected :9RSD9Hl8jWzWyiHqAAAO","level":"info"}
{"message":"Some One Connected :6MLWmPUEy-WtHof4AAAP","level":"info"}
{"message":"<=> gameCount|| 6","level":"info"}
{"message":"Some One Connected :owp7So9K2U03MTmsAAAQ","level":"info"}
{"message":"Some One Connected :We3iqWpNfzISw6i_AAAR","level":"info"}
{"message":"Some One Connected :cgM-z1U_xbdpDpTZAAAS","level":"info"}
{"message":"<=> gameCount|| 7","level":"info"}
{"message":"Initializing Server...","level":"info"}
{"message":"Loading... App Controllers","level":"info"}
{"message":"Loading... App Middlewares","level":"info"}
{"message":"Loading... App Models","level":"info"}
{"message":"Loading... App Services","level":"info"}
{"message":"Loading... Game Server.","level":"info"}
{"message":"Loading... Router","level":"info"}
{"message":"Initializing Variables","level":"info"}
{"message":"Loading... DB Connection","level":"info"}
{"message":"Mongoose default connection open to mongodb://127.0.0.1:27017/maangPatta","level":"info"}
{"message":"Loading... Setting","level":"info"}
{"message":"Loading... Socket","level":"info"}
{"message":"Some One Connected :IG3PPw6lKnjhl0EAAAAA","level":"info"}
{"message":"Some One Connected :OR_OwFjC3k_RbG3zAAAB","level":"info"}
{"message":"<=> gameCount|| 8","level":"info"}
{"message":"Some One Connected :Y91r7oP0LxMcF8RgAAAC","level":"info"}
{"message":"Some One Connected :FqiDpPCUetNwn3rKAAAD","level":"info"}
{"message":"Some One Connected :qku8_dQ_6L4_OvhZAAAE","level":"info"}
{"message":"<=> gameCount|| 9","level":"info"}
{"message":"Some One Connected :uZozmojT4eT0Kk0sAAAF","level":"info"}
{"message":"<=> gameCount|| 10","level":"info"}
{"message":"Some One Connected :eSuoWQl5obocdysMAAAG","level":"info"}
{"message":"Some One Connected :CW0ZJxc4wj2KI8JgAAAH","level":"info"}
{"message":"Some One Connected :3vfmusqFFK0sb4BvAAAI","level":"info"}
{"message":"Initializing Server...","level":"info"}
{"message":"Loading... App Controllers","level":"info"}
{"message":"Loading... App Middlewares","level":"info"}
{"message":"Loading... App Models","level":"info"}
{"message":"Loading... App Services","level":"info"}
{"message":"Loading... Game Server.","level":"info"}
{"message":"Loading... Router","level":"info"}
{"message":"Initializing Variables","level":"info"}
{"message":"Loading... DB Connection","level":"info"}
{"message":"Mongoose default connection open to mongodb://127.0.0.1:27017/maangPatta","level":"info"}
{"message":"Loading... Setting","level":"info"}
{"message":"Loading... Socket","level":"info"}
{"message":"Some One Connected :XboPUQCv1sCYnqWYAAAA","level":"info"}
{"message":"Some One Connected :yKH9EK4Kt9ec2yzpAAAB","level":"info"}
{"message":"Some One Connected :oGDss9h4UAJy2-RTAAAC","level":"info"}
