{"message":"Initializing Server...","level":"info"}
{"message":"Loading... App Controllers","level":"info"}
{"message":"Loading... App Middlewares","level":"info"}
{"message":"Loading... App Models","level":"info"}
{"message":"Loading... App Services","level":"info"}
{"message":"Loading... Game Server.","level":"info"}
{"message":"Loading... Router","level":"info"}
{"message":"Initializing Variables","level":"info"}
{"message":"Loading... DB Connection","level":"info"}
{"message":"Mongoose default connection open to mongodb://127.0.0.1:27017/maangPatta","level":"info"}
{"message":"Loading... Setting","level":"info"}
{"message":"Loading... Socket","level":"info"}
{"message":"Mongoose default connection disconnected","level":"info"}
{"message":"Initializing Server...","level":"info"}
{"message":"Loading... App Controllers","level":"info"}
{"message":"Loading... App Middlewares","level":"info"}
{"message":"Loading... App Models","level":"info"}
{"message":"Loading... App Services","level":"info"}
{"message":"Loading... Game Server.","level":"info"}
{"message":"Loading... Router","level":"info"}
{"message":"Initializing Variables","level":"info"}
{"message":"Loading... DB Connection","level":"info"}
{"message":"Mongoose default connection open to mongodb://127.0.0.1:27017/maangPatta","level":"info"}
{"message":"Loading... Setting","level":"info"}
{"message":"Loading... Socket","level":"info"}
{"message":"Initializing Server...","level":"info"}
{"message":"Loading... App Controllers","level":"info"}
{"message":"Loading... App Middlewares","level":"info"}
{"message":"Loading... App Models","level":"info"}
{"message":"Loading... App Services","level":"info"}
{"message":"Loading... Game Server.","level":"info"}
{"message":"Loading... Router","level":"info"}
{"message":"Initializing Variables","level":"info"}
{"message":"Loading... DB Connection","level":"info"}
{"message":"Mongoose default connection open to mongodb://127.0.0.1:27017/maangPatta","level":"info"}
{"message":"Loading... Setting","level":"info"}
{"message":"Loading... Socket","level":"info"}
{"message":"Some One Connected :ILFP0DP6t9Vlujf2AAAA","level":"info"}
{"message":"Some One Connected :x3WEIwq9Pn05XjYqAAAB","level":"info"}
{"message":"Some One Connected :GZwtDoKQCNyS1LgdAAAC","level":"info"}
{"message":"Some One Connected :ubZKMFEUXutGUzgbAAAD","level":"info"}
{"message":"Some One Connected :cLXAE0sTW7XvzHZ7AAAE","level":"info"}
{"message":"Some One Connected :van6fUHyYuoxcqS2AAAF","level":"info"}
{"message":"Some One Connected :WfZ0lyi5u-qGjLBIAAAG","level":"info"}
{"message":"Some One Connected :bnkP7B3Ohv3F5TRhAAAH","level":"info"}
{"message":"Some One Connected :kzCaeLAAJxNj1oThAAAI","level":"info"}
{"message":"Some One Connected :G2yDv7dotwDPmbskAAAJ","level":"info"}
{"message":"Some One Connected :BJRXP28Nk5garxkEAAAK","level":"info"}
{"message":"Some One Connected :eUSZQLjn026QvjhoAAAL","level":"info"}
{"message":"<=> gameCount|| 158","level":"info"}
{"message":"Mongoose default connection disconnected","level":"info"}
{"message":"Initializing Server...","level":"info"}
{"message":"Loading... App Controllers","level":"info"}
{"message":"Loading... App Middlewares","level":"info"}
{"message":"Loading... App Models","level":"info"}
{"message":"Loading... App Services","level":"info"}
{"message":"Loading... Game Server.","level":"info"}
{"message":"Loading... Router","level":"info"}
{"message":"Initializing Variables","level":"info"}
{"message":"Loading... DB Connection","level":"info"}
{"message":"Mongoose default connection open to mongodb://127.0.0.1:27017/maangPatta","level":"info"}
{"message":"Loading... Setting","level":"info"}
{"message":"Loading... Socket","level":"info"}
{"message":"Some One Connected :_RD6EMFXdc89tunuAAAA","level":"info"}
{"message":"Some One Connected :mSxKoO6Hoc26iAM-AAAB","level":"info"}
{"message":"<=> gameCount|| 159","level":"info"}
{"message":"Some One Connected :Y7hpkvo1brb0LZHqAAAC","level":"info"}
{"message":"Some One Connected :b09xJRCs_LhD1RFjAAAD","level":"info"}
{"message":"Some One Connected :q0w2CJRALafBuwajAAAE","level":"info"}
{"message":"Some One Connected :XUEPgBUISRLYo7eTAAAF","level":"info"}
{"message":"Some One Connected :mWQRqWjA0f8jBhOrAAAG","level":"info"}
{"message":"Some One Connected :EKE1SjCqy1R1xlePAAAH","level":"info"}
{"message":"Some One Connected :TdpYjlb2FBRMC1p4AAAI","level":"info"}
{"message":"Some One Connected :qLZAr7ZBsOJGr7KqAAAJ","level":"info"}
{"message":"Some One Connected :wCXQuQeeRBBdlGNeAAAK","level":"info"}
{"message":"<=> gameCount|| 160","level":"info"}
{"message":"Some One Connected :za8MdcN_0YPRd5EIAAAL","level":"info"}
{"message":"Some One Connected :ctI4bfwLTIqdv8qEAAAM","level":"info"}
{"message":"<=> gameCount|| 161","level":"info"}
{"message":"Mongoose default connection disconnected","level":"info"}
{"message":"Initializing Server...","level":"info"}
{"message":"Loading... App Controllers","level":"info"}
{"message":"Loading... App Middlewares","level":"info"}
{"message":"Loading... App Models","level":"info"}
{"message":"Loading... App Services","level":"info"}
{"message":"Loading... Game Server.","level":"info"}
{"message":"Loading... Router","level":"info"}
{"message":"Initializing Variables","level":"info"}
{"message":"Loading... DB Connection","level":"info"}
{"message":"Mongoose default connection open to mongodb://127.0.0.1:27017/maangPatta","level":"info"}
{"message":"Loading... Setting","level":"info"}
{"message":"Loading... Socket","level":"info"}
{"message":"Some One Connected :pmk5g3SPB_a2uoVvAAAA","level":"info"}
{"message":"Some One Connected :a2A1DUCgKvkiit0KAAAB","level":"info"}
{"message":"Mongoose default connection disconnected","level":"info"}
{"message":"Initializing Server...","level":"info"}
{"message":"Loading... App Controllers","level":"info"}
{"message":"Loading... App Middlewares","level":"info"}
{"message":"Loading... App Models","level":"info"}
{"message":"Loading... App Services","level":"info"}
{"message":"Loading... Game Server.","level":"info"}
{"message":"Loading... Router","level":"info"}
{"message":"Initializing Variables","level":"info"}
{"message":"Loading... DB Connection","level":"info"}
{"message":"Mongoose default connection open to mongodb://127.0.0.1:27017/maangPatta","level":"info"}
{"message":"Loading... Setting","level":"info"}
{"message":"Loading... Socket","level":"info"}
{"message":"Initializing Server...","level":"info"}
{"message":"Loading... App Controllers","level":"info"}
{"message":"Loading... App Middlewares","level":"info"}
{"message":"Loading... App Models","level":"info"}
{"message":"Loading... App Services","level":"info"}
{"message":"Loading... Game Server.","level":"info"}
{"message":"Loading... Router","level":"info"}
{"message":"Initializing Variables","level":"info"}
{"message":"Loading... DB Connection","level":"info"}
{"message":"Mongoose default connection open to mongodb://127.0.0.1:27017/maangPatta","level":"info"}
{"message":"Loading... Setting","level":"info"}
{"message":"Loading... Socket","level":"info"}
{"message":"Some One Connected :Yd2CjvRW_-AVzbZ-AAAA","level":"info"}
{"message":"Initializing Server...","level":"info"}
{"message":"Loading... App Controllers","level":"info"}
{"message":"Loading... App Middlewares","level":"info"}
{"message":"Loading... App Models","level":"info"}
{"message":"Loading... App Services","level":"info"}
{"message":"Loading... Game Server.","level":"info"}
{"message":"Loading... Router","level":"info"}
{"message":"Initializing Variables","level":"info"}
{"message":"Loading... DB Connection","level":"info"}
{"message":"Mongoose default connection open to mongodb://127.0.0.1:27017/maangPatta","level":"info"}
{"message":"Loading... Setting","level":"info"}
{"message":"Loading... Socket","level":"info"}
{"message":"Some One Connected :0b7Fywv_nAN9h8DwAAAA","level":"info"}
{"message":"Some One Connected :k2os1KY38c-NZBgIAAAB","level":"info"}
{"message":"Some One Connected :ebwpFw_Kn0dTSIluAAAC","level":"info"}
{"message":"Initializing Server...","level":"info"}
{"message":"Loading... App Controllers","level":"info"}
{"message":"Loading... App Middlewares","level":"info"}
{"message":"Loading... App Models","level":"info"}
{"message":"Loading... App Services","level":"info"}
{"message":"Loading... Game Server.","level":"info"}
{"message":"Loading... Router","level":"info"}
{"message":"Initializing Variables","level":"info"}
{"message":"Loading... DB Connection","level":"info"}
{"message":"Mongoose default connection open to mongodb://127.0.0.1:27017/maangPatta","level":"info"}
{"message":"Loading... Setting","level":"info"}
{"message":"Loading... Socket","level":"info"}
{"message":"Some One Connected :q0jGdMgwm1tOg9wNAAAA","level":"info"}
{"message":"Some One Connected :ANdgg68vxD3y9RFDAAAB","level":"info"}
{"message":"Some One Connected :ZZ9_8fnI9CaAfPHsAAAC","level":"info"}
{"message":"<=> gameCount|| 162","level":"info"}
{"message":"Mongoose default connection disconnected","level":"info"}
{"message":"Error in getByData : MongoError: Topology was destroyed","level":"info"}
{"message":"Initializing Server...","level":"info"}
{"message":"Loading... App Controllers","level":"info"}
{"message":"Loading... App Middlewares","level":"info"}
{"message":"Loading... App Models","level":"info"}
{"message":"Loading... App Services","level":"info"}
{"message":"Loading... Game Server.","level":"info"}
{"message":"Loading... Router","level":"info"}
{"message":"Initializing Variables","level":"info"}
{"message":"Loading... DB Connection","level":"info"}
{"message":"Mongoose default connection open to mongodb://127.0.0.1:27017/maangPatta","level":"info"}
{"message":"Loading... Setting","level":"info"}
{"message":"Loading... Socket","level":"info"}
{"message":"Some One Connected :MQHeia75oB2DfqN9AAAA","level":"info"}
{"message":"Some One Connected :CgTsy5lTdWfY2suKAAAB","level":"info"}
{"message":"Some One Connected :TYDwCDNbo7ud9wHQAAAC","level":"info"}
{"message":"Some One Connected :OaLF1LuZw71XkSR2AAAD","level":"info"}
{"message":"<=> gameCount|| 163","level":"info"}
{"message":"Some One Connected :_SbKoC7O54rRODaoAAAE","level":"info"}
{"message":"Some One Connected :XXaYt4qfUGCXearLAAAF","level":"info"}
{"message":"Some One Connected :5ZvhExsIZeYz_rX8AAAG","level":"info"}
{"message":"<=> gameCount|| 164","level":"info"}
{"message":"Some One Connected :iBVUtEYv16Uu3IQ5AAAH","level":"info"}
{"message":"Mongoose default connection disconnected","level":"info"}
{"message":"Initializing Server...","level":"info"}
{"message":"Loading... App Controllers","level":"info"}
{"message":"Loading... App Middlewares","level":"info"}
{"message":"Loading... App Models","level":"info"}
{"message":"Loading... App Services","level":"info"}
{"message":"Loading... Game Server.","level":"info"}
{"message":"Loading... Router","level":"info"}
{"message":"Initializing Variables","level":"info"}
{"message":"Loading... DB Connection","level":"info"}
{"message":"Mongoose default connection open to mongodb://127.0.0.1:27017/maangPatta","level":"info"}
{"message":"Loading... Setting","level":"info"}
{"message":"Loading... Socket","level":"info"}
{"message":"Some One Connected :u46xIG7p24BXgzChAAAA","level":"info"}
{"message":"Some One Connected :hOm5_sqXt5rxKMbRAAAB","level":"info"}
{"message":"Some One Connected :TZqMuqQ8RsygOjC-AAAC","level":"info"}
{"message":"Initializing Server...","level":"info"}
{"message":"Loading... App Controllers","level":"info"}
{"message":"Loading... App Middlewares","level":"info"}
{"message":"Loading... App Models","level":"info"}
{"message":"Loading... App Services","level":"info"}
{"message":"Loading... Game Server.","level":"info"}
{"message":"Loading... Router","level":"info"}
{"message":"Initializing Variables","level":"info"}
{"message":"Loading... DB Connection","level":"info"}
{"message":"Mongoose default connection open to mongodb://127.0.0.1:27017/maangPatta","level":"info"}
{"message":"Loading... Setting","level":"info"}
{"message":"Loading... Socket","level":"info"}
{"message":"Some One Connected :GvFaR0f-AjVeCKwpAAAA","level":"info"}
{"message":"Some One Connected :0Gt5UBYSEQYX4xDIAAAB","level":"info"}
{"message":"Initializing Server...","level":"info"}
{"message":"Loading... App Controllers","level":"info"}
{"message":"Loading... App Middlewares","level":"info"}
{"message":"Loading... App Models","level":"info"}
{"message":"Loading... App Services","level":"info"}
{"message":"Loading... Game Server.","level":"info"}
{"message":"Loading... Router","level":"info"}
{"message":"Initializing Variables","level":"info"}
{"message":"Loading... DB Connection","level":"info"}
{"message":"Mongoose default connection open to mongodb://127.0.0.1:27017/maangPatta","level":"info"}
{"message":"Loading... Setting","level":"info"}
{"message":"Loading... Socket","level":"info"}
{"message":"Some One Connected :1iyO7zAIfSt0NpMGAAAA","level":"info"}
{"message":"Some One Connected :7yk9GcpO4yVXyk7xAAAB","level":"info"}
{"message":"Initializing Server...","level":"info"}
{"message":"Loading... App Controllers","level":"info"}
{"message":"Loading... App Middlewares","level":"info"}
{"message":"Loading... App Models","level":"info"}
{"message":"Loading... App Services","level":"info"}
{"message":"Loading... Game Server.","level":"info"}
{"message":"Loading... Router","level":"info"}
{"message":"Initializing Variables","level":"info"}
{"message":"Loading... DB Connection","level":"info"}
{"message":"Mongoose default connection open to mongodb://127.0.0.1:27017/maangPatta","level":"info"}
{"message":"Loading... Setting","level":"info"}
{"message":"Loading... Socket","level":"info"}
{"message":"Some One Connected :2tJbubfoVMhYRKSVAAAA","level":"info"}
{"message":"Some One Connected :YcQaSgN1TNNtdzxAAAAB","level":"info"}
{"message":"Some One Connected :uQBXFCvUm76hQv3uAAAC","level":"info"}
{"message":"<=> gameCount|| 165","level":"info"}
{"message":"Mongoose default connection disconnected","level":"info"}
{"message":"Initializing Server...","level":"info"}
{"message":"Loading... App Controllers","level":"info"}
{"message":"Loading... App Middlewares","level":"info"}
{"message":"Loading... App Models","level":"info"}
{"message":"Loading... App Services","level":"info"}
{"message":"Loading... Game Server.","level":"info"}
{"message":"Loading... Router","level":"info"}
{"message":"Initializing Variables","level":"info"}
{"message":"Loading... DB Connection","level":"info"}
{"message":"Mongoose default connection open to mongodb://127.0.0.1:27017/maangPatta","level":"info"}
{"message":"Loading... Setting","level":"info"}
{"message":"Loading... Socket","level":"info"}
{"message":"Some One Connected :I9_YF6wGEW-RaxHTAAAA","level":"info"}
{"message":"Some One Connected :7_nvKpj4QpgqrseQAAAB","level":"info"}
{"message":"Initializing Server...","level":"info"}
{"message":"Loading... App Controllers","level":"info"}
{"message":"Loading... App Middlewares","level":"info"}
{"message":"Loading... App Models","level":"info"}
{"message":"Loading... App Services","level":"info"}
{"message":"Loading... Game Server.","level":"info"}
{"message":"Loading... Router","level":"info"}
{"message":"Initializing Variables","level":"info"}
{"message":"Loading... DB Connection","level":"info"}
{"message":"Mongoose default connection open to mongodb://127.0.0.1:27017/maangPatta","level":"info"}
{"message":"Loading... Setting","level":"info"}
{"message":"Loading... Socket","level":"info"}
{"message":"Some One Connected :iWfeUwchSGP0A7xpAAAA","level":"info"}
{"message":"Some One Connected :h2GYy6G_CnSpy9K4AAAB","level":"info"}
{"message":"Initializing Server...","level":"info"}
{"message":"Loading... App Controllers","level":"info"}
{"message":"Loading... App Middlewares","level":"info"}
{"message":"Loading... App Models","level":"info"}
{"message":"Loading... App Services","level":"info"}
{"message":"Loading... Game Server.","level":"info"}
{"message":"Loading... Router","level":"info"}
{"message":"Initializing Variables","level":"info"}
{"message":"Loading... DB Connection","level":"info"}
{"message":"Mongoose default connection open to mongodb://127.0.0.1:27017/maangPatta","level":"info"}
{"message":"Loading... Setting","level":"info"}
{"message":"Loading... Socket","level":"info"}
{"message":"Some One Connected :Hq5VlDYnkuDImQStAAAA","level":"info"}
{"message":"Some One Connected :egXc8yluiSYw5qUHAAAB","level":"info"}
{"message":"Some One Connected :HTRRfiX82pW7JMpCAAAC","level":"info"}
{"message":"<=> gameCount|| 166","level":"info"}
{"message":"Some One Connected :jqiDQ5syVqhNg9isAAAD","level":"info"}
{"message":"Some One Connected :j_yh-uUh4gE1OYs4AAAE","level":"info"}
{"message":"Mongoose default connection disconnected","level":"info"}
{"message":"Mongoose default connection disconnected through app termination","level":"info"}
{"message":"Initializing Server...","level":"info"}
{"message":"Loading... App Controllers","level":"info"}
{"message":"Loading... App Middlewares","level":"info"}
{"message":"Loading... App Models","level":"info"}
{"message":"Loading... App Services","level":"info"}
{"message":"Loading... Game Server.","level":"info"}
{"message":"Loading... Router","level":"info"}
{"message":"Initializing Variables","level":"info"}
{"message":"Loading... DB Connection","level":"info"}
{"message":"Mongoose default connection open to mongodb://127.0.0.1:27017/maangPatta","level":"info"}
{"message":"Loading... Setting","level":"info"}
{"message":"Loading... Socket","level":"info"}
{"message":"Some One Connected :ZLH8HXbBP8IZ7XHfAAAA","level":"info"}
{"message":"Some One Connected :s_ehf34YsWz8zVDUAAAB","level":"info"}
{"message":"Some One Connected :bvOHkO-xCPpyj4nZAAAC","level":"info"}
{"message":"Some One Connected :WTFQko3QtyeX6aC6AAAD","level":"info"}
{"message":"Some One Connected :Uc5vOqWSXpdlP1IqAAAE","level":"info"}
{"message":"Some One Connected :FNhMu94jEA5ZpigqAAAF","level":"info"}
{"message":"Some One Connected :YCfohqnRPW89w2G7AAAG","level":"info"}
{"message":"<=> gameCount|| 167","level":"info"}
{"message":"Initializing Server...","level":"info"}
{"message":"Loading... App Controllers","level":"info"}
{"message":"Loading... App Middlewares","level":"info"}
{"message":"Loading... App Models","level":"info"}
{"message":"Loading... App Services","level":"info"}
{"message":"Loading... Game Server.","level":"info"}
{"message":"Loading... Router","level":"info"}
{"message":"Initializing Variables","level":"info"}
{"message":"Loading... DB Connection","level":"info"}
{"message":"Mongoose default connection open to mongodb://127.0.0.1:27017/maangPatta","level":"info"}
{"message":"Loading... Setting","level":"info"}
{"message":"Loading... Socket","level":"info"}
{"message":"Mongoose default connection disconnected","level":"info"}
{"message":"Initializing Server...","level":"info"}
{"message":"Loading... App Controllers","level":"info"}
{"message":"Loading... App Middlewares","level":"info"}
{"message":"Loading... App Models","level":"info"}
{"message":"Loading... App Services","level":"info"}
{"message":"Loading... Game Server.","level":"info"}
{"message":"Loading... Router","level":"info"}
{"message":"Initializing Variables","level":"info"}
{"message":"Loading... DB Connection","level":"info"}
{"message":"Mongoose default connection open to mongodb://127.0.0.1:27017/maangPatta","level":"info"}
{"message":"Loading... Setting","level":"info"}
{"message":"Loading... Socket","level":"info"}
{"message":"Some One Connected :a6nLF55SuSboN6Q1AAAA","level":"info"}
{"message":"Some One Connected :5pUeOFEFSccrYN9KAAAB","level":"info"}
{"message":"<=> gameCount|| 168","level":"info"}
{"message":"<=> gameCount|| 169","level":"info"}
{"message":"Some One Connected :oPfTuSCYRQDG7G0UAAAC","level":"info"}
{"message":"Some One Connected :mGHFqhOCXHg8RwkhAAAD","level":"info"}
