{"message":"Initializing Server...","level":"info"}
{"message":"Loading... App Controllers","level":"info"}
{"message":"Loading... App Middlewares","level":"info"}
{"message":"Loading... App Models","level":"info"}
{"message":"Loading... App Services","level":"info"}
{"message":"Loading... Game Server.","level":"info"}
{"message":"Loading... Router","level":"info"}
{"message":"Initializing Variables","level":"info"}
{"message":"Loading... DB Connection","level":"info"}
{"message":"Mongoose default connection open to mongodb://127.0.0.1:27017/maangPatta","level":"info"}
{"message":"Loading... Setting","level":"info"}
{"message":"Loading... Socket","level":"info"}
{"message":"Some One Connected :GxphTx5w_RsgSdBDAAAA","level":"info"}
{"message":"Some One Connected :oUbAzrrJ41Bj5g7FAAAB","level":"info"}
{"message":"Some One Connected :BgGdoY9O2q2U5kSNAAAC","level":"info"}
{"message":"Some One Connected :gWkMBeohzYAyj3kGAAAD","level":"info"}
{"message":"Some One Connected :s_GtS9t5DlrM70ocAAAE","level":"info"}
{"message":"Some One Connected :rihAKgdZmL68eGGrAAAF","level":"info"}
{"message":"Some One Connected :yrRJ9T2AQZ0hi7o3AAAG","level":"info"}
{"message":"Some One Connected :TB-xieDZbJzkyNCvAAAH","level":"info"}
{"message":"Some One Connected :9EOAQEAiPL33qX2_AAAI","level":"info"}
{"message":"Some One Connected :O7B41CZ8oH-fVmLkAAAJ","level":"info"}
{"message":"Some One Connected :CeZdgjDV4U2BIOStAAAK","level":"info"}
{"message":"Some One Connected :Fgy_zVWf-AoSoF7xAAAL","level":"info"}
{"message":"Some One Connected :SmeX7wI5byQhEQYFAAAM","level":"info"}
{"message":"Some One Connected :ScDWKkwjTwqTTllTAAAN","level":"info"}
{"message":"Some One Connected :E2-cCX7N13gtERn2AAAO","level":"info"}
{"message":"Some One Connected :pJ19OadCAV8o8sy_AAAP","level":"info"}
{"message":"Some One Connected :UyzmlHZQQsGscJLsAAAQ","level":"info"}
{"message":"Some One Connected :aBIVPwgrWbzq9U1_AAAR","level":"info"}
{"message":"Some One Connected :X1CtkGL1n4SXTraQAAAS","level":"info"}
{"message":"Some One Connected :N8LicxegDAlObkrUAAAT","level":"info"}
{"message":"Some One Connected :m0anpO8zv12G8EUiAAAU","level":"info"}
{"message":"Some One Connected :N-WMEgcGn6gU1wN_AAAV","level":"info"}
{"message":"Some One Connected :mQMLopG9AEnWTUF5AAAW","level":"info"}
{"message":"Some One Connected :sBYiaavXLjlvncR3AAAX","level":"info"}
{"message":"Some One Connected :KwWej4YaW8ppEC6MAAAY","level":"info"}
{"message":"Some One Connected :8hkdLpJRVBh1onR-AAAZ","level":"info"}
{"message":"Some One Connected :FtA6a3qTJuwnv2pOAAAa","level":"info"}
{"message":"Some One Connected :Xd-2h7_ppLVYvAw3AAAb","level":"info"}
{"message":"Some One Connected :SkeR9BnlCnCBw0O5AAAc","level":"info"}
{"message":"Some One Connected :bn8cDmxABX2WgRABAAAd","level":"info"}
{"message":"Some One Connected :oqmusOXRS5xbjk10AAAe","level":"info"}
{"message":"Some One Connected :_i_7hN7DaG-f0oQIAAAf","level":"info"}
{"message":"Some One Connected :MjPm3RtkeL20B2LdAAAg","level":"info"}
{"message":"Some One Connected :Toz0Th1tYL-DmNR4AAAh","level":"info"}
{"message":"Some One Connected :eXAyAtFdXE2q7webAAAi","level":"info"}
{"message":"Some One Connected :Uli0v6ClHjoVXNbNAAAj","level":"info"}
{"message":"Some One Connected :tat7Vi6tI6R0FWprAAAk","level":"info"}
{"message":"Some One Connected :hEiX_t3m1AAC72A2AAAl","level":"info"}
{"message":"Some One Connected :wYAh1fiVCcusNUGnAAAm","level":"info"}
{"message":"Some One Connected :f3ql1uI2xqJGyzsGAAAn","level":"info"}
{"message":"Some One Connected :189ZT9_gpj5Yt_UhAAAo","level":"info"}
{"message":"Some One Connected :w016mvM9aUPtANf7AAAp","level":"info"}
{"message":"Some One Connected :9YRwhHIxXLvxwgdIAAAq","level":"info"}
{"message":"Some One Connected :7qkZ1cO0n7TPQ4NAAAAr","level":"info"}
{"message":"Some One Connected :jeOPmR_W7arDgKxJAAAs","level":"info"}
{"message":"Some One Connected :Al7FXrVm-UgWkHhjAAAt","level":"info"}
{"message":"Some One Connected :zM3RPa-6EKMfP0XNAAAu","level":"info"}
{"message":"Some One Connected :GG4gi-o1hqQddWXvAAAv","level":"info"}
{"message":"Some One Connected :ovkV8t4C-gOgbaf4AAAw","level":"info"}
{"message":"Some One Connected :SIQbq1tDHbGDPaPsAAAx","level":"info"}
{"message":"Some One Connected :WF3YQlVZIciJ96iYAAAy","level":"info"}
{"message":"Some One Connected :_hoi5H4FL1Nt29WRAAAz","level":"info"}
