{"message":"Initializing Server...","level":"info"}
{"message":"Loading... App Controllers","level":"info"}
{"message":"Loading... App Middlewares","level":"info"}
{"message":"Loading... App Models","level":"info"}
{"message":"Loading... App Services","level":"info"}
{"message":"Loading... Game Server.","level":"info"}
{"message":"Loading... Router","level":"info"}
{"message":"Initializing Variables","level":"info"}
{"message":"Loading... DB Connection","level":"info"}
{"message":"Mongoose default connection open to mongodb://127.0.0.1:27017/maangPatta","level":"info"}
{"message":"Loading... Setting","level":"info"}
{"message":"Loading... Socket","level":"info"}
{"message":"Some One Connected :YQ_o2-PEGQtpHDuFAAAA","level":"info"}
{"message":"Some One Connected :3dnkFsrr6hMt-JPdAAAB","level":"info"}
{"message":"Initializing Server...","level":"info"}
{"message":"Loading... App Controllers","level":"info"}
{"message":"Loading... App Middlewares","level":"info"}
{"message":"Loading... App Models","level":"info"}
{"message":"Loading... App Services","level":"info"}
{"message":"Loading... Game Server.","level":"info"}
{"message":"Loading... Router","level":"info"}
{"message":"Initializing Variables","level":"info"}
{"message":"Loading... DB Connection","level":"info"}
{"message":"Mongoose default connection open to mongodb://127.0.0.1:27017/maangPatta","level":"info"}
{"message":"Loading... Setting","level":"info"}
{"message":"Loading... Socket","level":"info"}
{"message":"Initializing Server...","level":"info"}
{"message":"Loading... App Controllers","level":"info"}
{"message":"Loading... App Middlewares","level":"info"}
{"message":"Loading... App Models","level":"info"}
{"message":"Loading... App Services","level":"info"}
{"message":"Loading... Game Server.","level":"info"}
{"message":"Loading... Router","level":"info"}
{"message":"Initializing Variables","level":"info"}
{"message":"Loading... DB Connection","level":"info"}
{"message":"Mongoose default connection open to mongodb://127.0.0.1:27017/maangPatta","level":"info"}
{"message":"Loading... Setting","level":"info"}
{"message":"Loading... Socket","level":"info"}
{"message":"Some One Connected :SZUm1C3eaZaP2RAxAAAA","level":"info"}
{"message":"Some One Connected :69vG1ipyMyAWDfY-AAAB","level":"info"}
{"message":"Some One Connected :bp2zk7_N-jhakrxGAAAC","level":"info"}
{"message":"Some One Connected :sDrq9MuwGlk3fLI9AAAD","level":"info"}
{"message":"Some One Connected :B7ZUbwc3jUM9aXmVAAAE","level":"info"}
{"message":"Some One Connected :7yU6T0rK0xON_M9CAAAF","level":"info"}
{"message":"<=> gameCount|| 66","level":"info"}
{"message":"Some One Connected :ngjcfP9MsDpJ3CnCAAAG","level":"info"}
{"message":"Some One Connected :VcUgiEZX5GOLUpZOAAAH","level":"info"}
{"message":"Some One Connected :EKGZq4Haxg7fZ13EAAAI","level":"info"}
{"message":"Some One Connected :eOYaK8UZU5rNNNYFAAAJ","level":"info"}
{"message":"<=> gameCount|| 67","level":"info"}
{"message":"<=> gameCount|| 68","level":"info"}
{"message":"Some One Connected :Q3E64QMvOkTRYDJPAAAK","level":"info"}
{"message":"<=> gameCount|| 69","level":"info"}
{"message":"Some One Connected :EQZvXlBt5bDzzwpTAAAL","level":"info"}
{"message":"Some One Connected :LRWXU2NW52nJaTRNAAAM","level":"info"}
{"message":"Initializing Server...","level":"info"}
{"message":"Loading... App Controllers","level":"info"}
{"message":"Loading... App Middlewares","level":"info"}
{"message":"Loading... App Models","level":"info"}
{"message":"Loading... App Services","level":"info"}
{"message":"Loading... Game Server.","level":"info"}
{"message":"Loading... Router","level":"info"}
{"message":"Initializing Variables","level":"info"}
{"message":"Loading... DB Connection","level":"info"}
{"message":"Mongoose default connection open to mongodb://127.0.0.1:27017/maangPatta","level":"info"}
{"message":"Loading... Setting","level":"info"}
{"message":"Loading... Socket","level":"info"}
{"message":"Some One Connected :PDJ1H1aI3PzvOsVPAAAA","level":"info"}
{"message":"Some One Connected :ZOdSrudk1OjozUhsAAAB","level":"info"}
{"message":"Some One Connected :Y0AZtTr6r84RfNugAAAC","level":"info"}
{"message":"Initializing Server...","level":"info"}
{"message":"Loading... App Controllers","level":"info"}
{"message":"Loading... App Middlewares","level":"info"}
{"message":"Loading... App Models","level":"info"}
{"message":"Loading... App Services","level":"info"}
{"message":"Loading... Game Server.","level":"info"}
{"message":"Loading... Router","level":"info"}
{"message":"Initializing Variables","level":"info"}
{"message":"Loading... DB Connection","level":"info"}
{"message":"Mongoose default connection open to mongodb://127.0.0.1:27017/maangPatta","level":"info"}
{"message":"Loading... Setting","level":"info"}
{"message":"Loading... Socket","level":"info"}
{"message":"Some One Connected :m3zBxLr2gWC22J4ZAAAA","level":"info"}
{"message":"Some One Connected :EzWtvoHOc-1qye4HAAAB","level":"info"}
{"message":"Initializing Server...","level":"info"}
{"message":"Loading... App Controllers","level":"info"}
{"message":"Loading... App Middlewares","level":"info"}
{"message":"Loading... App Models","level":"info"}
{"message":"Loading... App Services","level":"info"}
{"message":"Loading... Game Server.","level":"info"}
{"message":"Loading... Router","level":"info"}
{"message":"Initializing Variables","level":"info"}
{"message":"Loading... DB Connection","level":"info"}
{"message":"Mongoose default connection open to mongodb://127.0.0.1:27017/maangPatta","level":"info"}
{"message":"Loading... Setting","level":"info"}
{"message":"Loading... Socket","level":"info"}
{"message":"Some One Connected :a_tl1LXvLvlY682vAAAA","level":"info"}
{"message":"Some One Connected :I7KitPYiAJaLjhbnAAAB","level":"info"}
{"message":"Some One Connected :NKiOetfTMk2P6VEpAAAC","level":"info"}
{"message":"Initializing Server...","level":"info"}
{"message":"Loading... App Controllers","level":"info"}
{"message":"Loading... App Middlewares","level":"info"}
{"message":"Loading... App Models","level":"info"}
{"message":"Loading... App Services","level":"info"}
{"message":"Loading... Game Server.","level":"info"}
{"message":"Loading... Router","level":"info"}
{"message":"Initializing Variables","level":"info"}
{"message":"Loading... DB Connection","level":"info"}
{"message":"Mongoose default connection open to mongodb://127.0.0.1:27017/maangPatta","level":"info"}
{"message":"Loading... Setting","level":"info"}
{"message":"Loading... Socket","level":"info"}
{"message":"Some One Connected :XeWXBuSV_J33zkZoAAAA","level":"info"}
{"message":"Some One Connected :tF-z9EEX_FuSkMjfAAAB","level":"info"}
{"message":"Some One Connected :Hm2ANAMVQ75Fe5O4AAAC","level":"info"}
{"message":"<=> gameCount|| 70","level":"info"}
{"message":"Initializing Server...","level":"info"}
{"message":"Loading... App Controllers","level":"info"}
{"message":"Loading... App Middlewares","level":"info"}
{"message":"Loading... App Models","level":"info"}
{"message":"Loading... App Services","level":"info"}
{"message":"Loading... Game Server.","level":"info"}
{"message":"Loading... Router","level":"info"}
{"message":"Initializing Variables","level":"info"}
{"message":"Loading... DB Connection","level":"info"}
{"message":"Mongoose default connection open to mongodb://127.0.0.1:27017/maangPatta","level":"info"}
{"message":"Loading... Setting","level":"info"}
{"message":"Loading... Socket","level":"info"}
{"message":"Initializing Server...","level":"info"}
{"message":"Loading... App Controllers","level":"info"}
{"message":"Loading... App Middlewares","level":"info"}
{"message":"Loading... App Models","level":"info"}
{"message":"Loading... App Services","level":"info"}
{"message":"Loading... Game Server.","level":"info"}
{"message":"Loading... Router","level":"info"}
{"message":"Initializing Variables","level":"info"}
{"message":"Loading... DB Connection","level":"info"}
{"message":"Mongoose default connection open to mongodb://127.0.0.1:27017/maangPatta","level":"info"}
{"message":"Loading... Setting","level":"info"}
{"message":"Loading... Socket","level":"info"}
{"message":"Initializing Server...","level":"info"}
{"message":"Loading... App Controllers","level":"info"}
{"message":"Loading... App Middlewares","level":"info"}
{"message":"Loading... App Models","level":"info"}
{"message":"Loading... App Services","level":"info"}
{"message":"Loading... Game Server.","level":"info"}
{"message":"Loading... Router","level":"info"}
{"message":"Initializing Variables","level":"info"}
{"message":"Loading... DB Connection","level":"info"}
{"message":"Mongoose default connection open to mongodb://127.0.0.1:27017/maangPatta","level":"info"}
{"message":"Loading... Setting","level":"info"}
{"message":"Loading... Socket","level":"info"}
{"message":"Initializing Server...","level":"info"}
{"message":"Loading... App Controllers","level":"info"}
{"message":"Loading... App Middlewares","level":"info"}
{"message":"Loading... App Models","level":"info"}
{"message":"Loading... App Services","level":"info"}
{"message":"Loading... Game Server.","level":"info"}
{"message":"Loading... Router","level":"info"}
{"message":"Initializing Variables","level":"info"}
{"message":"Loading... DB Connection","level":"info"}
{"message":"Mongoose default connection open to mongodb://127.0.0.1:27017/maangPatta","level":"info"}
{"message":"Loading... Setting","level":"info"}
{"message":"Loading... Socket","level":"info"}
{"message":"Initializing Server...","level":"info"}
{"message":"Loading... App Controllers","level":"info"}
{"message":"Loading... App Middlewares","level":"info"}
{"message":"Loading... App Models","level":"info"}
{"message":"Loading... App Services","level":"info"}
{"message":"Loading... Game Server.","level":"info"}
{"message":"Loading... Router","level":"info"}
{"message":"Initializing Variables","level":"info"}
{"message":"Loading... DB Connection","level":"info"}
{"message":"Mongoose default connection open to mongodb://127.0.0.1:27017/maangPatta","level":"info"}
{"message":"Loading... Setting","level":"info"}
{"message":"Loading... Socket","level":"info"}
{"message":"Initializing Server...","level":"info"}
{"message":"Loading... App Controllers","level":"info"}
{"message":"Loading... App Middlewares","level":"info"}
{"message":"Loading... App Models","level":"info"}
{"message":"Loading... App Services","level":"info"}
{"message":"Loading... Game Server.","level":"info"}
{"message":"Loading... Router","level":"info"}
{"message":"Initializing Variables","level":"info"}
{"message":"Loading... DB Connection","level":"info"}
{"message":"Mongoose default connection open to mongodb://127.0.0.1:27017/maangPatta","level":"info"}
{"message":"Loading... Setting","level":"info"}
{"message":"Loading... Socket","level":"info"}
{"message":"Initializing Server...","level":"info"}
{"message":"Loading... App Controllers","level":"info"}
{"message":"Loading... App Middlewares","level":"info"}
{"message":"Loading... App Models","level":"info"}
{"message":"Loading... App Services","level":"info"}
{"message":"Loading... Game Server.","level":"info"}
{"message":"Loading... Router","level":"info"}
{"message":"Initializing Variables","level":"info"}
{"message":"Loading... DB Connection","level":"info"}
{"message":"Mongoose default connection open to mongodb://127.0.0.1:27017/maangPatta","level":"info"}
{"message":"Loading... Setting","level":"info"}
{"message":"Loading... Socket","level":"info"}
{"message":"Some One Connected :lkRDHdpRAgOh9SopAAAA","level":"info"}
{"message":"Some One Connected :pdtPBtOoIjvSoZfbAAAB","level":"info"}
{"message":"<=> gameCount|| 71","level":"info"}
{"message":"Initializing Server...","level":"info"}
{"message":"Loading... App Controllers","level":"info"}
{"message":"Loading... App Middlewares","level":"info"}
{"message":"Loading... App Models","level":"info"}
{"message":"Loading... App Services","level":"info"}
{"message":"Loading... Game Server.","level":"info"}
{"message":"Loading... Router","level":"info"}
{"message":"Initializing Variables","level":"info"}
{"message":"Loading... DB Connection","level":"info"}
{"message":"Mongoose default connection open to mongodb://127.0.0.1:27017/maangPatta","level":"info"}
{"message":"Loading... Setting","level":"info"}
{"message":"Loading... Socket","level":"info"}
{"message":"Some One Connected :QQ0qLC3UL9yzfAjaAAAA","level":"info"}
{"message":"Some One Connected :ZNHIDXkrTCUr9W3kAAAB","level":"info"}
{"message":"Some One Connected :TEP7cw-zbTkrvkU0AAAC","level":"info"}
{"message":"Initializing Server...","level":"info"}
{"message":"Loading... App Controllers","level":"info"}
{"message":"Loading... App Middlewares","level":"info"}
{"message":"Loading... App Models","level":"info"}
{"message":"Loading... App Services","level":"info"}
{"message":"Loading... Game Server.","level":"info"}
{"message":"Loading... Router","level":"info"}
{"message":"Initializing Variables","level":"info"}
{"message":"Loading... DB Connection","level":"info"}
{"message":"Mongoose default connection open to mongodb://127.0.0.1:27017/maangPatta","level":"info"}
{"message":"Loading... Setting","level":"info"}
{"message":"Loading... Socket","level":"info"}
{"message":"Some One Connected :e_D2VHTgBxHC2Bd8AAAA","level":"info"}
{"message":"Initializing Server...","level":"info"}
{"message":"Loading... App Controllers","level":"info"}
{"message":"Loading... App Middlewares","level":"info"}
{"message":"Loading... App Models","level":"info"}
{"message":"Loading... App Services","level":"info"}
{"message":"Loading... Game Server.","level":"info"}
{"message":"Loading... Router","level":"info"}
{"message":"Initializing Variables","level":"info"}
{"message":"Loading... DB Connection","level":"info"}
{"message":"Mongoose default connection open to mongodb://127.0.0.1:27017/maangPatta","level":"info"}
{"message":"Loading... Setting","level":"info"}
{"message":"Loading... Socket","level":"info"}
{"message":"Initializing Server...","level":"info"}
{"message":"Loading... App Controllers","level":"info"}
{"message":"Loading... App Middlewares","level":"info"}
{"message":"Loading... App Models","level":"info"}
{"message":"Loading... App Services","level":"info"}
{"message":"Loading... Game Server.","level":"info"}
{"message":"Loading... Router","level":"info"}
{"message":"Initializing Variables","level":"info"}
{"message":"Loading... DB Connection","level":"info"}
{"message":"Mongoose default connection open to mongodb://127.0.0.1:27017/maangPatta","level":"info"}
{"message":"Loading... Setting","level":"info"}
{"message":"Loading... Socket","level":"info"}
{"message":"Some One Connected :KTrsbj8p6-ZY9zl7AAAA","level":"info"}
{"message":"Initializing Server...","level":"info"}
{"message":"Loading... App Controllers","level":"info"}
{"message":"Loading... App Middlewares","level":"info"}
{"message":"Loading... App Models","level":"info"}
{"message":"Loading... App Services","level":"info"}
{"message":"Loading... Game Server.","level":"info"}
{"message":"Loading... Router","level":"info"}
{"message":"Initializing Variables","level":"info"}
{"message":"Loading... DB Connection","level":"info"}
{"message":"Mongoose default connection open to mongodb://127.0.0.1:27017/maangPatta","level":"info"}
{"message":"Loading... Setting","level":"info"}
{"message":"Loading... Socket","level":"info"}
{"message":"Some One Connected :3PmNuunosZjH9cxhAAAA","level":"info"}
{"message":"Initializing Server...","level":"info"}
{"message":"Loading... App Controllers","level":"info"}
{"message":"Loading... App Middlewares","level":"info"}
{"message":"Loading... App Models","level":"info"}
{"message":"Loading... App Services","level":"info"}
{"message":"Loading... Game Server.","level":"info"}
{"message":"Loading... Router","level":"info"}
{"message":"Initializing Variables","level":"info"}
{"message":"Loading... DB Connection","level":"info"}
{"message":"Mongoose default connection open to mongodb://127.0.0.1:27017/maangPatta","level":"info"}
{"message":"Loading... Setting","level":"info"}
{"message":"Loading... Socket","level":"info"}
{"message":"Some One Connected :QuJBmkVWaddAV8fcAAAA","level":"info"}
{"message":"Initializing Server...","level":"info"}
{"message":"Loading... App Controllers","level":"info"}
{"message":"Loading... App Middlewares","level":"info"}
{"message":"Loading... App Models","level":"info"}
{"message":"Loading... App Services","level":"info"}
{"message":"Loading... Game Server.","level":"info"}
{"message":"Loading... Router","level":"info"}
{"message":"Initializing Variables","level":"info"}
{"message":"Loading... DB Connection","level":"info"}
{"message":"Mongoose default connection open to mongodb://127.0.0.1:27017/maangPatta","level":"info"}
{"message":"Loading... Setting","level":"info"}
{"message":"Loading... Socket","level":"info"}
{"message":"Some One Connected :d8j7LnIVOESsHd9dAAAA","level":"info"}
{"message":"Some One Connected :vLkywFt_u4bPa6uuAAAB","level":"info"}
{"message":"Some One Connected :zGrd_JUwTLmN1R27AAAC","level":"info"}
{"message":"Some One Connected :AbQxz-ipgw-zW9NYAAAD","level":"info"}
{"message":"<=> gameCount|| 72","level":"info"}
{"message":"Initializing Server...","level":"info"}
{"message":"Loading... App Controllers","level":"info"}
{"message":"Loading... App Middlewares","level":"info"}
{"message":"Loading... App Models","level":"info"}
{"message":"Loading... App Services","level":"info"}
{"message":"Loading... Game Server.","level":"info"}
{"message":"Loading... Router","level":"info"}
{"message":"Initializing Variables","level":"info"}
{"message":"Loading... DB Connection","level":"info"}
{"message":"Mongoose default connection open to mongodb://127.0.0.1:27017/maangPatta","level":"info"}
{"message":"Loading... Setting","level":"info"}
{"message":"Loading... Socket","level":"info"}
{"message":"Some One Connected :JJoNsA1qrI9H8kepAAAA","level":"info"}
{"message":"Some One Connected :p5s9RdvVK2F9BpPpAAAB","level":"info"}
{"message":"Initializing Server...","level":"info"}
{"message":"Loading... App Controllers","level":"info"}
{"message":"Loading... App Middlewares","level":"info"}
{"message":"Loading... App Models","level":"info"}
{"message":"Loading... App Services","level":"info"}
{"message":"Loading... Game Server.","level":"info"}
{"message":"Loading... Router","level":"info"}
{"message":"Initializing Variables","level":"info"}
{"message":"Loading... DB Connection","level":"info"}
{"message":"Mongoose default connection open to mongodb://127.0.0.1:27017/maangPatta","level":"info"}
{"message":"Loading... Setting","level":"info"}
{"message":"Loading... Socket","level":"info"}
{"message":"Some One Connected :WRksEl_sLnc_--8AAAAA","level":"info"}
{"message":"Some One Connected :sKoeZvEVNK0ZySNGAAAB","level":"info"}
{"message":"Some One Connected :zqOWooe1R8rij0T1AAAC","level":"info"}
{"message":"<=> gameCount|| 73","level":"info"}
{"message":"Initializing Server...","level":"info"}
{"message":"Loading... App Controllers","level":"info"}
{"message":"Loading... App Middlewares","level":"info"}
{"message":"Loading... App Models","level":"info"}
{"message":"Loading... App Services","level":"info"}
{"message":"Loading... Game Server.","level":"info"}
{"message":"Loading... Router","level":"info"}
{"message":"Initializing Variables","level":"info"}
{"message":"Loading... DB Connection","level":"info"}
{"message":"Mongoose default connection open to mongodb://127.0.0.1:27017/maangPatta","level":"info"}
{"message":"Loading... Setting","level":"info"}
{"message":"Loading... Socket","level":"info"}
{"message":"Some One Connected :yYU3j0XhhGsxGp8QAAAA","level":"info"}
{"message":"Some One Connected :MGUni54sNwp1YYrUAAAB","level":"info"}
{"message":"Some One Connected :dMSvmTh-DtfytyI5AAAC","level":"info"}
{"message":"<=> gameCount|| 74","level":"info"}
{"message":"Some One Connected :4aGpdxuftwLftXE4AAAD","level":"info"}
{"message":"Some One Connected :FjFIikkafybwSHAeAAAE","level":"info"}
{"message":"Some One Connected :BVlBwnTYXqB63hJQAAAF","level":"info"}
{"message":"Some One Connected :8R3KBCCS4rY5TID6AAAG","level":"info"}
{"message":"Some One Connected :RwDqISbCWAV7fP2IAAAH","level":"info"}
{"message":"Some One Connected :bhfMqf8r_01XGgiXAAAI","level":"info"}
{"message":"Some One Connected :D5WXJhnvOQPHNSMwAAAJ","level":"info"}
{"message":"Some One Connected :KQmj5J-3Oefx7XrRAAAK","level":"info"}
{"message":"Initializing Server...","level":"info"}
{"message":"Loading... App Controllers","level":"info"}
{"message":"Loading... App Middlewares","level":"info"}
{"message":"Loading... App Models","level":"info"}
{"message":"Loading... App Services","level":"info"}
{"message":"Loading... Game Server.","level":"info"}
{"message":"Loading... Router","level":"info"}
{"message":"Initializing Variables","level":"info"}
{"message":"Loading... DB Connection","level":"info"}
{"message":"Mongoose default connection open to mongodb://127.0.0.1:27017/maangPatta","level":"info"}
{"message":"Loading... Setting","level":"info"}
{"message":"Loading... Socket","level":"info"}
{"message":"Some One Connected :0Fr4Cp00QH2b-qPJAAAA","level":"info"}
{"message":"Some One Connected :D6dHM4tFJy1akQzSAAAB","level":"info"}
{"message":"Some One Connected :FLFAXCcdevo0xMwTAAAC","level":"info"}
{"message":"Some One Connected :dYZAfeGbRuwyjE-KAAAD","level":"info"}
{"message":"Some One Connected :jOGSGFhZ7t2OFSLvAAAE","level":"info"}
{"message":"Some One Connected :LBHJhr9_UFvCoBB1AAAF","level":"info"}
{"message":"Some One Connected :23i1gfKHl3gEDmWHAAAG","level":"info"}
{"message":"Some One Connected :xB8-beWWO39nCE2GAAAH","level":"info"}
{"message":"Some One Connected :DRGk0YsVny-B1RpjAAAI","level":"info"}
{"message":"<=> gameCount|| 75","level":"info"}
{"message":"Some One Connected :KXxdA9Ro7RO3rlmkAAAJ","level":"info"}
{"message":"Some One Connected :LkcitUYPHxyQi3WAAAAK","level":"info"}
{"message":"Initializing Server...","level":"info"}
{"message":"Loading... App Controllers","level":"info"}
{"message":"Loading... App Middlewares","level":"info"}
{"message":"Loading... App Models","level":"info"}
{"message":"Loading... App Services","level":"info"}
{"message":"Loading... Game Server.","level":"info"}
{"message":"Loading... Router","level":"info"}
{"message":"Initializing Variables","level":"info"}
{"message":"Loading... DB Connection","level":"info"}
{"message":"Mongoose default connection open to mongodb://127.0.0.1:27017/maangPatta","level":"info"}
{"message":"Loading... Setting","level":"info"}
{"message":"Loading... Socket","level":"info"}
{"message":"Initializing Server...","level":"info"}
{"message":"Loading... App Controllers","level":"info"}
{"message":"Loading... App Middlewares","level":"info"}
{"message":"Loading... App Models","level":"info"}
{"message":"Loading... App Services","level":"info"}
{"message":"Loading... Game Server.","level":"info"}
{"message":"Loading... Router","level":"info"}
{"message":"Initializing Variables","level":"info"}
{"message":"Loading... DB Connection","level":"info"}
{"message":"Mongoose default connection open to mongodb://127.0.0.1:27017/maangPatta","level":"info"}
{"message":"Loading... Setting","level":"info"}
{"message":"Loading... Socket","level":"info"}
{"message":"Initializing Server...","level":"info"}
{"message":"Loading... App Controllers","level":"info"}
{"message":"Loading... App Middlewares","level":"info"}
{"message":"Loading... App Models","level":"info"}
{"message":"Loading... App Services","level":"info"}
{"message":"Loading... Game Server.","level":"info"}
{"message":"Loading... Router","level":"info"}
{"message":"Initializing Variables","level":"info"}
{"message":"Loading... DB Connection","level":"info"}
{"message":"Mongoose default connection open to mongodb://127.0.0.1:27017/maangPatta","level":"info"}
{"message":"Loading... Setting","level":"info"}
{"message":"Loading... Socket","level":"info"}
{"message":"Some One Connected :YBkBoJdBJu-GmqnnAAAA","level":"info"}
{"message":"Some One Connected :OE-lMavhuanVkGRYAAAB","level":"info"}
{"message":"Some One Connected :8GFhYg9qfiYx29B7AAAC","level":"info"}
{"message":"Some One Connected :KddWn6Tb8y5mOChsAAAD","level":"info"}
{"message":"Initializing Server...","level":"info"}
{"message":"Loading... App Controllers","level":"info"}
{"message":"Loading... App Middlewares","level":"info"}
{"message":"Loading... App Models","level":"info"}
{"message":"Loading... App Services","level":"info"}
{"message":"Loading... Game Server.","level":"info"}
{"message":"Loading... Router","level":"info"}
{"message":"Initializing Variables","level":"info"}
{"message":"Loading... DB Connection","level":"info"}
{"message":"Mongoose default connection open to mongodb://127.0.0.1:27017/maangPatta","level":"info"}
{"message":"Loading... Setting","level":"info"}
{"message":"Loading... Socket","level":"info"}
{"message":"Some One Connected :9OIq2Zb2XtjTEH8aAAAA","level":"info"}
{"message":"Initializing Server...","level":"info"}
{"message":"Loading... App Controllers","level":"info"}
{"message":"Loading... App Middlewares","level":"info"}
{"message":"Loading... App Models","level":"info"}
{"message":"Loading... App Services","level":"info"}
{"message":"Loading... Game Server.","level":"info"}
{"message":"Loading... Router","level":"info"}
{"message":"Initializing Variables","level":"info"}
{"message":"Loading... DB Connection","level":"info"}
{"message":"Mongoose default connection open to mongodb://127.0.0.1:27017/maangPatta","level":"info"}
{"message":"Loading... Setting","level":"info"}
{"message":"Loading... Socket","level":"info"}
{"message":"Some One Connected :M98K7jnZM57wMCZvAAAA","level":"info"}
{"message":"Some One Connected :4Xtv37SBYFd5ZVjeAAAB","level":"info"}
{"message":"Initializing Server...","level":"info"}
{"message":"Loading... App Controllers","level":"info"}
{"message":"Loading... App Middlewares","level":"info"}
{"message":"Loading... App Models","level":"info"}
{"message":"Loading... App Services","level":"info"}
{"message":"Loading... Game Server.","level":"info"}
{"message":"Loading... Router","level":"info"}
{"message":"Initializing Variables","level":"info"}
{"message":"Loading... DB Connection","level":"info"}
{"message":"Mongoose default connection open to mongodb://127.0.0.1:27017/maangPatta","level":"info"}
{"message":"Loading... Setting","level":"info"}
{"message":"Loading... Socket","level":"info"}
{"message":"Some One Connected :_NsIvbJA1tb9rv2iAAAA","level":"info"}
{"message":"Some One Connected :JDiVwRHu6GnbKGguAAAB","level":"info"}
{"message":"Some One Connected :vNZdnxeVIBzXOAaGAAAC","level":"info"}
{"message":"Initializing Server...","level":"info"}
{"message":"Loading... App Controllers","level":"info"}
{"message":"Loading... App Middlewares","level":"info"}
{"message":"Loading... App Models","level":"info"}
{"message":"Loading... App Services","level":"info"}
{"message":"Loading... Game Server.","level":"info"}
{"message":"Loading... Router","level":"info"}
{"message":"Initializing Variables","level":"info"}
{"message":"Loading... DB Connection","level":"info"}
{"message":"Mongoose default connection open to mongodb://127.0.0.1:27017/maangPatta","level":"info"}
{"message":"Loading... Setting","level":"info"}
{"message":"Loading... Socket","level":"info"}
{"message":"Some One Connected :DBRcQZT76TeAFzJAAAAA","level":"info"}
{"message":"Initializing Server...","level":"info"}
{"message":"Loading... App Controllers","level":"info"}
{"message":"Loading... App Middlewares","level":"info"}
{"message":"Loading... App Models","level":"info"}
{"message":"Loading... App Services","level":"info"}
{"message":"Loading... Game Server.","level":"info"}
{"message":"Loading... Router","level":"info"}
{"message":"Initializing Variables","level":"info"}
{"message":"Loading... DB Connection","level":"info"}
{"message":"Mongoose default connection open to mongodb://127.0.0.1:27017/maangPatta","level":"info"}
{"message":"Loading... Setting","level":"info"}
{"message":"Loading... Socket","level":"info"}
{"message":"Some One Connected :SO_bkkZ30GBOEIRdAAAA","level":"info"}
{"message":"Initializing Server...","level":"info"}
{"message":"Loading... App Controllers","level":"info"}
{"message":"Loading... App Middlewares","level":"info"}
{"message":"Loading... App Models","level":"info"}
{"message":"Loading... App Services","level":"info"}
{"message":"Loading... Game Server.","level":"info"}
{"message":"Loading... Router","level":"info"}
{"message":"Initializing Variables","level":"info"}
{"message":"Loading... DB Connection","level":"info"}
{"message":"Mongoose default connection open to mongodb://127.0.0.1:27017/maangPatta","level":"info"}
{"message":"Loading... Setting","level":"info"}
{"message":"Loading... Socket","level":"info"}
{"message":"Some One Connected :EoNm7l5S6BpUs5xgAAAA","level":"info"}
{"message":"Initializing Server...","level":"info"}
{"message":"Loading... App Controllers","level":"info"}
{"message":"Loading... App Middlewares","level":"info"}
{"message":"Loading... App Models","level":"info"}
{"message":"Loading... App Services","level":"info"}
{"message":"Loading... Game Server.","level":"info"}
{"message":"Loading... Router","level":"info"}
{"message":"Initializing Variables","level":"info"}
{"message":"Loading... DB Connection","level":"info"}
{"message":"Mongoose default connection open to mongodb://127.0.0.1:27017/maangPatta","level":"info"}
{"message":"Loading... Setting","level":"info"}
{"message":"Loading... Socket","level":"info"}
{"message":"Some One Connected :seOomaFtDNOruk5tAAAA","level":"info"}
{"message":"Initializing Server...","level":"info"}
{"message":"Loading... App Controllers","level":"info"}
{"message":"Loading... App Middlewares","level":"info"}
{"message":"Loading... App Models","level":"info"}
{"message":"Loading... App Services","level":"info"}
{"message":"Loading... Game Server.","level":"info"}
{"message":"Loading... Router","level":"info"}
{"message":"Initializing Variables","level":"info"}
{"message":"Loading... DB Connection","level":"info"}
{"message":"Mongoose default connection open to mongodb://127.0.0.1:27017/maangPatta","level":"info"}
{"message":"Loading... Setting","level":"info"}
{"message":"Loading... Socket","level":"info"}
{"message":"Some One Connected :APN32lrkMlgKu4x1AAAA","level":"info"}
{"message":"Initializing Server...","level":"info"}
{"message":"Loading... App Controllers","level":"info"}
{"message":"Loading... App Middlewares","level":"info"}
{"message":"Loading... App Models","level":"info"}
{"message":"Loading... App Services","level":"info"}
{"message":"Loading... Game Server.","level":"info"}
{"message":"Loading... Router","level":"info"}
{"message":"Initializing Variables","level":"info"}
{"message":"Loading... DB Connection","level":"info"}
{"message":"Mongoose default connection open to mongodb://127.0.0.1:27017/maangPatta","level":"info"}
{"message":"Loading... Setting","level":"info"}
{"message":"Loading... Socket","level":"info"}
{"message":"Some One Connected :sNjTvDXOT1dRMGK8AAAA","level":"info"}
{"message":"<=> gameCount|| 76","level":"info"}
{"message":"Some One Connected :rCYvuoyJnfYe_bDjAAAB","level":"info"}
{"message":"Some One Connected :49KHZ5NtYM7yp41CAAAC","level":"info"}
{"message":"Some One Connected :NnKYoD_pINTy-RpzAAAD","level":"info"}
{"message":"Some One Connected :4Zwku3HjkYOHbdILAAAE","level":"info"}
{"message":"<=> gameCount|| 77","level":"info"}
{"message":"<=> gameCount|| 78","level":"info"}
{"message":"Initializing Server...","level":"info"}
{"message":"Loading... App Controllers","level":"info"}
{"message":"Loading... App Middlewares","level":"info"}
{"message":"Loading... App Models","level":"info"}
{"message":"Loading... App Services","level":"info"}
{"message":"Loading... Game Server.","level":"info"}
{"message":"Loading... Router","level":"info"}
{"message":"Initializing Variables","level":"info"}
{"message":"Loading... DB Connection","level":"info"}
{"message":"Mongoose default connection open to mongodb://127.0.0.1:27017/maangPatta","level":"info"}
{"message":"Loading... Setting","level":"info"}
{"message":"Loading... Socket","level":"info"}
{"message":"Some One Connected :T1xB7NsbzDk1gOV2AAAA","level":"info"}
{"message":"Initializing Server...","level":"info"}
{"message":"Loading... App Controllers","level":"info"}
{"message":"Loading... App Middlewares","level":"info"}
{"message":"Loading... App Models","level":"info"}
{"message":"Loading... App Services","level":"info"}
{"message":"Loading... Game Server.","level":"info"}
{"message":"Loading... Router","level":"info"}
{"message":"Initializing Variables","level":"info"}
{"message":"Loading... DB Connection","level":"info"}
{"message":"Mongoose default connection open to mongodb://127.0.0.1:27017/maangPatta","level":"info"}
{"message":"Loading... Setting","level":"info"}
{"message":"Loading... Socket","level":"info"}
{"message":"Some One Connected :6Eu0d3jYW0n9fZEoAAAA","level":"info"}
{"message":"Initializing Server...","level":"info"}
{"message":"Loading... App Controllers","level":"info"}
{"message":"Loading... App Middlewares","level":"info"}
{"message":"Loading... App Models","level":"info"}
{"message":"Loading... App Services","level":"info"}
{"message":"Loading... Game Server.","level":"info"}
{"message":"Loading... Router","level":"info"}
{"message":"Initializing Variables","level":"info"}
{"message":"Loading... DB Connection","level":"info"}
{"message":"Mongoose default connection open to mongodb://127.0.0.1:27017/maangPatta","level":"info"}
{"message":"Loading... Setting","level":"info"}
{"message":"Loading... Socket","level":"info"}
{"message":"Some One Connected :gyv6mcd92lu4SirmAAAA","level":"info"}
{"message":"Initializing Server...","level":"info"}
{"message":"Loading... App Controllers","level":"info"}
{"message":"Loading... App Middlewares","level":"info"}
{"message":"Loading... App Models","level":"info"}
{"message":"Loading... App Services","level":"info"}
{"message":"Loading... Game Server.","level":"info"}
{"message":"Loading... Router","level":"info"}
{"message":"Initializing Variables","level":"info"}
{"message":"Loading... DB Connection","level":"info"}
{"message":"Mongoose default connection open to mongodb://127.0.0.1:27017/maangPatta","level":"info"}
{"message":"Loading... Setting","level":"info"}
{"message":"Loading... Socket","level":"info"}
{"message":"Some One Connected :m7WeEyVnz1c43-poAAAA","level":"info"}
{"message":"Initializing Server...","level":"info"}
{"message":"Loading... App Controllers","level":"info"}
{"message":"Loading... App Middlewares","level":"info"}
{"message":"Loading... App Models","level":"info"}
{"message":"Loading... App Services","level":"info"}
{"message":"Loading... Game Server.","level":"info"}
{"message":"Loading... Router","level":"info"}
{"message":"Initializing Variables","level":"info"}
{"message":"Loading... DB Connection","level":"info"}
{"message":"Mongoose default connection open to mongodb://127.0.0.1:27017/maangPatta","level":"info"}
{"message":"Loading... Setting","level":"info"}
{"message":"Loading... Socket","level":"info"}
{"message":"Some One Connected :0gWIlFoBsX2tSJr2AAAA","level":"info"}
{"message":"Initializing Server...","level":"info"}
{"message":"Loading... App Controllers","level":"info"}
{"message":"Loading... App Middlewares","level":"info"}
{"message":"Loading... App Models","level":"info"}
{"message":"Loading... App Services","level":"info"}
{"message":"Loading... Game Server.","level":"info"}
{"message":"Loading... Router","level":"info"}
{"message":"Initializing Variables","level":"info"}
{"message":"Loading... DB Connection","level":"info"}
{"message":"Mongoose default connection open to mongodb://127.0.0.1:27017/maangPatta","level":"info"}
{"message":"Loading... Setting","level":"info"}
{"message":"Loading... Socket","level":"info"}
{"message":"Some One Connected :Chb_MUqn7OfnUBqhAAAA","level":"info"}
{"message":"Some One Connected :wVar6WgGi2wHC3cRAAAB","level":"info"}
{"message":"Some One Connected :If1stHcjULVrCUe_AAAC","level":"info"}
{"message":"Some One Connected :P4gW4yJd4obhT8qkAAAD","level":"info"}
{"message":"Some One Connected :t_E9R2dL7VouvUZBAAAE","level":"info"}
{"message":"Some One Connected :fCJiUwNJZbhTihzXAAAF","level":"info"}
{"message":"<=> gameCount|| 79","level":"info"}
{"message":"Mongoose default connection disconnected","level":"info"}
{"message":"Initializing Server...","level":"info"}
{"message":"Loading... App Controllers","level":"info"}
{"message":"Loading... App Middlewares","level":"info"}
{"message":"Loading... App Models","level":"info"}
{"message":"Loading... App Services","level":"info"}
{"message":"Loading... Game Server.","level":"info"}
{"message":"Loading... Router","level":"info"}
{"message":"Initializing Variables","level":"info"}
{"message":"Loading... DB Connection","level":"info"}
{"message":"Mongoose default connection open to mongodb://127.0.0.1:27017/maangPatta","level":"info"}
{"message":"Loading... Setting","level":"info"}
{"message":"Loading... Socket","level":"info"}
{"message":"Some One Connected :n8sdGWtqHV7wunqQAAAA","level":"info"}
{"message":"Some One Connected :q5b2Ct8ZyP8HR4SpAAAB","level":"info"}
{"message":"Some One Connected :E-CjqiH3stYu5OYjAAAC","level":"info"}
{"message":"<=> gameCount|| 80","level":"info"}
{"message":"Initializing Server...","level":"info"}
{"message":"Loading... App Controllers","level":"info"}
{"message":"Loading... App Middlewares","level":"info"}
{"message":"Loading... App Models","level":"info"}
{"message":"Loading... App Services","level":"info"}
{"message":"Loading... Game Server.","level":"info"}
{"message":"Loading... Router","level":"info"}
{"message":"Initializing Variables","level":"info"}
{"message":"Loading... DB Connection","level":"info"}
{"message":"Mongoose default connection open to mongodb://127.0.0.1:27017/maangPatta","level":"info"}
{"message":"Loading... Setting","level":"info"}
{"message":"Loading... Socket","level":"info"}
{"message":"Some One Connected :qqvOhS21fpkRR__xAAAA","level":"info"}
{"message":"Some One Connected :6CnzjbHEkH-hQEKAAAAB","level":"info"}
{"message":"<=> gameCount|| 81","level":"info"}
{"message":"Mongoose default connection disconnected","level":"info"}
{"message":"Initializing Server...","level":"info"}
{"message":"Loading... App Controllers","level":"info"}
{"message":"Loading... App Middlewares","level":"info"}
{"message":"Loading... App Models","level":"info"}
{"message":"Loading... App Services","level":"info"}
{"message":"Loading... Game Server.","level":"info"}
{"message":"Loading... Router","level":"info"}
{"message":"Initializing Variables","level":"info"}
{"message":"Loading... DB Connection","level":"info"}
{"message":"Mongoose default connection open to mongodb://127.0.0.1:27017/maangPatta","level":"info"}
{"message":"Loading... Setting","level":"info"}
{"message":"Loading... Socket","level":"info"}
{"message":"Initializing Server...","level":"info"}
{"message":"Loading... App Controllers","level":"info"}
{"message":"Loading... App Middlewares","level":"info"}
{"message":"Loading... App Models","level":"info"}
{"message":"Loading... App Services","level":"info"}
{"message":"Loading... Game Server.","level":"info"}
{"message":"Loading... Router","level":"info"}
{"message":"Initializing Variables","level":"info"}
{"message":"Loading... DB Connection","level":"info"}
{"message":"Mongoose default connection open to mongodb://127.0.0.1:27017/maangPatta","level":"info"}
{"message":"Loading... Setting","level":"info"}
{"message":"Loading... Socket","level":"info"}
{"message":"Initializing Server...","level":"info"}
{"message":"Loading... App Controllers","level":"info"}
{"message":"Loading... App Middlewares","level":"info"}
{"message":"Loading... App Models","level":"info"}
{"message":"Loading... App Services","level":"info"}
{"message":"Loading... Game Server.","level":"info"}
{"message":"Loading... Router","level":"info"}
{"message":"Initializing Variables","level":"info"}
{"message":"Loading... DB Connection","level":"info"}
{"message":"Mongoose default connection open to mongodb://127.0.0.1:27017/maangPatta","level":"info"}
{"message":"Loading... Setting","level":"info"}
{"message":"Loading... Socket","level":"info"}
{"message":"Initializing Server...","level":"info"}
{"message":"Loading... App Controllers","level":"info"}
{"message":"Loading... App Middlewares","level":"info"}
{"message":"Loading... App Models","level":"info"}
{"message":"Loading... App Services","level":"info"}
{"message":"Loading... Game Server.","level":"info"}
{"message":"Loading... Router","level":"info"}
{"message":"Initializing Variables","level":"info"}
{"message":"Loading... DB Connection","level":"info"}
{"message":"Mongoose default connection open to mongodb://127.0.0.1:27017/maangPatta","level":"info"}
{"message":"Loading... Setting","level":"info"}
{"message":"Loading... Socket","level":"info"}
{"message":"Some One Connected :ButKTE6cKjnh8fMsAAAA","level":"info"}
{"message":"Initializing Server...","level":"info"}
{"message":"Loading... App Controllers","level":"info"}
{"message":"Loading... App Middlewares","level":"info"}
{"message":"Loading... App Models","level":"info"}
{"message":"Loading... App Services","level":"info"}
{"message":"Loading... Game Server.","level":"info"}
{"message":"Loading... Router","level":"info"}
{"message":"Initializing Variables","level":"info"}
{"message":"Loading... DB Connection","level":"info"}
{"message":"Mongoose default connection open to mongodb://127.0.0.1:27017/maangPatta","level":"info"}
{"message":"Loading... Setting","level":"info"}
{"message":"Loading... Socket","level":"info"}
{"message":"Some One Connected :V_wDlDbLxJgVMSJ-AAAA","level":"info"}
{"message":"Some One Connected :rgU5aAJCjfKxEVvsAAAB","level":"info"}
{"message":"Some One Connected :_Ltq4-lTVYxd71RfAAAC","level":"info"}
{"message":"Initializing Server...","level":"info"}
{"message":"Loading... App Controllers","level":"info"}
{"message":"Loading... App Middlewares","level":"info"}
{"message":"Loading... App Models","level":"info"}
{"message":"Loading... App Services","level":"info"}
{"message":"Loading... Game Server.","level":"info"}
{"message":"Loading... Router","level":"info"}
{"message":"Initializing Variables","level":"info"}
{"message":"Loading... DB Connection","level":"info"}
{"message":"Mongoose default connection open to mongodb://127.0.0.1:27017/maangPatta","level":"info"}
{"message":"Loading... Setting","level":"info"}
{"message":"Loading... Socket","level":"info"}
{"message":"Some One Connected :EJok0XqekkJtaM27AAAA","level":"info"}
{"message":"Some One Connected :fdAFA2kFVitJdcFTAAAB","level":"info"}
{"message":"Some One Connected :-OEOryKVrgNDrKpDAAAC","level":"info"}
{"message":"<=> gameCount|| 82","level":"info"}
{"message":"Initializing Server...","level":"info"}
{"message":"Loading... App Controllers","level":"info"}
{"message":"Loading... App Middlewares","level":"info"}
{"message":"Loading... App Models","level":"info"}
{"message":"Loading... App Services","level":"info"}
{"message":"Loading... Game Server.","level":"info"}
{"message":"Loading... Router","level":"info"}
{"message":"Initializing Variables","level":"info"}
{"message":"Loading... DB Connection","level":"info"}
{"message":"Mongoose default connection open to mongodb://127.0.0.1:27017/maangPatta","level":"info"}
{"message":"Loading... Setting","level":"info"}
{"message":"Loading... Socket","level":"info"}
{"message":"Some One Connected :VOLwSr7TcIkdVhPxAAAA","level":"info"}
{"message":"Initializing Server...","level":"info"}
{"message":"Loading... App Controllers","level":"info"}
{"message":"Loading... App Middlewares","level":"info"}
{"message":"Loading... App Models","level":"info"}
{"message":"Loading... App Services","level":"info"}
{"message":"Loading... Game Server.","level":"info"}
{"message":"Loading... Router","level":"info"}
{"message":"Initializing Variables","level":"info"}
{"message":"Loading... DB Connection","level":"info"}
{"message":"Mongoose default connection open to mongodb://127.0.0.1:27017/maangPatta","level":"info"}
{"message":"Loading... Setting","level":"info"}
{"message":"Loading... Socket","level":"info"}
{"message":"Some One Connected :lcja1alcpTMR7-4JAAAA","level":"info"}
{"message":"Initializing Server...","level":"info"}
{"message":"Loading... App Controllers","level":"info"}
{"message":"Loading... App Middlewares","level":"info"}
{"message":"Loading... App Models","level":"info"}
{"message":"Loading... App Services","level":"info"}
{"message":"Loading... Game Server.","level":"info"}
{"message":"Loading... Router","level":"info"}
{"message":"Initializing Variables","level":"info"}
{"message":"Loading... DB Connection","level":"info"}
{"message":"Mongoose default connection open to mongodb://127.0.0.1:27017/maangPatta","level":"info"}
{"message":"Loading... Setting","level":"info"}
{"message":"Loading... Socket","level":"info"}
{"message":"Some One Connected :mz7f0l6boP_IudU0AAAA","level":"info"}
{"message":"Some One Connected :eBdQTSen4oQ3LyQyAAAB","level":"info"}
{"message":"<=> gameCount|| 83","level":"info"}
{"message":"Initializing Server...","level":"info"}
{"message":"Loading... App Controllers","level":"info"}
{"message":"Loading... App Middlewares","level":"info"}
{"message":"Loading... App Models","level":"info"}
{"message":"Loading... App Services","level":"info"}
{"message":"Loading... Game Server.","level":"info"}
{"message":"Loading... Router","level":"info"}
{"message":"Initializing Variables","level":"info"}
{"message":"Loading... DB Connection","level":"info"}
{"message":"Mongoose default connection open to mongodb://127.0.0.1:27017/maangPatta","level":"info"}
{"message":"Loading... Setting","level":"info"}
{"message":"Loading... Socket","level":"info"}
{"message":"Some One Connected :OOWkHwzkJJcwL_JCAAAA","level":"info"}
{"message":"Some One Connected :xZU-IXKT9yJs9rdlAAAB","level":"info"}
{"message":"<=> gameCount|| 84","level":"info"}
{"message":"Error in Update Player : CastError: Cast to number failed for value \"NaN\" at path \"chips\"","level":"info"}
{"message":"Error in Update Player : CastError: Cast to number failed for value \"NaN\" at path \"chips\"","level":"info"}
{"message":"Initializing Server...","level":"info"}
{"message":"Loading... App Controllers","level":"info"}
{"message":"Loading... App Middlewares","level":"info"}
{"message":"Loading... App Models","level":"info"}
{"message":"Loading... App Services","level":"info"}
{"message":"Loading... Game Server.","level":"info"}
{"message":"Loading... Router","level":"info"}
{"message":"Initializing Variables","level":"info"}
{"message":"Loading... DB Connection","level":"info"}
{"message":"Mongoose default connection open to mongodb://127.0.0.1:27017/maangPatta","level":"info"}
{"message":"Loading... Setting","level":"info"}
{"message":"Loading... Socket","level":"info"}
{"message":"Some One Connected :3GmLX-XysrXzkemoAAAA","level":"info"}
{"message":"Initializing Server...","level":"info"}
{"message":"Loading... App Controllers","level":"info"}
{"message":"Loading... App Middlewares","level":"info"}
{"message":"Loading... App Models","level":"info"}
{"message":"Loading... App Services","level":"info"}
{"message":"Loading... Game Server.","level":"info"}
{"message":"Loading... Router","level":"info"}
{"message":"Initializing Variables","level":"info"}
{"message":"Loading... DB Connection","level":"info"}
{"message":"Mongoose default connection open to mongodb://127.0.0.1:27017/maangPatta","level":"info"}
{"message":"Loading... Setting","level":"info"}
{"message":"Loading... Socket","level":"info"}
{"message":"Some One Connected :EAjPUvDTNceklkcEAAAA","level":"info"}
{"message":"Some One Connected :jtlszvf1mWc6fGggAAAB","level":"info"}
{"message":"<=> gameCount|| 85","level":"info"}
{"message":"Error in Update Player : CastError: Cast to number failed for value \"NaN\" at path \"chips\"","level":"info"}
{"message":"Error in Update Player : CastError: Cast to number failed for value \"NaN\" at path \"chips\"","level":"info"}
{"message":"Initializing Server...","level":"info"}
{"message":"Loading... App Controllers","level":"info"}
{"message":"Loading... App Middlewares","level":"info"}
{"message":"Loading... App Models","level":"info"}
{"message":"Loading... App Services","level":"info"}
{"message":"Loading... Game Server.","level":"info"}
{"message":"Loading... Router","level":"info"}
{"message":"Initializing Variables","level":"info"}
{"message":"Loading... DB Connection","level":"info"}
{"message":"Mongoose default connection open to mongodb://127.0.0.1:27017/maangPatta","level":"info"}
{"message":"Loading... Setting","level":"info"}
{"message":"Loading... Socket","level":"info"}
{"message":"Some One Connected :e03CsZhiJONH0jE_AAAA","level":"info"}
{"message":"Some One Connected :3rW6K-UchKUzz1_JAAAB","level":"info"}
{"message":"Some One Connected :2YBnl66JfztY8oNUAAAC","level":"info"}
{"message":"<=> gameCount|| 86","level":"info"}
{"message":"Initializing Server...","level":"info"}
{"message":"Loading... App Controllers","level":"info"}
{"message":"Loading... App Middlewares","level":"info"}
{"message":"Loading... App Models","level":"info"}
{"message":"Loading... App Services","level":"info"}
{"message":"Loading... Game Server.","level":"info"}
{"message":"Loading... Router","level":"info"}
{"message":"Initializing Variables","level":"info"}
{"message":"Loading... DB Connection","level":"info"}
{"message":"Mongoose default connection open to mongodb://127.0.0.1:27017/maangPatta","level":"info"}
{"message":"Loading... Setting","level":"info"}
{"message":"Loading... Socket","level":"info"}
{"message":"Initializing Server...","level":"info"}
{"message":"Loading... App Controllers","level":"info"}
{"message":"Loading... App Middlewares","level":"info"}
{"message":"Loading... App Models","level":"info"}
{"message":"Loading... App Services","level":"info"}
{"message":"Loading... Game Server.","level":"info"}
{"message":"Loading... Router","level":"info"}
{"message":"Initializing Variables","level":"info"}
{"message":"Loading... DB Connection","level":"info"}
{"message":"Mongoose default connection open to mongodb://127.0.0.1:27017/maangPatta","level":"info"}
{"message":"Loading... Setting","level":"info"}
{"message":"Loading... Socket","level":"info"}
{"message":"Initializing Server...","level":"info"}
{"message":"Loading... App Controllers","level":"info"}
{"message":"Loading... App Middlewares","level":"info"}
{"message":"Loading... App Models","level":"info"}
{"message":"Loading... App Services","level":"info"}
{"message":"Loading... Game Server.","level":"info"}
{"message":"Loading... Router","level":"info"}
{"message":"Initializing Variables","level":"info"}
{"message":"Loading... DB Connection","level":"info"}
{"message":"Mongoose default connection open to mongodb://127.0.0.1:27017/maangPatta","level":"info"}
{"message":"Loading... Setting","level":"info"}
{"message":"Loading... Socket","level":"info"}
{"message":"Initializing Server...","level":"info"}
{"message":"Loading... App Controllers","level":"info"}
{"message":"Loading... App Middlewares","level":"info"}
{"message":"Loading... App Models","level":"info"}
{"message":"Loading... App Services","level":"info"}
{"message":"Loading... Game Server.","level":"info"}
{"message":"Loading... Router","level":"info"}
{"message":"Initializing Variables","level":"info"}
{"message":"Loading... DB Connection","level":"info"}
{"message":"Mongoose default connection open to mongodb://127.0.0.1:27017/maangPatta","level":"info"}
{"message":"Loading... Setting","level":"info"}
{"message":"Loading... Socket","level":"info"}
{"message":"Initializing Server...","level":"info"}
{"message":"Loading... App Controllers","level":"info"}
{"message":"Loading... App Middlewares","level":"info"}
{"message":"Loading... App Models","level":"info"}
{"message":"Loading... App Services","level":"info"}
{"message":"Loading... Game Server.","level":"info"}
{"message":"Loading... Router","level":"info"}
{"message":"Initializing Variables","level":"info"}
{"message":"Loading... DB Connection","level":"info"}
{"message":"Mongoose default connection open to mongodb://127.0.0.1:27017/maangPatta","level":"info"}
{"message":"Loading... Setting","level":"info"}
{"message":"Loading... Socket","level":"info"}
{"message":"Initializing Server...","level":"info"}
{"message":"Loading... App Controllers","level":"info"}
{"message":"Loading... App Middlewares","level":"info"}
{"message":"Loading... App Models","level":"info"}
{"message":"Loading... App Services","level":"info"}
{"message":"Loading... Game Server.","level":"info"}
{"message":"Loading... Router","level":"info"}
{"message":"Initializing Variables","level":"info"}
{"message":"Loading... DB Connection","level":"info"}
{"message":"Mongoose default connection open to mongodb://127.0.0.1:27017/maangPatta","level":"info"}
{"message":"Loading... Setting","level":"info"}
{"message":"Loading... Socket","level":"info"}
{"message":"Initializing Server...","level":"info"}
{"message":"Loading... App Controllers","level":"info"}
{"message":"Loading... App Middlewares","level":"info"}
{"message":"Loading... App Models","level":"info"}
{"message":"Loading... App Services","level":"info"}
{"message":"Loading... Game Server.","level":"info"}
{"message":"Loading... Router","level":"info"}
{"message":"Initializing Variables","level":"info"}
{"message":"Loading... DB Connection","level":"info"}
{"message":"Mongoose default connection open to mongodb://127.0.0.1:27017/maangPatta","level":"info"}
{"message":"Loading... Setting","level":"info"}
{"message":"Loading... Socket","level":"info"}
{"message":"Initializing Server...","level":"info"}
{"message":"Loading... App Controllers","level":"info"}
{"message":"Loading... App Middlewares","level":"info"}
{"message":"Loading... App Models","level":"info"}
{"message":"Loading... App Services","level":"info"}
{"message":"Loading... Game Server.","level":"info"}
{"message":"Loading... Router","level":"info"}
{"message":"Initializing Variables","level":"info"}
{"message":"Loading... DB Connection","level":"info"}
{"message":"Mongoose default connection open to mongodb://127.0.0.1:27017/maangPatta","level":"info"}
{"message":"Loading... Setting","level":"info"}
{"message":"Loading... Socket","level":"info"}
{"message":"Initializing Server...","level":"info"}
{"message":"Loading... App Controllers","level":"info"}
{"message":"Loading... App Middlewares","level":"info"}
{"message":"Loading... App Models","level":"info"}
{"message":"Loading... App Services","level":"info"}
{"message":"Loading... Game Server.","level":"info"}
{"message":"Loading... Router","level":"info"}
{"message":"Initializing Variables","level":"info"}
{"message":"Loading... DB Connection","level":"info"}
{"message":"Mongoose default connection open to mongodb://127.0.0.1:27017/maangPatta","level":"info"}
{"message":"Loading... Setting","level":"info"}
{"message":"Loading... Socket","level":"info"}
{"message":"Initializing Server...","level":"info"}
{"message":"Loading... App Controllers","level":"info"}
{"message":"Loading... App Middlewares","level":"info"}
{"message":"Loading... App Models","level":"info"}
{"message":"Loading... App Services","level":"info"}
{"message":"Loading... Game Server.","level":"info"}
{"message":"Loading... Router","level":"info"}
{"message":"Initializing Variables","level":"info"}
{"message":"Loading... DB Connection","level":"info"}
{"message":"Mongoose default connection open to mongodb://127.0.0.1:27017/maangPatta","level":"info"}
{"message":"Loading... Setting","level":"info"}
{"message":"Loading... Socket","level":"info"}
{"message":"Initializing Server...","level":"info"}
{"message":"Loading... App Controllers","level":"info"}
{"message":"Loading... App Middlewares","level":"info"}
{"message":"Loading... App Models","level":"info"}
{"message":"Loading... App Services","level":"info"}
{"message":"Loading... Game Server.","level":"info"}
{"message":"Loading... Router","level":"info"}
{"message":"Initializing Variables","level":"info"}
{"message":"Loading... DB Connection","level":"info"}
{"message":"Mongoose default connection open to mongodb://127.0.0.1:27017/maangPatta","level":"info"}
{"message":"Loading... Setting","level":"info"}
{"message":"Loading... Socket","level":"info"}
{"message":"Initializing Server...","level":"info"}
{"message":"Loading... App Controllers","level":"info"}
{"message":"Loading... App Middlewares","level":"info"}
{"message":"Loading... App Models","level":"info"}
{"message":"Loading... App Services","level":"info"}
{"message":"Loading... Game Server.","level":"info"}
{"message":"Loading... Router","level":"info"}
{"message":"Initializing Variables","level":"info"}
{"message":"Loading... DB Connection","level":"info"}
{"message":"Mongoose default connection open to mongodb://127.0.0.1:27017/maangPatta","level":"info"}
{"message":"Loading... Setting","level":"info"}
{"message":"Loading... Socket","level":"info"}
{"message":"Initializing Server...","level":"info"}
{"message":"Loading... App Controllers","level":"info"}
{"message":"Loading... App Middlewares","level":"info"}
{"message":"Loading... App Models","level":"info"}
{"message":"Loading... App Services","level":"info"}
{"message":"Loading... Game Server.","level":"info"}
{"message":"Loading... Router","level":"info"}
{"message":"Initializing Variables","level":"info"}
{"message":"Loading... DB Connection","level":"info"}
{"message":"Mongoose default connection open to mongodb://127.0.0.1:27017/maangPatta","level":"info"}
{"message":"Loading... Setting","level":"info"}
{"message":"Loading... Socket","level":"info"}
{"message":"Initializing Server...","level":"info"}
{"message":"Loading... App Controllers","level":"info"}
{"message":"Loading... App Middlewares","level":"info"}
{"message":"Loading... App Models","level":"info"}
{"message":"Loading... App Services","level":"info"}
{"message":"Loading... Game Server.","level":"info"}
{"message":"Loading... Router","level":"info"}
{"message":"Initializing Variables","level":"info"}
{"message":"Loading... DB Connection","level":"info"}
{"message":"Mongoose default connection open to mongodb://127.0.0.1:27017/maangPatta","level":"info"}
{"message":"Loading... Setting","level":"info"}
{"message":"Loading... Socket","level":"info"}
{"message":"Initializing Server...","level":"info"}
{"message":"Loading... App Controllers","level":"info"}
{"message":"Loading... App Middlewares","level":"info"}
{"message":"Loading... App Models","level":"info"}
{"message":"Loading... App Services","level":"info"}
{"message":"Loading... Game Server.","level":"info"}
{"message":"Loading... Router","level":"info"}
{"message":"Initializing Variables","level":"info"}
{"message":"Loading... DB Connection","level":"info"}
{"message":"Mongoose default connection open to mongodb://127.0.0.1:27017/maangPatta","level":"info"}
{"message":"Loading... Setting","level":"info"}
{"message":"Loading... Socket","level":"info"}
{"message":"Some One Connected :UQV3lw-K4aQeTVHTAAAA","level":"info"}
{"message":"Some One Connected :-9u9Tv3UE0QWXHiuAAAB","level":"info"}
{"message":"<=> gameCount|| 87","level":"info"}
{"message":"<=> gameCount|| 88","level":"info"}
{"message":"Some One Connected :wCfu8Pp5D1-0MFw0AAAC","level":"info"}
{"message":"Initializing Server...","level":"info"}
{"message":"Loading... App Controllers","level":"info"}
{"message":"Loading... App Middlewares","level":"info"}
{"message":"Loading... App Models","level":"info"}
{"message":"Loading... App Services","level":"info"}
{"message":"Loading... Game Server.","level":"info"}
{"message":"Loading... Router","level":"info"}
{"message":"Initializing Variables","level":"info"}
{"message":"Loading... DB Connection","level":"info"}
{"message":"Mongoose default connection open to mongodb://127.0.0.1:27017/maangPatta","level":"info"}
{"message":"Loading... Setting","level":"info"}
{"message":"Loading... Socket","level":"info"}
{"message":"Some One Connected :bnuelFMwt-LmpGa1AAAA","level":"info"}
{"message":"Some One Connected :Ne1V9q9L6b5e1sA0AAAB","level":"info"}
{"message":"<=> gameCount|| 89","level":"info"}
{"message":"<=> gameCount|| 90","level":"info"}
{"message":"Some One Connected :S2L_dQ56I_7yu-YrAAAC","level":"info"}
{"message":"Some One Connected :usyyJYZgihHGC3_1AAAD","level":"info"}
{"message":"Initializing Server...","level":"info"}
{"message":"Loading... App Controllers","level":"info"}
{"message":"Loading... App Middlewares","level":"info"}
{"message":"Loading... App Models","level":"info"}
{"message":"Loading... App Services","level":"info"}
{"message":"Loading... Game Server.","level":"info"}
{"message":"Loading... Router","level":"info"}
{"message":"Initializing Variables","level":"info"}
{"message":"Loading... DB Connection","level":"info"}
{"message":"Mongoose default connection open to mongodb://127.0.0.1:27017/maangPatta","level":"info"}
{"message":"Loading... Setting","level":"info"}
{"message":"Loading... Socket","level":"info"}
{"message":"Initializing Server...","level":"info"}
{"message":"Loading... App Controllers","level":"info"}
{"message":"Loading... App Middlewares","level":"info"}
{"message":"Loading... App Models","level":"info"}
{"message":"Loading... App Services","level":"info"}
{"message":"Loading... Game Server.","level":"info"}
{"message":"Loading... Router","level":"info"}
{"message":"Initializing Variables","level":"info"}
{"message":"Loading... DB Connection","level":"info"}
{"message":"Mongoose default connection open to mongodb://127.0.0.1:27017/maangPatta","level":"info"}
{"message":"Loading... Setting","level":"info"}
{"message":"Loading... Socket","level":"info"}
{"message":"Some One Connected :uFb4ZY4CYZjyONbjAAAA","level":"info"}
{"message":"Initializing Server...","level":"info"}
{"message":"Loading... App Controllers","level":"info"}
{"message":"Loading... App Middlewares","level":"info"}
{"message":"Loading... App Models","level":"info"}
{"message":"Loading... App Services","level":"info"}
{"message":"Loading... Game Server.","level":"info"}
{"message":"Loading... Router","level":"info"}
{"message":"Initializing Variables","level":"info"}
{"message":"Loading... DB Connection","level":"info"}
{"message":"Mongoose default connection open to mongodb://127.0.0.1:27017/maangPatta","level":"info"}
{"message":"Loading... Setting","level":"info"}
{"message":"Loading... Socket","level":"info"}
{"message":"Some One Connected :U5Zd7S2WFUZ8ndEdAAAA","level":"info"}
{"message":"Some One Connected :1Is4oYSk6oI1mlzrAAAB","level":"info"}
{"message":"<=> gameCount|| 91","level":"info"}
{"message":"Mongoose default connection disconnected","level":"info"}
{"message":"Initializing Server...","level":"info"}
{"message":"Loading... App Controllers","level":"info"}
{"message":"Loading... App Middlewares","level":"info"}
{"message":"Loading... App Models","level":"info"}
{"message":"Loading... App Services","level":"info"}
{"message":"Loading... Game Server.","level":"info"}
{"message":"Loading... Router","level":"info"}
{"message":"Initializing Variables","level":"info"}
{"message":"Loading... DB Connection","level":"info"}
{"message":"Mongoose default connection open to mongodb://127.0.0.1:27017/maangPatta","level":"info"}
{"message":"Loading... Setting","level":"info"}
{"message":"Loading... Socket","level":"info"}
{"message":"Some One Connected :wtjoYn-q0nHhtjqbAAAA","level":"info"}
{"message":"Initializing Server...","level":"info"}
{"message":"Loading... App Controllers","level":"info"}
{"message":"Loading... App Middlewares","level":"info"}
{"message":"Loading... App Models","level":"info"}
{"message":"Loading... App Services","level":"info"}
{"message":"Loading... Game Server.","level":"info"}
{"message":"Loading... Router","level":"info"}
{"message":"Initializing Variables","level":"info"}
{"message":"Loading... DB Connection","level":"info"}
{"message":"Mongoose default connection open to mongodb://127.0.0.1:27017/maangPatta","level":"info"}
{"message":"Loading... Setting","level":"info"}
{"message":"Loading... Socket","level":"info"}
{"message":"Initializing Server...","level":"info"}
{"message":"Loading... App Controllers","level":"info"}
{"message":"Loading... App Middlewares","level":"info"}
{"message":"Loading... App Models","level":"info"}
{"message":"Loading... App Services","level":"info"}
{"message":"Loading... Game Server.","level":"info"}
{"message":"Loading... Router","level":"info"}
{"message":"Initializing Variables","level":"info"}
{"message":"Loading... DB Connection","level":"info"}
{"message":"Mongoose default connection open to mongodb://127.0.0.1:27017/maangPatta","level":"info"}
{"message":"Loading... Setting","level":"info"}
{"message":"Loading... Socket","level":"info"}
{"message":"Initializing Server...","level":"info"}
{"message":"Loading... App Controllers","level":"info"}
{"message":"Loading... App Middlewares","level":"info"}
{"message":"Loading... App Models","level":"info"}
{"message":"Loading... App Services","level":"info"}
{"message":"Loading... Game Server.","level":"info"}
{"message":"Loading... Router","level":"info"}
{"message":"Initializing Variables","level":"info"}
{"message":"Loading... DB Connection","level":"info"}
{"message":"Mongoose default connection open to mongodb://127.0.0.1:27017/maangPatta","level":"info"}
{"message":"Loading... Setting","level":"info"}
{"message":"Loading... Socket","level":"info"}
{"message":"Initializing Server...","level":"info"}
{"message":"Loading... App Controllers","level":"info"}
{"message":"Loading... App Middlewares","level":"info"}
{"message":"Loading... App Models","level":"info"}
{"message":"Loading... App Services","level":"info"}
{"message":"Loading... Game Server.","level":"info"}
{"message":"Loading... Router","level":"info"}
{"message":"Initializing Variables","level":"info"}
{"message":"Loading... DB Connection","level":"info"}
{"message":"Mongoose default connection open to mongodb://127.0.0.1:27017/maangPatta","level":"info"}
{"message":"Loading... Setting","level":"info"}
{"message":"Loading... Socket","level":"info"}
{"message":"Some One Connected :JNDOuVEa7pI4JE2gAAAA","level":"info"}
{"message":"Some One Connected :qyp7EDPSZh6Sgqn8AAAB","level":"info"}
{"message":"<=> gameCount|| 92","level":"info"}
{"message":"Some One Connected :wI7nOZU07sbmlAtZAAAC","level":"info"}
{"message":"Some One Connected :jEbA2wNN1zOqOZJZAAAD","level":"info"}
{"message":"Some One Connected :HI4OfxG9HmOOUL3jAAAE","level":"info"}
{"message":"Some One Connected :IrZTpLsx-5ugXVa7AAAF","level":"info"}
{"message":"<=> gameCount|| 93","level":"info"}
{"message":"<=> gameCount|| 94","level":"info"}
{"message":"Mongoose default connection disconnected","level":"info"}
{"message":"Initializing Server...","level":"info"}
{"message":"Loading... App Controllers","level":"info"}
{"message":"Loading... App Middlewares","level":"info"}
{"message":"Loading... App Models","level":"info"}
{"message":"Loading... App Services","level":"info"}
{"message":"Loading... Game Server.","level":"info"}
{"message":"Loading... Router","level":"info"}
{"message":"Initializing Variables","level":"info"}
{"message":"Loading... DB Connection","level":"info"}
{"message":"Mongoose default connection open to mongodb://127.0.0.1:27017/maangPatta","level":"info"}
{"message":"Loading... Setting","level":"info"}
{"message":"Loading... Socket","level":"info"}
{"message":"Some One Connected :oNKcQUcTb1QoGa_dAAAA","level":"info"}
{"message":"Some One Connected :BzjHfbobyALHz0IzAAAB","level":"info"}
{"message":"<=> gameCount|| 95","level":"info"}
{"message":"<=> gameCount|| 96","level":"info"}
{"message":"<=> gameCount|| 97","level":"info"}
{"message":"Some One Connected :qO9JhgNqguwoH_rEAAAC","level":"info"}
{"message":"Some One Connected :NiiU02BrlocOmwmXAAAD","level":"info"}
{"message":"<=> gameCount|| 98","level":"info"}
{"message":"<=> gameCount|| 99","level":"info"}
{"message":"Some One Connected :nWRrtrik4yURCuYXAAAE","level":"info"}
{"message":"Some One Connected :sNJtSHcI1Ef3PPywAAAF","level":"info"}
{"message":"Some One Connected :CTX2fNX2SiVv39W7AAAG","level":"info"}
{"message":"Some One Connected :T1ic3z8mVI-1Sua_AAAH","level":"info"}
{"message":"Some One Connected :7s9sd8I8vT4BBr3MAAAI","level":"info"}
{"message":"<=> gameCount|| 100","level":"info"}
