{"message":"Initializing Server...","level":"info"}
{"message":"Loading... App Controllers","level":"info"}
{"message":"Loading... App Middlewares","level":"info"}
{"message":"Loading... App Models","level":"info"}
{"message":"Loading... App Services","level":"info"}
{"message":"Loading... Game Server.","level":"info"}
{"message":"Loading... Router","level":"info"}
{"message":"Initializing Variables","level":"info"}
{"message":"Loading... DB Connection","level":"info"}
{"message":"Mongoose default connection open to mongodb://127.0.0.1:27017/maangPatta","level":"info"}
{"message":"Loading... Setting","level":"info"}
{"message":"Loading... Socket","level":"info"}
{"message":"Initializing Server...","level":"info"}
{"message":"Loading... App Controllers","level":"info"}
{"message":"Loading... App Middlewares","level":"info"}
{"message":"Loading... App Models","level":"info"}
{"message":"Loading... App Services","level":"info"}
{"message":"Loading... Game Server.","level":"info"}
{"message":"Loading... Router","level":"info"}
{"message":"Initializing Variables","level":"info"}
{"message":"Loading... DB Connection","level":"info"}
{"message":"Mongoose default connection open to mongodb://127.0.0.1:27017/maangPatta","level":"info"}
{"message":"Loading... Setting","level":"info"}
{"message":"Loading... Socket","level":"info"}
{"message":"Mongoose default connection disconnected","level":"info"}
{"message":"Initializing Server...","level":"info"}
{"message":"Loading... App Controllers","level":"info"}
{"message":"Loading... App Middlewares","level":"info"}
{"message":"Loading... App Models","level":"info"}
{"message":"Loading... App Services","level":"info"}
{"message":"Loading... Game Server.","level":"info"}
{"message":"Loading... Router","level":"info"}
{"message":"Initializing Variables","level":"info"}
{"message":"Loading... DB Connection","level":"info"}
{"message":"Mongoose default connection open to mongodb://127.0.0.1:27017/maangPatta","level":"info"}
{"message":"Loading... Setting","level":"info"}
{"message":"Loading... Socket","level":"info"}
{"message":"Some One Connected :9HbfoG5MD3tyXFkwAAAA","level":"info"}
{"message":"Some One Connected :AiX4gKZOg2494ddKAAAB","level":"info"}
{"message":"Some One Connected :2CWCN4CxNxJIAcJgAAAC","level":"info"}
{"message":"<=> gameCount|| 17","level":"info"}
{"message":"Some One Connected :FULpMGs4dfAC4wThAAAD","level":"info"}
{"message":"Some One Connected :PSV5FwO_JaW5pre6AAAE","level":"info"}
{"message":"Some One Connected :KAgkDgpR6_y4XKdOAAAF","level":"info"}
{"message":"<=> gameCount|| 18","level":"info"}
{"message":"Some One Connected :rI0kMs5QTm8hOiXGAAAG","level":"info"}
{"message":"Some One Connected :ZQZm9W0nYKb_8TDbAAAH","level":"info"}
{"message":"Some One Connected :g7CrL4pY0i7BFw-wAAAI","level":"info"}
{"message":"Some One Connected :KZ2nOZE-t5beQ7aVAAAJ","level":"info"}
{"message":"Some One Connected :J-GhEbjLMgzvm5u-AAAK","level":"info"}
{"message":"<=> gameCount|| 19","level":"info"}
{"message":"Some One Connected :TXMlpeAUaxlqqTsSAAAL","level":"info"}
{"message":"Some One Connected :YzerdH3-5dOUa_3UAAAM","level":"info"}
{"message":"Some One Connected :3Y4OfeG7Np1zrL0lAAAN","level":"info"}
{"message":"Some One Connected :eH3nMIHD193Lv7xFAAAO","level":"info"}
{"message":"Some One Connected :KChI2667uJ6Vo_BvAAAP","level":"info"}
{"message":"<=> gameCount|| 20","level":"info"}
{"message":"Some One Connected :huaQYMtjJBGPMR3vAAAQ","level":"info"}
{"message":"Some One Connected :oc1U2g5bAO3UdoktAAAR","level":"info"}
{"message":"Initializing Server...","level":"info"}
{"message":"Loading... App Controllers","level":"info"}
{"message":"Loading... App Middlewares","level":"info"}
{"message":"Loading... App Models","level":"info"}
{"message":"Loading... App Services","level":"info"}
{"message":"Loading... Game Server.","level":"info"}
{"message":"Loading... Router","level":"info"}
{"message":"Initializing Variables","level":"info"}
{"message":"Loading... DB Connection","level":"info"}
{"message":"Mongoose default connection open to mongodb://127.0.0.1:27017/maangPatta","level":"info"}
{"message":"Loading... Setting","level":"info"}
{"message":"Loading... Socket","level":"info"}
{"message":"Some One Connected :-p-2nkZ5ix8QUrIdAAAA","level":"info"}
{"message":"Some One Connected :GS0rBp6RMwnDlTkMAAAB","level":"info"}
{"message":"<=> gameCount|| 21","level":"info"}
{"message":"Some One Connected :tEqGQfJ5xcmEMJuoAAAC","level":"info"}
{"message":"Some One Connected :a4Z1fA_JXDJSdRKeAAAD","level":"info"}
{"message":"Some One Connected :2iF5WU3s3cLKpgW4AAAE","level":"info"}
{"message":"Initializing Server...","level":"info"}
{"message":"Loading... App Controllers","level":"info"}
{"message":"Loading... App Middlewares","level":"info"}
{"message":"Loading... App Models","level":"info"}
{"message":"Loading... App Services","level":"info"}
{"message":"Loading... Game Server.","level":"info"}
{"message":"Loading... Router","level":"info"}
{"message":"Initializing Variables","level":"info"}
{"message":"Loading... DB Connection","level":"info"}
{"message":"Mongoose default connection open to mongodb://127.0.0.1:27017/maangPatta","level":"info"}
{"message":"Loading... Setting","level":"info"}
{"message":"Loading... Socket","level":"info"}
{"message":"Some One Connected :9cjo6890TTyiT0oJAAAA","level":"info"}
{"message":"Initializing Server...","level":"info"}
{"message":"Loading... App Controllers","level":"info"}
{"message":"Loading... App Middlewares","level":"info"}
{"message":"Loading... App Models","level":"info"}
{"message":"Loading... App Services","level":"info"}
{"message":"Loading... Game Server.","level":"info"}
{"message":"Loading... Router","level":"info"}
{"message":"Initializing Variables","level":"info"}
{"message":"Loading... DB Connection","level":"info"}
{"message":"Mongoose default connection open to mongodb://127.0.0.1:27017/maangPatta","level":"info"}
{"message":"Loading... Setting","level":"info"}
{"message":"Loading... Socket","level":"info"}
{"message":"Initializing Server...","level":"info"}
{"message":"Loading... App Controllers","level":"info"}
{"message":"Loading... App Middlewares","level":"info"}
{"message":"Loading... App Models","level":"info"}
{"message":"Loading... App Services","level":"info"}
{"message":"Loading... Game Server.","level":"info"}
{"message":"Loading... Router","level":"info"}
{"message":"Initializing Variables","level":"info"}
{"message":"Loading... DB Connection","level":"info"}
{"message":"Mongoose default connection open to mongodb://127.0.0.1:27017/maangPatta","level":"info"}
{"message":"Loading... Setting","level":"info"}
{"message":"Loading... Socket","level":"info"}
{"message":"Some One Connected :xTnzPAiJ4r8xjxzOAAAA","level":"info"}
{"message":"Some One Connected :4Gl8eGtX0VhXgD_oAAAB","level":"info"}
{"message":"<=> gameCount|| 22","level":"info"}
{"message":"Some One Connected :Obc4WJJC8WVoUta8AAAC","level":"info"}
{"message":"Some One Connected :RXHiHFha5OzX0VSkAAAD","level":"info"}
{"message":"Initializing Server...","level":"info"}
{"message":"Loading... App Controllers","level":"info"}
{"message":"Loading... App Middlewares","level":"info"}
{"message":"Loading... App Models","level":"info"}
{"message":"Loading... App Services","level":"info"}
{"message":"Loading... Game Server.","level":"info"}
{"message":"Loading... Router","level":"info"}
{"message":"Initializing Variables","level":"info"}
{"message":"Loading... DB Connection","level":"info"}
{"message":"Mongoose default connection open to mongodb://127.0.0.1:27017/maangPatta","level":"info"}
{"message":"Loading... Setting","level":"info"}
{"message":"Loading... Socket","level":"info"}
{"message":"Initializing Server...","level":"info"}
{"message":"Loading... App Controllers","level":"info"}
{"message":"Loading... App Middlewares","level":"info"}
{"message":"Loading... App Models","level":"info"}
{"message":"Loading... App Services","level":"info"}
{"message":"Loading... Game Server.","level":"info"}
{"message":"Loading... Router","level":"info"}
{"message":"Initializing Variables","level":"info"}
{"message":"Loading... DB Connection","level":"info"}
{"message":"Mongoose default connection open to mongodb://127.0.0.1:27017/maangPatta","level":"info"}
{"message":"Loading... Setting","level":"info"}
{"message":"Loading... Socket","level":"info"}
{"message":"Initializing Server...","level":"info"}
{"message":"Loading... App Controllers","level":"info"}
{"message":"Loading... App Middlewares","level":"info"}
{"message":"Loading... App Models","level":"info"}
{"message":"Loading... App Services","level":"info"}
{"message":"Loading... Game Server.","level":"info"}
{"message":"Loading... Router","level":"info"}
{"message":"Initializing Variables","level":"info"}
{"message":"Loading... DB Connection","level":"info"}
{"message":"Mongoose default connection open to mongodb://127.0.0.1:27017/maangPatta","level":"info"}
{"message":"Loading... Setting","level":"info"}
{"message":"Loading... Socket","level":"info"}
{"message":"Initializing Server...","level":"info"}
{"message":"Loading... App Controllers","level":"info"}
{"message":"Loading... App Middlewares","level":"info"}
{"message":"Loading... App Models","level":"info"}
{"message":"Loading... App Services","level":"info"}
{"message":"Loading... Game Server.","level":"info"}
{"message":"Loading... Router","level":"info"}
{"message":"Initializing Variables","level":"info"}
{"message":"Loading... DB Connection","level":"info"}
{"message":"Mongoose default connection open to mongodb://127.0.0.1:27017/maangPatta","level":"info"}
{"message":"Loading... Setting","level":"info"}
{"message":"Loading... Socket","level":"info"}
{"message":"Some One Connected :qL-2Ngs0lWl6CiL2AAAA","level":"info"}
{"message":"Some One Connected :N_kmtW1urFBr7jSwAAAB","level":"info"}
{"message":"<=> gameCount|| 23","level":"info"}
{"message":"Some One Connected :XCwxoY8xNNTKy-zvAAAC","level":"info"}
{"message":"Some One Connected :Ca7EcAVGiHkMdjD-AAAD","level":"info"}
{"message":"Some One Connected :P64p7Mjn_YTTtvfTAAAE","level":"info"}
{"message":"Initializing Server...","level":"info"}
{"message":"Loading... App Controllers","level":"info"}
{"message":"Loading... App Middlewares","level":"info"}
{"message":"Loading... App Models","level":"info"}
{"message":"Loading... App Services","level":"info"}
{"message":"Loading... Game Server.","level":"info"}
{"message":"Loading... Router","level":"info"}
{"message":"Initializing Variables","level":"info"}
{"message":"Loading... DB Connection","level":"info"}
{"message":"Mongoose default connection open to mongodb://127.0.0.1:27017/maangPatta","level":"info"}
{"message":"Loading... Setting","level":"info"}
{"message":"Loading... Socket","level":"info"}
{"message":"Some One Connected :UxjGM1DYFGetGSdNAAAA","level":"info"}
{"message":"Some One Connected :w6KBbNS7r7OGMXzGAAAB","level":"info"}
{"message":"Some One Connected :__sIxBZ1_cBxn8sVAAAC","level":"info"}
{"message":"<=> gameCount|| 24","level":"info"}
{"message":"Some One Connected :D-yTlaXX2EaQocfEAAAD","level":"info"}
{"message":"Some One Connected :Ssa08le5g_-c5_wbAAAE","level":"info"}
{"message":"Some One Connected :Q3SFPkBcn5bo9tm1AAAF","level":"info"}
{"message":"Initializing Server...","level":"info"}
{"message":"Loading... App Controllers","level":"info"}
{"message":"Loading... App Middlewares","level":"info"}
{"message":"Loading... App Models","level":"info"}
{"message":"Loading... App Services","level":"info"}
{"message":"Loading... Game Server.","level":"info"}
{"message":"Loading... Router","level":"info"}
{"message":"Initializing Variables","level":"info"}
{"message":"Loading... DB Connection","level":"info"}
{"message":"Mongoose default connection open to mongodb://127.0.0.1:27017/maangPatta","level":"info"}
{"message":"Loading... Setting","level":"info"}
{"message":"Loading... Socket","level":"info"}
{"message":"Some One Connected :qjJ00dprhpc-7X4pAAAA","level":"info"}
{"message":"Initializing Server...","level":"info"}
{"message":"Loading... App Controllers","level":"info"}
{"message":"Loading... App Middlewares","level":"info"}
{"message":"Loading... App Models","level":"info"}
{"message":"Loading... App Services","level":"info"}
{"message":"Loading... Game Server.","level":"info"}
{"message":"Loading... Router","level":"info"}
{"message":"Initializing Variables","level":"info"}
{"message":"Loading... DB Connection","level":"info"}
{"message":"Mongoose default connection open to mongodb://127.0.0.1:27017/maangPatta","level":"info"}
{"message":"Loading... Setting","level":"info"}
{"message":"Loading... Socket","level":"info"}
{"message":"Some One Connected :j5-HuuUV2MB7sdk0AAAA","level":"info"}
{"message":"Some One Connected :P2ZRQuC_47MBEirmAAAB","level":"info"}
{"message":"Some One Connected :fEGns8ndONwISIhUAAAC","level":"info"}
{"message":"<=> gameCount|| 25","level":"info"}
{"message":"Some One Connected :QIa2B5OuzCh5gFAsAAAD","level":"info"}
{"message":"Some One Connected :BOateKLejWUsbB5eAAAE","level":"info"}
{"message":"Some One Connected :b5jMqUQvVLFuMdTaAAAF","level":"info"}
{"message":"<=> gameCount|| 26","level":"info"}
{"message":"Some One Connected :Ns2Y58khjVgV5octAAAG","level":"info"}
{"message":"Some One Connected :VNSjAlZ6p0qfNQcKAAAH","level":"info"}
{"message":"Some One Connected :1wUuyhE0MIrv59qWAAAI","level":"info"}
{"message":"Some One Connected :LwXfsK0GUFOaHQA4AAAJ","level":"info"}
{"message":"<=> gameCount|| 27","level":"info"}
{"message":"Some One Connected :HIFwmsd6Hrt6yc03AAAK","level":"info"}
{"message":"Some One Connected :NUWjNpl_X7NjjepoAAAL","level":"info"}
