{"message":"Initializing Server...","level":"info"}
{"message":"Loading... App Controllers","level":"info"}
{"message":"Loading... App Middlewares","level":"info"}
{"message":"Loading... App Models","level":"info"}
{"message":"Loading... App Services","level":"info"}
{"message":"Loading... Game Server.","level":"info"}
{"message":"Loading... Router","level":"info"}
{"message":"Initializing Variables","level":"info"}
{"message":"Loading... DB Connection","level":"info"}
{"message":"Mongoose default connection open to mongodb://127.0.0.1:27017/maangPatta","level":"info"}
{"message":"Loading... Setting","level":"info"}
{"message":"Loading... Socket","level":"info"}
{"message":"Mongoose default connection disconnected","level":"info"}
{"message":"Mongoose default connection disconnected through app termination","level":"info"}
{"message":"Initializing Server...","level":"info"}
{"message":"Loading... App Controllers","level":"info"}
{"message":"Loading... App Middlewares","level":"info"}
{"message":"Loading... App Models","level":"info"}
{"message":"Loading... App Services","level":"info"}
{"message":"Loading... Game Server.","level":"info"}
{"message":"Loading... Router","level":"info"}
{"message":"Initializing Variables","level":"info"}
{"message":"Loading... DB Connection","level":"info"}
{"message":"Mongoose default connection open to mongodb://127.0.0.1:27017/maangPatta","level":"info"}
{"message":"Loading... Setting","level":"info"}
{"message":"Loading... Socket","level":"info"}
{"message":"Some One Connected :zf8oEXHZZsCygeT3AAAA","level":"info"}
{"message":"Some One Connected :2LzXTcjNP6hK5UIpAAAB","level":"info"}
{"message":"Initializing Server...","level":"info"}
{"message":"Loading... App Controllers","level":"info"}
{"message":"Loading... App Middlewares","level":"info"}
{"message":"Loading... App Models","level":"info"}
{"message":"Loading... App Services","level":"info"}
{"message":"Loading... Game Server.","level":"info"}
{"message":"Loading... Router","level":"info"}
{"message":"Initializing Variables","level":"info"}
{"message":"Loading... DB Connection","level":"info"}
{"message":"Mongoose default connection open to mongodb://127.0.0.1:27017/maangPatta","level":"info"}
{"message":"Loading... Setting","level":"info"}
{"message":"Loading... Socket","level":"info"}
{"message":"Some One Connected :GCEl1-LI0ueHqezEAAAA","level":"info"}
{"message":"Some One Connected :SS-F6cvMQmmBRQ-OAAAB","level":"info"}
{"message":"<=> gameCount|| 11","level":"info"}
{"message":"Initializing Server...","level":"info"}
{"message":"Loading... App Controllers","level":"info"}
{"message":"Loading... App Middlewares","level":"info"}
{"message":"Loading... App Models","level":"info"}
{"message":"Loading... App Services","level":"info"}
{"message":"Loading... Game Server.","level":"info"}
{"message":"Loading... Router","level":"info"}
{"message":"Initializing Variables","level":"info"}
{"message":"Loading... DB Connection","level":"info"}
{"message":"Mongoose default connection open to mongodb://127.0.0.1:27017/maangPatta","level":"info"}
{"message":"Loading... Setting","level":"info"}
{"message":"Loading... Socket","level":"info"}
{"message":"Some One Connected :FDg9qzO3AGOMO_2YAAAA","level":"info"}
{"message":"Some One Connected :gyc0rfQEh8Y4-63MAAAB","level":"info"}
{"message":"Some One Connected :Zc16HPeGTNcIGKMcAAAC","level":"info"}
{"message":"<=> gameCount|| 12","level":"info"}
{"message":"Initializing Server...","level":"info"}
{"message":"Loading... App Controllers","level":"info"}
{"message":"Loading... App Middlewares","level":"info"}
{"message":"Loading... App Models","level":"info"}
{"message":"Loading... App Services","level":"info"}
{"message":"Loading... Game Server.","level":"info"}
{"message":"Loading... Router","level":"info"}
{"message":"Initializing Variables","level":"info"}
{"message":"Loading... DB Connection","level":"info"}
{"message":"Mongoose default connection open to mongodb://127.0.0.1:27017/maangPatta","level":"info"}
{"message":"Loading... Setting","level":"info"}
{"message":"Loading... Socket","level":"info"}
{"message":"Initializing Server...","level":"info"}
{"message":"Loading... App Controllers","level":"info"}
{"message":"Loading... App Middlewares","level":"info"}
{"message":"Loading... App Models","level":"info"}
{"message":"Loading... App Services","level":"info"}
{"message":"Loading... Game Server.","level":"info"}
{"message":"Loading... Router","level":"info"}
{"message":"Initializing Variables","level":"info"}
{"message":"Loading... DB Connection","level":"info"}
{"message":"Mongoose default connection open to mongodb://127.0.0.1:27017/maangPatta","level":"info"}
{"message":"Loading... Setting","level":"info"}
{"message":"Loading... Socket","level":"info"}
{"message":"Some One Connected :eQmGe6yYizENHGwjAAAA","level":"info"}
{"message":"Some One Connected :wp9kFm08hBgY9sYnAAAB","level":"info"}
{"message":"Some One Connected :Mty60K7IXvIijdQwAAAC","level":"info"}
{"message":"<=> gameCount|| 13","level":"info"}
{"message":"<=> gameCount|| 14","level":"info"}
{"message":"<=> gameCount|| 15","level":"info"}
{"message":"Some One Connected :k6w8O05pGcZAodQBAAAD","level":"info"}
{"message":"Some One Connected :b5AMWRPT-QqQ5r2dAAAE","level":"info"}
{"message":"Some One Connected :ITDeRX00CwZ3B5vxAAAF","level":"info"}
{"message":"Some One Connected :pW2D1VfQibfFd8GVAAAG","level":"info"}
{"message":"Initializing Server...","level":"info"}
{"message":"Loading... App Controllers","level":"info"}
{"message":"Loading... App Middlewares","level":"info"}
{"message":"Loading... App Models","level":"info"}
{"message":"Loading... App Services","level":"info"}
{"message":"Loading... Game Server.","level":"info"}
{"message":"Loading... Router","level":"info"}
{"message":"Initializing Variables","level":"info"}
{"message":"Loading... DB Connection","level":"info"}
{"message":"Mongoose default connection open to mongodb://127.0.0.1:27017/maangPatta","level":"info"}
{"message":"Loading... Setting","level":"info"}
{"message":"Loading... Socket","level":"info"}
{"message":"Some One Connected :xLZQrfbHp-43ZPEBAAAA","level":"info"}
{"message":"Some One Connected :-wwTgx9gsdxFlaB5AAAB","level":"info"}
{"message":"<=> gameCount|| 16","level":"info"}
{"message":"Some One Connected :qMQiZ0ppxh4tmgGiAAAC","level":"info"}
{"message":"Some One Connected :UH0fd4DyjeSt7k_zAAAD","level":"info"}
{"message":"Some One Connected :5Gd1jW2wGvhjswsAAAAE","level":"info"}
{"message":"Some One Connected :33fMR9bDT04mYlhCAAAF","level":"info"}
{"message":"Some One Connected :jt5IRFXiC9brBhZxAAAG","level":"info"}
{"message":"Some One Connected :ihjpFoP2_-5cgcC9AAAH","level":"info"}
