{"message":"Initializing Server...","level":"info"}
{"message":"Loading... App Controllers","level":"info"}
{"message":"Loading... App Middlewares","level":"info"}
{"message":"Loading... App Models","level":"info"}
{"message":"Loading... App Services","level":"info"}
{"message":"Loading... Game Server.","level":"info"}
{"message":"Loading... Router","level":"info"}
{"message":"Initializing Variables","level":"info"}
{"message":"Loading... DB Connection","level":"info"}
{"message":"Mongoose default connection open to mongodb://127.0.0.1:27017/maangPatta","level":"info"}
{"message":"Loading... Setting","level":"info"}
{"message":"Loading... Socket","level":"info"}
{"message":"Initializing Server...","level":"info"}
{"message":"Loading... App Controllers","level":"info"}
{"message":"Loading... App Middlewares","level":"info"}
{"message":"Loading... App Models","level":"info"}
{"message":"Loading... App Services","level":"info"}
{"message":"Loading... Game Server.","level":"info"}
{"message":"Loading... Router","level":"info"}
{"message":"Initializing Variables","level":"info"}
{"message":"Loading... DB Connection","level":"info"}
{"message":"Mongoose default connection open to mongodb://127.0.0.1:27017/maangPatta","level":"info"}
{"message":"Loading... Setting","level":"info"}
{"message":"Loading... Socket","level":"info"}
{"message":"Some One Connected :U8x_VnHMNFkacchAAAAA","level":"info"}
{"message":"Initializing Server...","level":"info"}
{"message":"Loading... App Controllers","level":"info"}
{"message":"Loading... App Middlewares","level":"info"}
{"message":"Loading... App Models","level":"info"}
{"message":"Loading... App Services","level":"info"}
{"message":"Loading... Game Server.","level":"info"}
{"message":"Loading... Router","level":"info"}
{"message":"Initializing Variables","level":"info"}
{"message":"Loading... DB Connection","level":"info"}
{"message":"Mongoose default connection open to mongodb://127.0.0.1:27017/maangPatta","level":"info"}
{"message":"Loading... Setting","level":"info"}
{"message":"Loading... Socket","level":"info"}
{"message":"Some One Connected :iUpIV94foBIr7s2HAAAA","level":"info"}
{"message":"Initializing Server...","level":"info"}
{"message":"Loading... App Controllers","level":"info"}
{"message":"Loading... App Middlewares","level":"info"}
{"message":"Loading... App Models","level":"info"}
{"message":"Loading... App Services","level":"info"}
{"message":"Loading... Game Server.","level":"info"}
{"message":"Loading... Router","level":"info"}
{"message":"Initializing Variables","level":"info"}
{"message":"Loading... DB Connection","level":"info"}
{"message":"Mongoose default connection open to mongodb://127.0.0.1:27017/maangPatta","level":"info"}
{"message":"Loading... Setting","level":"info"}
{"message":"Loading... Socket","level":"info"}
{"message":"Some One Connected :xMaSbXhZlNqlRW0WAAAA","level":"info"}
{"message":"Initializing Server...","level":"info"}
{"message":"Loading... App Controllers","level":"info"}
{"message":"Loading... App Middlewares","level":"info"}
{"message":"Loading... App Models","level":"info"}
{"message":"Loading... App Services","level":"info"}
{"message":"Loading... Game Server.","level":"info"}
{"message":"Loading... Router","level":"info"}
{"message":"Initializing Variables","level":"info"}
{"message":"Loading... DB Connection","level":"info"}
{"message":"Mongoose default connection open to mongodb://127.0.0.1:27017/maangPatta","level":"info"}
{"message":"Loading... Setting","level":"info"}
{"message":"Loading... Socket","level":"info"}
{"message":"Some One Connected :y0FGSQA3CboQ3CRTAAAA","level":"info"}
{"message":"Initializing Server...","level":"info"}
{"message":"Loading... App Controllers","level":"info"}
{"message":"Loading... App Middlewares","level":"info"}
{"message":"Loading... App Models","level":"info"}
{"message":"Loading... App Services","level":"info"}
{"message":"Loading... Game Server.","level":"info"}
{"message":"Loading... Router","level":"info"}
{"message":"Initializing Variables","level":"info"}
{"message":"Loading... DB Connection","level":"info"}
{"message":"Mongoose default connection open to mongodb://127.0.0.1:27017/maangPatta","level":"info"}
{"message":"Loading... Setting","level":"info"}
{"message":"Loading... Socket","level":"info"}
{"message":"Some One Connected :6dYAmPpXDnUSDhXnAAAA","level":"info"}
{"message":"Initializing Server...","level":"info"}
{"message":"Loading... App Controllers","level":"info"}
{"message":"Loading... App Middlewares","level":"info"}
{"message":"Loading... App Models","level":"info"}
{"message":"Loading... App Services","level":"info"}
{"message":"Loading... Game Server.","level":"info"}
{"message":"Loading... Router","level":"info"}
{"message":"Initializing Variables","level":"info"}
{"message":"Loading... DB Connection","level":"info"}
{"message":"Mongoose default connection open to mongodb://127.0.0.1:27017/maangPatta","level":"info"}
{"message":"Loading... Setting","level":"info"}
{"message":"Loading... Socket","level":"info"}
{"message":"Some One Connected :zLtQrAYv6VCcW3MaAAAA","level":"info"}
{"message":"Initializing Server...","level":"info"}
{"message":"Loading... App Controllers","level":"info"}
{"message":"Loading... App Middlewares","level":"info"}
{"message":"Loading... App Models","level":"info"}
{"message":"Loading... App Services","level":"info"}
{"message":"Loading... Game Server.","level":"info"}
{"message":"Loading... Router","level":"info"}
{"message":"Initializing Variables","level":"info"}
{"message":"Loading... DB Connection","level":"info"}
{"message":"Mongoose default connection open to mongodb://127.0.0.1:27017/maangPatta","level":"info"}
{"message":"Loading... Setting","level":"info"}
{"message":"Loading... Socket","level":"info"}
{"message":"Initializing Server...","level":"info"}
{"message":"Loading... App Controllers","level":"info"}
{"message":"Loading... App Middlewares","level":"info"}
{"message":"Loading... App Models","level":"info"}
{"message":"Loading... App Services","level":"info"}
{"message":"Loading... Game Server.","level":"info"}
{"message":"Loading... Router","level":"info"}
{"message":"Initializing Variables","level":"info"}
{"message":"Loading... DB Connection","level":"info"}
{"message":"Mongoose default connection open to mongodb://127.0.0.1:27017/maangPatta","level":"info"}
{"message":"Loading... Setting","level":"info"}
{"message":"Loading... Socket","level":"info"}
{"message":"Some One Connected :fua1zIBB7WeiHZgiAAAA","level":"info"}
{"message":"Initializing Server...","level":"info"}
{"message":"Loading... App Controllers","level":"info"}
{"message":"Loading... App Middlewares","level":"info"}
{"message":"Loading... App Models","level":"info"}
{"message":"Loading... App Services","level":"info"}
{"message":"Loading... Game Server.","level":"info"}
{"message":"Loading... Router","level":"info"}
{"message":"Initializing Variables","level":"info"}
{"message":"Loading... DB Connection","level":"info"}
{"message":"Mongoose default connection open to mongodb://127.0.0.1:27017/maangPatta","level":"info"}
{"message":"Loading... Setting","level":"info"}
{"message":"Loading... Socket","level":"info"}
{"message":"Some One Connected :ZfANVh_AxHbKsg_ZAAAA","level":"info"}
{"message":"Initializing Server...","level":"info"}
{"message":"Loading... App Controllers","level":"info"}
{"message":"Loading... App Middlewares","level":"info"}
{"message":"Loading... App Models","level":"info"}
{"message":"Loading... App Services","level":"info"}
{"message":"Loading... Game Server.","level":"info"}
{"message":"Loading... Router","level":"info"}
{"message":"Initializing Variables","level":"info"}
{"message":"Loading... DB Connection","level":"info"}
{"message":"Mongoose default connection open to mongodb://127.0.0.1:27017/maangPatta","level":"info"}
{"message":"Loading... Setting","level":"info"}
{"message":"Loading... Socket","level":"info"}
{"message":"Some One Connected :wWJuTz3UQAkBtLV2AAAA","level":"info"}
{"message":"Initializing Server...","level":"info"}
{"message":"Loading... App Controllers","level":"info"}
{"message":"Loading... App Middlewares","level":"info"}
{"message":"Loading... App Models","level":"info"}
{"message":"Loading... App Services","level":"info"}
{"message":"Loading... Game Server.","level":"info"}
{"message":"Loading... Router","level":"info"}
{"message":"Initializing Variables","level":"info"}
{"message":"Loading... DB Connection","level":"info"}
{"message":"Mongoose default connection open to mongodb://127.0.0.1:27017/maangPatta","level":"info"}
{"message":"Loading... Setting","level":"info"}
{"message":"Loading... Socket","level":"info"}
{"message":"Some One Connected :h9aAGe605pe4SrD1AAAA","level":"info"}
{"message":"Initializing Server...","level":"info"}
{"message":"Loading... App Controllers","level":"info"}
{"message":"Loading... App Middlewares","level":"info"}
{"message":"Loading... App Models","level":"info"}
{"message":"Loading... App Services","level":"info"}
{"message":"Loading... Game Server.","level":"info"}
{"message":"Loading... Router","level":"info"}
{"message":"Initializing Variables","level":"info"}
{"message":"Loading... DB Connection","level":"info"}
{"message":"Mongoose default connection open to mongodb://127.0.0.1:27017/maangPatta","level":"info"}
{"message":"Loading... Setting","level":"info"}
{"message":"Loading... Socket","level":"info"}
{"message":"Some One Connected :HfcPtyqy1b2e662hAAAA","level":"info"}
{"message":"Initializing Server...","level":"info"}
{"message":"Loading... App Controllers","level":"info"}
{"message":"Loading... App Middlewares","level":"info"}
{"message":"Loading... App Models","level":"info"}
{"message":"Loading... App Services","level":"info"}
{"message":"Loading... Game Server.","level":"info"}
{"message":"Loading... Router","level":"info"}
{"message":"Initializing Variables","level":"info"}
{"message":"Loading... DB Connection","level":"info"}
{"message":"Mongoose default connection open to mongodb://127.0.0.1:27017/maangPatta","level":"info"}
{"message":"Loading... Setting","level":"info"}
{"message":"Loading... Socket","level":"info"}
{"message":"Some One Connected :x3AZOKmX7FupIUNuAAAA","level":"info"}
{"message":"Initializing Server...","level":"info"}
{"message":"Loading... App Controllers","level":"info"}
{"message":"Loading... App Middlewares","level":"info"}
{"message":"Loading... App Models","level":"info"}
{"message":"Loading... App Services","level":"info"}
{"message":"Loading... Game Server.","level":"info"}
{"message":"Loading... Router","level":"info"}
{"message":"Initializing Variables","level":"info"}
{"message":"Loading... DB Connection","level":"info"}
{"message":"Mongoose default connection open to mongodb://127.0.0.1:27017/maangPatta","level":"info"}
{"message":"Loading... Setting","level":"info"}
{"message":"Loading... Socket","level":"info"}
{"message":"Some One Connected :lRRfi-rtb6VaVScfAAAA","level":"info"}
{"message":"Initializing Server...","level":"info"}
{"message":"Loading... App Controllers","level":"info"}
{"message":"Loading... App Middlewares","level":"info"}
{"message":"Loading... App Models","level":"info"}
{"message":"Loading... App Services","level":"info"}
{"message":"Loading... Game Server.","level":"info"}
{"message":"Loading... Router","level":"info"}
{"message":"Initializing Variables","level":"info"}
{"message":"Loading... DB Connection","level":"info"}
{"message":"Mongoose default connection open to mongodb://127.0.0.1:27017/maangPatta","level":"info"}
{"message":"Loading... Setting","level":"info"}
{"message":"Loading... Socket","level":"info"}
{"message":"Initializing Server...","level":"info"}
{"message":"Loading... App Controllers","level":"info"}
{"message":"Loading... App Middlewares","level":"info"}
{"message":"Loading... App Models","level":"info"}
{"message":"Loading... App Services","level":"info"}
{"message":"Loading... Game Server.","level":"info"}
{"message":"Loading... Router","level":"info"}
{"message":"Initializing Variables","level":"info"}
{"message":"Loading... DB Connection","level":"info"}
{"message":"Mongoose default connection open to mongodb://127.0.0.1:27017/maangPatta","level":"info"}
{"message":"Loading... Setting","level":"info"}
{"message":"Loading... Socket","level":"info"}
{"message":"Some One Connected :g8R8cUPjwTIuNBlrAAAA","level":"info"}
{"message":"Initializing Server...","level":"info"}
{"message":"Loading... App Controllers","level":"info"}
{"message":"Loading... App Middlewares","level":"info"}
{"message":"Loading... App Models","level":"info"}
{"message":"Loading... App Services","level":"info"}
{"message":"Loading... Game Server.","level":"info"}
{"message":"Loading... Router","level":"info"}
{"message":"Initializing Variables","level":"info"}
{"message":"Loading... DB Connection","level":"info"}
{"message":"Mongoose default connection open to mongodb://127.0.0.1:27017/maangPatta","level":"info"}
{"message":"Loading... Setting","level":"info"}
{"message":"Loading... Socket","level":"info"}
{"message":"Some One Connected :cqBZY6Pt-21bNQ-BAAAA","level":"info"}
{"message":"Initializing Server...","level":"info"}
{"message":"Loading... App Controllers","level":"info"}
{"message":"Loading... App Middlewares","level":"info"}
{"message":"Loading... App Models","level":"info"}
{"message":"Loading... App Services","level":"info"}
{"message":"Loading... Game Server.","level":"info"}
{"message":"Loading... Router","level":"info"}
{"message":"Initializing Variables","level":"info"}
{"message":"Loading... DB Connection","level":"info"}
{"message":"Mongoose default connection open to mongodb://127.0.0.1:27017/maangPatta","level":"info"}
{"message":"Loading... Setting","level":"info"}
{"message":"Loading... Socket","level":"info"}
{"message":"Some One Connected :LhMOmPVxtyieCXm9AAAA","level":"info"}
